
((((BOUND) ((0 0 0)) POWER (ELECT) ((0 1 0 0) (-1 0 0 0) (0 0 1 0) (0 0 0 1))
   WIRE SINK ((7 1) GROUND))
  ((BOUND) ((0 0 0)) POWER (TRANS) ((0 1 0 0) (-1 0 0 0) (0 0 1 0) (0 0 0 1))
   BOLT SOURCE ((7 2)))
  ((BOUND) ((NIL BOUND NIL)) POWER (ELECT)
   ((0 1 0 0) (-1 0 0 0) (0 0 1 0) (0 0 0 1)) WIRE SOURCE ((6 1)))
  ((BOUND) ((NIL BOUND NIL)) POWER (TRANS)
   ((0 1 0 0) (-1 0 0 0) (0 0 1 0) (0 0 0 1)) BOLT SOURCE ((6 2)))
  ((BOUND) ((NIL (GOAL-MET BOUND) NIL)) POWER (ELECT)
   ((0 1 0 0) (-1 0 0 0) (0 0 1 0) (0 0 0 1)) WIRE SOURCE ((8 0) (6 0) (1 0)))
  ((BOUND) ((0 0 0)) POWER (ELECT) ((0 1 0 0) (-1 0 0 0) (0 0 1 0) (0 0 0 1))
   WIRE SOURCE ((8 1) (7 0) (1 1)))
  ((BOUND) ((0 0 0)) POWER (ROTAT) ((0 1 0 0) (-1 0 0 0) (0 0 1 0) (0 0 0 1))
   BOLT SINK ((2 1) GROUND))
  ((BOUND) ((NIL (GOAL-MET BOUND) (GOAL-MET BOUND))) POWER (ROTAT)
   ((0 1 0 0) (-1 0 0 0) (0 0 1 0) (0 0 0 1)) SHAFT SOURCE
   ((3 1) (2 0) (1 2) (0 1)))
  ((BOUND) ((NIL BOUND (GOAL-MET BOUND))) POWER (TRANS)
   ((0 1 0 0) (-1 0 0 0) (0 0 1 0) (0 0 0 1)) GEAR-TEETH SOURCE ((4 1) (3 0)))
  ((BOUND) ((0 0 0)) POWER (TRANS) ((0 1 0 0) (-1 0 0 0) (0 0 1 0) (0 0 0 1))
   BOLT SINK ((5 0) GROUND))
  ((BOUND) ((NIL BOUND (GOAL-MET BOUND))) POWER (TRANS)
   ((0 1 0 0) (-1 0 0 0) (0 0 1 0) (0 0 0 1)) BOLT SOURCE ((9 0) (5 1) (4 0)))
  (((0 297)) ((NIL BOUND (GOAL-MET (0 0)))) POWER (TRANS)
   ((0 1 0 0) (-1 0 0 0) (0 0 1 0) (0 0 0 1)) NIL SOURCE ((9 1) GOAL))
  ((BOUND) ((NIL (GOAL-MET BOUND) (GOAL-MET (0 5)))) POWER (ROTAT)
   ((-1 0 0 1) (0 1 0 5) (0 0 -1 0) (0 0 0 1)) NIL SINK ((0 0) GOAL)))
 (((0 5) (/ (+ 0 (/ (0 297) 1786)) (/ 0.0667 2)))
  ((0 0) (+ 0 (/ (0 297) 1786))))
 (DIAL POTENTIOMETER BEARING-ROTAT GEAR RACK SPRING SOLENOID SOLENOID RESISTOR
  FOOTPAD)
 ((AGENT-ROTAT-SINK-PARALLEL-DANGLE (0.2 0.2 0.2 0.2 -0.2) ROTAT SINK PARALLEL
   DANGLE)
  (AGENT-HYDRA-SINK-PARALLEL-DANGLE (0.1 0.6 0.1 0.1 -0.1) HYDRA SINK PARALLEL
   DANGLE)
  (AGENT-TRANS-SINK-PARALLEL-CONNECT (0.2 0.2 0.2 0.2 -0.2) TRANS SINK
   PARALLEL CONNECT)
  (AGENT-HYDRA-SINK-PARALLEL-DANGLE (0.6 0.1 0.1 0.1 -0.1) HYDRA SINK PARALLEL
   DANGLE)
  (AGENT-TRANS-SINK-PARALLEL-DANGLE (0.6 0.1 0.1 0.1 -0.1) TRANS SINK PARALLEL
   DANGLE)
  (AGENT-ELECT-SOURCE-PARALLEL-GROUND (0.1 0.1 0.6 0.1 -0.1) ELECT SOURCE
   PARALLEL GROUND)
  (AGENT-ELECT-SINK-PARALLEL-DANGLE (0.6 0.1 0.1 0.1 -0.1) ELECT SINK PARALLEL
   DANGLE)
  (AGENT-ELECT-SINK-SERIES-GROUND (0.6 0.1 0.1 0.1 -0.1) ELECT SINK SERIES
   GROUND)
  (AGENT-ELECT-SINK-PARALLEL-CONNECT (0.6 0.1 0.1 0.1 -0.1) ELECT SINK
   PARALLEL CONNECT)
  (AGENT-HYDRA-SOURCE-PARALLEL-CONNECT (0.2 0.2 0.2 0.2 -0.2) HYDRA SOURCE
   PARALLEL CONNECT))
 ((IMAG-DIAL-1 (0) (1.5 0.01 0.99))
  (POT-522-162K (0.00635 358.1 0.002) (17.18 0.006 0.45))
  (BEARING-ABS-A2-19 (4.0e-4 0.00635 0.009525) (6.99 0.012 0.99))
  (GEAR-LAS-F7-168 (0.0667 0.00635 168 64) (15.69 0.035 0.98))
  (RACK-KHS-F2-142 (64 0.1778) (26.75 0.032 0.99))
  (SPRING-ERS-A1-24 (1786 0.00476 0.0254 6.6e-4) (0.78 0.008 0.98))
  (IMAG-SOLENOID-1 (0.01 1.0 0.5 0.1) (0.45 0.001 0.8))
  (IMAG-SOLENOID-1 (0.01 1.0 0.5 0.1) (0.45 0.001 0.8))
  (RESISTOR-297-7102 (22 0.5) (0.01 3.0e-6 0.4))
  (IMAG-FOOTPAD-1 (0) (1.5 0.1 0.99)))
 (AGENT-CHEAP-LOWER-MG-MOST-USED-DATUM AGENT-CHEAP-LOWER-MG-LEAST-USED-DATUM
   AGENT-CHEAP-UPPER-MG-MOST-USED-DATUM AGENT-CHEAP-UPPER-MG-MOST-USED-DATUM
   AGENT-EFFICIENT-LOWER-MG-LEAST-USED-DATUM
   AGENT-CHEAP-MIDDLE-MG-MOST-USED-DATUM AGENT-CHEAP-MIDDLE-MG-MOST-USED-DATUM
   AGENT-EFFICIENT-LOWER-MG-LEAST-USED-DATUM
   AGENT-EFFICIENT-MIDDLE-MG-LEAST-USED-DATUM
   AGENT-LIGHT-MIDDLE-MG-MOST-USED-DATUM)
 NIL (71.299995 0.20500301 6.724506e-5 25315983/2551836800)) 
((((BOUND) ((0 0 0)) POWER (ROTAT) ((-1 0 0 1) (0 1 0 5) (0 0 -1 0) (0 0 0 1))
   BOLT SINK ((2 1) GROUND))
  ((BOUND) ((NIL (GOAL-MET BOUND) (GOAL-MET BOUND))) POWER (ROTAT)
   ((-1 0 0 1) (0 1 0 5) (0 0 -1 0) (0 0 0 1)) SHAFT SOURCE
   ((4 1) (2 0) (1 0)))
  ((BOUND) ((NIL BOUND (GOAL-MET BOUND))) POWER (ROTAT)
   ((-1 0 0 1) (0 1 0 5) (0 0 -1 0) (0 0 0 1)) NIL SOURCE ((4 0) (3 0)))
  ((BOUND) ((0 0 0)) POWER (TRANS) ((-1 0 0 1) (0 1 0 5) (0 0 -1 0) (0 0 0 1))
   BOLT SINK ((6 1) GROUND))
  ((BOUND) ((NIL BOUND BOUND)) POWER (TRANS)
   ((-1 0 0 1) (0 1 0 5) (0 0 -1 0) (0 0 0 1)) GEAR-TEETH SOURCE ((7 1)))
  ((BOUND) ((NIL BOUND (GOAL-MET BOUND))) POWER (TRANS)
   ((-1 0 0 1) (0 1 0 5) (0 0 -1 0) (0 0 0 1)) BOLT SOURCE
   ((9 0) (7 0) (6 0) (5 0)))
  ((BOUND) ((NIL BOUND (GOAL-MET BOUND))) POWER (TRANS)
   ((-1 0 0 1) (0 1 0 5) (0 0 -1 0) (0 0 0 1)) GEAR-TEETH SOURCE
   ((9 1) (8 0)))
  ((BOUND) ((NIL (GOAL-MET BOUND) (GOAL-MET BOUND))) POWER (ROTAT)
   ((-1 0 0 1) (0 1 0 5) (0 0 -1 0) (0 0 0 1)) SHAFT SOURCE
   ((8 1) (3 1) (1 1) (0 1)))
  ((BOUND) ((NIL (GOAL-MET BOUND) (GOAL-MET (0 5)))) POWER (ROTAT)
   ((-1 0 0 1) (0 1 0 5) (0 0 -1 0) (0 0 0 1)) NIL SINK ((0 0) GOAL))
  (((0 297)) ((NIL BOUND (GOAL-MET (0 0)))) POWER (TRANS)
   ((0 1 0 0) (-1 0 0 0) (0 0 1 0) (0 0 0 1)) NIL SOURCE ((5 1) GOAL)))
 (((0 0) (+ 0 (/ (0 297) 1874)))
  ((0 5) (/ (+ 0 (/ (0 297) 1874)) (/ 0.0667 2))))
 (DIAL SHAFT BEARING-ROTAT DIAL DIAL FOOTPAD SPRING RACK GEAR RACK)
 ((AGENT-TRANS-SINK-SERIES-DANGLE (0.1 0.1 0.6 0.1 -0.1) TRANS SINK SERIES
   DANGLE)
  (AGENT-ELECT-SINK-SERIES-CONNECT (0.1 0.6 0.1 0.1 -0.1) ELECT SINK SERIES
   CONNECT)
  (AGENT-ROTAT-SOURCE-SERIES-GROUND (0.2 0.2 0.2 0.2 -0.2) ROTAT SOURCE SERIES
   GROUND)
  (AGENT-ROTAT-SINK-SERIES-CONNECT (0.6 0.1 0.1 0.1 -0.1) ROTAT SINK SERIES
   CONNECT)
  (AGENT-HYDRA-SOURCE-SERIES-GROUND (0.2 0.2 0.2 0.2 -0.2) HYDRA SOURCE SERIES
   GROUND)
  (AGENT-ROTAT-SOURCE-SERIES-CONNECT (0.2 0.2 0.2 0.2 -0.2) ROTAT SOURCE
   SERIES CONNECT)
  (AGENT-HYDRA-SOURCE-PARALLEL-CONNECT (0.6 0.1 0.1 0.1 -0.1) HYDRA SOURCE
   PARALLEL CONNECT)
  (AGENT-ELECT-SOURCE-SERIES-CONNECT (0.6 0.1 0.1 0.1 -0.1) ELECT SOURCE
   SERIES CONNECT)
  (AGENT-TRANS-SINK-PARALLEL-DANGLE (0.6 0.1 0.1 0.1 -0.1) TRANS SINK PARALLEL
   DANGLE)
  (AGENT-TRANS-SINK-PARALLEL-CONNECT (0.1 0.6 0.1 0.1 -0.1) TRANS SINK
   PARALLEL CONNECT))
 ((IMAG-DIAL-1 (0) (1.5 0.01 0.99))
  (SHAFT-AAS-A8-30 (0.1364 0.00635) (2.5 0.01393 0.99 5.0e-6 1.27e-4))
  (BEARING-ABS-A2-23 (2.0e-4 0.00635 0.015875) (7.21 0.03 0.99))
  (IMAG-DIAL-1 (0) (1.5 0.01 0.99)) (IMAG-DIAL-1 (0) (1.5 0.01 0.99))
  (IMAG-FOOTPAD-1 (0) (1.5 0.1 0.99))
  (SPRING-ERS-A1-26 (1874 0.00476 0.0381 7.37e-4) (0.93 0.012 0.98))
  (RACK-KHS-F2-142 (64 0.1778) (26.75 0.032 0.99))
  (GEAR-LAS-F7-168 (0.0667 0.00635 168 64) (15.69 0.035 0.98))
  (RACK-KHS-F2-142 (64 0.1778) (26.75 0.032 0.99)))
 (AGENT-LIGHT-UPPER-MG-MOST-USED-DATUM
   AGENT-EFFICIENT-UPPER-MG-MOST-USED-DATUM
   AGENT-LIGHT-UPPER-MG-MOST-USED-DATUM AGENT-LIGHT-LOWER-MG-LEAST-USED-DATUM
   AGENT-CHEAP-MIDDLE-MG-LEAST-USED-DATUM
   AGENT-EFFICIENT-UPPER-MG-LEAST-USED-DATUM
   AGENT-LIGHT-UPPER-MG-LEAST-USED-DATUM
   AGENT-EFFICIENT-UPPER-MG-LEAST-USED-DATUM
   AGENT-LIGHT-UPPER-MG-MOST-USED-DATUM AGENT-CHEAP-UPPER-MG-LEAST-USED-DATUM)
 NIL (85.83 0.28493 0.02203612 25315983/2809500800)) 
((((BOUND) ((0 0 0)) POWER (TRANS) ((0 1 0 0) (-1 0 0 0) (0 0 1 0) (0 0 0 1))
   BOLT SINK ((1 0) GROUND))
  ((BOUND) ((NIL (GOAL-MET BOUND) (GOAL-MET BOUND))) POWER (ROTAT)
   ((0 1 0 0) (-1 0 0 0) (0 0 1 0) (0 0 0 1)) SHAFT SOURCE ((3 1)))
  ((BOUND) ((0 0 0)) POWER (ROTAT) ((0 1 0 0) (-1 0 0 0) (0 0 1 0) (0 0 0 1))
   BOLT SINK ((4 1) GROUND))
  ((BOUND) ((0 0 0)) POWER (ROTAT) ((0 1 0 0) (-1 0 0 0) (0 0 1 0) (0 0 0 1))
   BOLT SINK ((5 1) GROUND))
  ((BOUND) ((NIL BOUND NIL)) POWER (ROTAT)
   ((0 1 0 0) (-1 0 0 0) (0 0 1 0) (0 0 0 1)) BOLT SOURCE ((7 1)))
  ((BOUND) ((NIL BOUND NIL)) POWER (ELECT)
   ((0 1 0 0) (-1 0 0 0) (0 0 1 0) (0 0 0 1)) WIRE SINK ((10 0)))
  ((BOUND) ((NIL BOUND NIL)) POWER (ELECT)
   ((0 1 0 0) (-1 0 0 0) (0 0 1 0) (0 0 0 1)) WIRE SINK ((10 1)))
  ((BOUND) ((NIL BOUND (GOAL-MET BOUND))) POWER (ROTAT)
   ((0 1 0 0) (-1 0 0 0) (0 0 1 0) (0 0 0 1)) SHAFT SINK ((10 2) (9 1)))
  ((BOUND) ((NIL BOUND (GOAL-MET BOUND))) POWER (ROTAT)
   ((0 1 0 0) (-1 0 0 0) (0 0 1 0) (0 0 0 1)) NIL SOURCE ((9 0) (8 0)))
  ((BOUND) ((NIL (GOAL-MET BOUND) (GOAL-MET BOUND))) POWER (ROTAT)
   ((0 1 0 0) (-1 0 0 0) (0 0 1 0) (0 0 0 1)) SHAFT SOURCE
   ((8 1) (7 0) (6 1) (5 0) (4 0) (3 0) (2 1)))
  ((BOUND) ((NIL BOUND (GOAL-MET BOUND))) POWER (TRANS)
   ((0 1 0 0) (-1 0 0 0) (0 0 1 0) (0 0 0 1)) NIL SOURCE ((11 0) (6 0)))
  ((BOUND) ((NIL BOUND (GOAL-MET BOUND))) POWER (TRANS)
   ((0 1 0 0) (-1 0 0 0) (0 0 1 0) (0 0 0 1)) BOLT SOURCE
   ((11 1) (1 1) (0 0)))
  (((0 297)) ((NIL BOUND (GOAL-MET (0 0)))) POWER (TRANS)
   ((0 1 0 0) (-1 0 0 0) (0 0 1 0) (0 0 0 1)) NIL SOURCE ((0 1) GOAL))
  ((BOUND) ((NIL (GOAL-MET BOUND) (GOAL-MET (0 5)))) POWER (ROTAT)
   ((-1 0 0 1) (0 1 0 5) (0 0 -1 0) (0 0 0 1)) NIL SINK ((2 0) GOAL)))
 (((0 5) (/ (+ 0 (/ (0 297) 753.1)) (/ 0.0127 2)))
  ((0 0) (+ 0 (/ (0 297) 753.1))))
 (FOOTPAD SPRING DIAL SHAFT BEARING-ROTAT BEARING-ROTAT PULLEY BEARING-ROTAT
  DIAL DIAL POTENTIOMETER BELT)
 ((AGENT-ELECT-SOURCE-SERIES-CONNECT (0.6 0.1 0.1 0.1 -0.1) ELECT SOURCE
   SERIES CONNECT)
  (AGENT-ELECT-SINK-PARALLEL-CONNECT (0.1 0.1 0.6 0.1 -0.1) ELECT SINK
   PARALLEL CONNECT)
  (AGENT-ELECT-SOURCE-SERIES-CONNECT (0.1 0.1 0.6 0.1 -0.1) ELECT SOURCE
   SERIES CONNECT)
  (AGENT-TRANS-SOURCE-PARALLEL-CONNECT (0.1 0.1 0.6 0.1 -0.1) TRANS SOURCE
   PARALLEL CONNECT)
  (AGENT-TRANS-SINK-PARALLEL-DANGLE (0.1 0.1 0.6 0.1 -0.1) TRANS SINK PARALLEL
   DANGLE)
  (AGENT-ELECT-SINK-PARALLEL-GROUND (0.1 0.1 0.6 0.1 -0.1) ELECT SINK PARALLEL
   GROUND)
  (AGENT-ROTAT-SOURCE-PARALLEL-DANGLE (0.6 0.1 0.1 0.1 -0.1) ROTAT SOURCE
   PARALLEL DANGLE)
  (AGENT-ELECT-SINK-PARALLEL-DANGLE (0.6 0.1 0.1 0.1 -0.1) ELECT SINK PARALLEL
   DANGLE)
  (AGENT-ELECT-SINK-PARALLEL-DANGLE (0.6 0.1 0.1 0.1 -0.1) ELECT SINK PARALLEL
   DANGLE)
  (AGENT-ELECT-SOURCE-SERIES-DANGLE (0.6 0.1 0.1 0.1 -0.1) ELECT SOURCE SERIES
   DANGLE)
  (AGENT-ROTAT-SOURCE-SERIES-DANGLE (0.6 0.1 0.1 0.1 -0.1) ROTAT SOURCE SERIES
   DANGLE)
  (AGENT-TRANS-SINK-PARALLEL-CONNECT (0.2 0.2 0.2 0.2 -0.2) TRANS SINK
   PARALLEL CONNECT))
 ((IMAG-FOOTPAD-1 (0) (1.5 0.1 0.99))
  (SPRING-ERS-A1-1 (753.1 0.00158 0.00635 2.03e-4) (0.89 0.002 0.98))
  (IMAG-DIAL-1 (0) (1.5 0.01 0.99))
  (SHAFT-AAS-A8-20 (0.0856 0.00635) (2.25 0.01393 0.99 5.0e-6 1.27e-4))
  (BEARING-ABS-A2-21 (3.0e-4 0.00635 0.0127) (6.47 0.02 0.99))
  (BEARING-ABS-A2-23 (2.0e-4 0.00635 0.015875) (7.21 0.03 0.99))
  (PULLEY-FBS-A1-11 (0.0127 0.00635 0.00318)
   (4.47 0.004 0.99 5.08e-5 1.27e-5))
  (BEARING-ABS-A2-19 (4.0e-4 0.00635 0.009525) (6.99 0.012 0.99))
  (IMAG-DIAL-1 (0) (1.5 0.01 0.99)) (IMAG-DIAL-1 (0) (1.5 0.01 0.99))
  (POT-522-161K (0.00635 179.05 0.002) (17.18 0.006 0.45))
  (BELT-FAM-A1-11 (0.798 0.00318) (4.22 0.011 0.97)))
 (AGENT-CHEAP-MIDDLE-MG-MOST-USED-DATUM AGENT-LIGHT-LOWER-MG-MOST-USED-DATUM
   AGENT-CHEAP-LOWER-MG-LEAST-USED-DATUM AGENT-LIGHT-UPPER-MG-MOST-USED-DATUM
   AGENT-LIGHT-LOWER-MG-LEAST-USED-DATUM
   AGENT-EFFICIENT-LOWER-MG-MOST-USED-DATUM
   AGENT-CHEAP-MIDDLE-MG-LEAST-USED-DATUM
   AGENT-EFFICIENT-UPPER-MG-MOST-USED-DATUM
   AGENT-EFFICIENT-MIDDLE-MG-LEAST-USED-DATUM
   AGENT-CHEAP-MIDDLE-MG-MOST-USED-DATUM AGENT-LIGHT-MIDDLE-MG-MOST-USED-DATUM
   AGENT-LIGHT-UPPER-MG-LEAST-USED-DATUM)
 NIL (55.68 0.22893 1169.8977 0.05579555)) 
((((BOUND) ((0 0 0)) POWER (TRANS) ((0 1 0 0) (-1 0 0 0) (0 0 1 0) (0 0 0 1))
   BOLT SINK ((1 0) GROUND))
  ((BOUND) ((NIL (GOAL-MET BOUND) (GOAL-MET BOUND))) POWER (ROTAT)
   ((0 1 0 0) (-1 0 0 0) (0 0 1 0) (0 0 0 1)) SHAFT SOURCE ((3 1)))
  ((BOUND) ((0 0 0)) POWER (ROTAT) ((0 1 0 0) (-1 0 0 0) (0 0 1 0) (0 0 0 1))
   BOLT SINK ((4 1) GROUND))
  ((BOUND) ((0 0 0)) POWER (ROTAT) ((0 1 0 0) (-1 0 0 0) (0 0 1 0) (0 0 0 1))
   BOLT SINK ((5 1) GROUND))
  ((BOUND) ((NIL BOUND NIL)) POWER (ROTAT)
   ((0 1 0 0) (-1 0 0 0) (0 0 1 0) (0 0 0 1)) BOLT SOURCE ((7 1)))
  ((BOUND) ((NIL BOUND NIL)) POWER (ELECT)
   ((0 1 0 0) (-1 0 0 0) (0 0 1 0) (0 0 0 1)) WIRE SINK ((10 0)))
  ((BOUND) ((NIL BOUND NIL)) POWER (ELECT)
   ((0 1 0 0) (-1 0 0 0) (0 0 1 0) (0 0 0 1)) WIRE SINK ((10 1)))
  ((BOUND) ((NIL BOUND (GOAL-MET BOUND))) POWER (ROTAT)
   ((0 1 0 0) (-1 0 0 0) (0 0 1 0) (0 0 0 1)) SHAFT SINK ((10 2) (9 1)))
  ((BOUND) ((NIL BOUND (GOAL-MET BOUND))) POWER (ROTAT)
   ((0 1 0 0) (-1 0 0 0) (0 0 1 0) (0 0 0 1)) NIL SOURCE ((9 0) (8 0)))
  ((BOUND) ((NIL (GOAL-MET BOUND) (GOAL-MET BOUND))) POWER (ROTAT)
   ((0 1 0 0) (-1 0 0 0) (0 0 1 0) (0 0 0 1)) SHAFT SOURCE
   ((8 1) (7 0) (6 1) (5 0) (4 0) (3 0) (2 1)))
  ((BOUND) ((NIL BOUND (GOAL-MET BOUND))) POWER (TRANS)
   ((0 1 0 0) (-1 0 0 0) (0 0 1 0) (0 0 0 1)) NIL SOURCE ((11 0) (6 0)))
  ((BOUND) ((NIL BOUND (GOAL-MET BOUND))) POWER (TRANS)
   ((0 1 0 0) (-1 0 0 0) (0 0 1 0) (0 0 0 1)) BOLT SOURCE
   ((11 1) (1 1) (0 0)))
  (((0 297)) ((NIL BOUND (GOAL-MET (0 0)))) POWER (TRANS)
   ((0 1 0 0) (-1 0 0 0) (0 0 1 0) (0 0 0 1)) NIL SOURCE ((0 1) GOAL))
  ((BOUND) ((NIL (GOAL-MET BOUND) (GOAL-MET (0 5)))) POWER (ROTAT)
   ((-1 0 0 1) (0 1 0 5) (0 0 -1 0) (0 0 0 1)) NIL SINK ((2 0) GOAL)))
 (((0 5) (/ (+ 0 (/ (0 297) 753.1)) (/ 0.0127 2)))
  ((0 0) (+ 0 (/ (0 297) 753.1))))
 (FOOTPAD SPRING DIAL SHAFT BEARING-ROTAT BEARING-ROTAT PULLEY BEARING-ROTAT
  DIAL DIAL POTENTIOMETER BELT)
 ((AGENT-ELECT-SOURCE-SERIES-CONNECT (0.6 0.1 0.1 0.1 -0.1) ELECT SOURCE
   SERIES CONNECT)
  (AGENT-ELECT-SINK-PARALLEL-CONNECT (0.1 0.1 0.6 0.1 -0.1) ELECT SINK
   PARALLEL CONNECT)
  (AGENT-ELECT-SOURCE-SERIES-CONNECT (0.1 0.1 0.6 0.1 -0.1) ELECT SOURCE
   SERIES CONNECT)
  (AGENT-TRANS-SOURCE-PARALLEL-CONNECT (0.1 0.1 0.6 0.1 -0.1) TRANS SOURCE
   PARALLEL CONNECT)
  (AGENT-TRANS-SINK-PARALLEL-DANGLE (0.1 0.1 0.6 0.1 -0.1) TRANS SINK PARALLEL
   DANGLE)
  (AGENT-ELECT-SINK-PARALLEL-GROUND (0.1 0.1 0.6 0.1 -0.1) ELECT SINK PARALLEL
   GROUND)
  (AGENT-ROTAT-SOURCE-PARALLEL-DANGLE (0.6 0.1 0.1 0.1 -0.1) ROTAT SOURCE
   PARALLEL DANGLE)
  (AGENT-ELECT-SINK-PARALLEL-DANGLE (0.6 0.1 0.1 0.1 -0.1) ELECT SINK PARALLEL
   DANGLE)
  (AGENT-ELECT-SINK-PARALLEL-DANGLE (0.6 0.1 0.1 0.1 -0.1) ELECT SINK PARALLEL
   DANGLE)
  (AGENT-ELECT-SOURCE-SERIES-DANGLE (0.6 0.1 0.1 0.1 -0.1) ELECT SOURCE SERIES
   DANGLE)
  (AGENT-ROTAT-SOURCE-SERIES-DANGLE (0.6 0.1 0.1 0.1 -0.1) ROTAT SOURCE SERIES
   DANGLE)
  (AGENT-TRANS-SINK-PARALLEL-CONNECT (0.2 0.2 0.2 0.2 -0.2) TRANS SINK
   PARALLEL CONNECT))
 ((IMAG-FOOTPAD-1 (0) (1.5 0.1 0.99))
  (SPRING-ERS-A1-3 (753.1 0.00238 0.00635 2.54e-4) (0.89 0.003 0.98))
  (IMAG-DIAL-2 (0) (3.0 0.02 0.99))
  (SHAFT-AAS-A8-10 (0.0538 0.00635) (1.98 0.01393 0.99 5.0e-6 1.27e-4))
  (BEARING-ABS-A2-23 (2.0e-4 0.00635 0.015875) (7.21 0.03 0.99))
  (BEARING-ABS-A2-19 (4.0e-4 0.00635 0.009525) (6.99 0.012 0.99))
  (PULLEY-FBS-A1-11 (0.0127 0.00635 0.00318)
   (4.47 0.004 0.99 5.08e-5 1.27e-5))
  (BEARING-ABS-A2-21 (3.0e-4 0.00635 0.0127) (6.47 0.02 0.99))
  (IMAG-DIAL-1 (0) (1.5 0.01 0.99)) (IMAG-DIAL-1 (0) (1.5 0.01 0.99))
  (POT-522-1610K (0.00635 1790.5 0.002) (17.18 0.006 0.45))
  (BELT-FAM-A1-3 (0.479 0.00318) (2.35 0.007 0.97)))
 (AGENT-CHEAP-UPPER-MG-MOST-USED-DATUM AGENT-CHEAP-LOWER-MG-MOST-USED-DATUM
   AGENT-EFFICIENT-LOWER-MG-LEAST-USED-DATUM
   AGENT-CHEAP-MIDDLE-MG-MOST-USED-DATUM
   AGENT-EFFICIENT-MIDDLE-MG-LEAST-USED-DATUM
   AGENT-EFFICIENT-LOWER-MG-LEAST-USED-DATUM
   AGENT-LIGHT-MIDDLE-MG-LEAST-USED-DATUM
   AGENT-CHEAP-MIDDLE-MG-MOST-USED-DATUM AGENT-CHEAP-LOWER-MG-MOST-USED-DATUM
   AGENT-CHEAP-MIDDLE-MG-MOST-USED-DATUM
   AGENT-EFFICIENT-UPPER-MG-MOST-USED-DATUM
   AGENT-EFFICIENT-LOWER-MG-MOST-USED-DATUM)
 NIL (55.039997 0.23592998 1169.8977 0.05579555)) 
((((BOUND) ((0 0 0)) POWER (TRANS) ((0 1 0 0) (-1 0 0 0) (0 0 1 0) (0 0 0 1))
   BOLT SINK ((1 0) GROUND))
  ((BOUND) ((NIL (GOAL-MET BOUND) (GOAL-MET BOUND))) POWER (ROTAT)
   ((0 1 0 0) (-1 0 0 0) (0 0 1 0) (0 0 0 1)) SHAFT SOURCE ((3 1)))
  ((BOUND) ((0 0 0)) POWER (ROTAT) ((0 1 0 0) (-1 0 0 0) (0 0 1 0) (0 0 0 1))
   BOLT SINK ((4 1) GROUND))
  ((BOUND) ((0 0 0)) POWER (ROTAT) ((0 1 0 0) (-1 0 0 0) (0 0 1 0) (0 0 0 1))
   BOLT SINK ((5 1) GROUND))
  ((BOUND) ((NIL BOUND NIL)) POWER (ROTAT)
   ((0 1 0 0) (-1 0 0 0) (0 0 1 0) (0 0 0 1)) BOLT SOURCE ((7 1)))
  ((BOUND) ((NIL BOUND NIL)) POWER (ELECT)
   ((0 1 0 0) (-1 0 0 0) (0 0 1 0) (0 0 0 1)) WIRE SINK ((10 0)))
  ((BOUND) ((NIL BOUND NIL)) POWER (ELECT)
   ((0 1 0 0) (-1 0 0 0) (0 0 1 0) (0 0 0 1)) WIRE SINK ((10 1)))
  ((BOUND) ((NIL BOUND (GOAL-MET BOUND))) POWER (ROTAT)
   ((0 1 0 0) (-1 0 0 0) (0 0 1 0) (0 0 0 1)) SHAFT SINK ((10 2) (9 1)))
  ((BOUND) ((NIL BOUND (GOAL-MET BOUND))) POWER (ROTAT)
   ((0 1 0 0) (-1 0 0 0) (0 0 1 0) (0 0 0 1)) NIL SOURCE ((9 0) (8 0)))
  ((BOUND) ((NIL (GOAL-MET BOUND) (GOAL-MET BOUND))) POWER (ROTAT)
   ((0 1 0 0) (-1 0 0 0) (0 0 1 0) (0 0 0 1)) SHAFT SOURCE
   ((8 1) (7 0) (6 1) (5 0) (4 0) (3 0) (2 1)))
  ((BOUND) ((NIL BOUND (GOAL-MET BOUND))) POWER (TRANS)
   ((0 1 0 0) (-1 0 0 0) (0 0 1 0) (0 0 0 1)) NIL SOURCE ((11 0) (6 0)))
  ((BOUND) ((NIL BOUND (GOAL-MET BOUND))) POWER (TRANS)
   ((0 1 0 0) (-1 0 0 0) (0 0 1 0) (0 0 0 1)) BOLT SOURCE
   ((11 1) (1 1) (0 0)))
  (((0 297)) ((NIL BOUND (GOAL-MET (0 0)))) POWER (TRANS)
   ((0 1 0 0) (-1 0 0 0) (0 0 1 0) (0 0 0 1)) NIL SOURCE ((0 1) GOAL))
  ((BOUND) ((NIL (GOAL-MET BOUND) (GOAL-MET (0 5)))) POWER (ROTAT)
   ((-1 0 0 1) (0 1 0 5) (0 0 -1 0) (0 0 0 1)) NIL SINK ((2 0) GOAL)))
 (((0 5) (/ (+ 0 (/ (0 297) 753.1)) (/ 0.0127 2)))
  ((0 0) (+ 0 (/ (0 297) 753.1))))
 (FOOTPAD SPRING DIAL SHAFT BEARING-ROTAT BEARING-ROTAT PULLEY BEARING-ROTAT
  DIAL DIAL POTENTIOMETER BELT)
 ((AGENT-ELECT-SOURCE-SERIES-CONNECT (0.6 0.1 0.1 0.1 -0.1) ELECT SOURCE
   SERIES CONNECT)
  (AGENT-ELECT-SINK-PARALLEL-CONNECT (0.1 0.1 0.6 0.1 -0.1) ELECT SINK
   PARALLEL CONNECT)
  (AGENT-ELECT-SOURCE-SERIES-CONNECT (0.1 0.1 0.6 0.1 -0.1) ELECT SOURCE
   SERIES CONNECT)
  (AGENT-TRANS-SOURCE-PARALLEL-CONNECT (0.1 0.1 0.6 0.1 -0.1) TRANS SOURCE
   PARALLEL CONNECT)
  (AGENT-TRANS-SINK-PARALLEL-DANGLE (0.1 0.1 0.6 0.1 -0.1) TRANS SINK PARALLEL
   DANGLE)
  (AGENT-ELECT-SINK-PARALLEL-GROUND (0.1 0.1 0.6 0.1 -0.1) ELECT SINK PARALLEL
   GROUND)
  (AGENT-ROTAT-SOURCE-PARALLEL-DANGLE (0.6 0.1 0.1 0.1 -0.1) ROTAT SOURCE
   PARALLEL DANGLE)
  (AGENT-ELECT-SINK-PARALLEL-DANGLE (0.6 0.1 0.1 0.1 -0.1) ELECT SINK PARALLEL
   DANGLE)
  (AGENT-ELECT-SINK-PARALLEL-DANGLE (0.6 0.1 0.1 0.1 -0.1) ELECT SINK PARALLEL
   DANGLE)
  (AGENT-ELECT-SOURCE-SERIES-DANGLE (0.6 0.1 0.1 0.1 -0.1) ELECT SOURCE SERIES
   DANGLE)
  (AGENT-ROTAT-SOURCE-SERIES-DANGLE (0.6 0.1 0.1 0.1 -0.1) ROTAT SOURCE SERIES
   DANGLE)
  (AGENT-TRANS-SINK-PARALLEL-CONNECT (0.2 0.2 0.2 0.2 -0.2) TRANS SINK
   PARALLEL CONNECT))
 ((IMAG-FOOTPAD-1 (0) (1.5 0.1 0.99))
  (SPRING-ERS-A1-1 (753.1 0.00158 0.00635 2.03e-4) (0.89 0.002 0.98))
  (IMAG-DIAL-1 (0) (1.5 0.01 0.99))
  (SHAFT-AAS-A8-20 (0.0856 0.00635) (2.25 0.01393 0.99 5.0e-6 1.27e-4))
  (BEARING-ABS-A2-23 (2.0e-4 0.00635 0.015875) (7.21 0.03 0.99))
  (BEARING-ABS-A2-19 (4.0e-4 0.00635 0.009525) (6.99 0.012 0.99))
  (PULLEY-FBS-A1-11 (0.0127 0.00635 0.00318)
   (4.47 0.004 0.99 5.08e-5 1.27e-5))
  (BEARING-ABS-A2-23 (2.0e-4 0.00635 0.015875) (7.21 0.03 0.99))
  (IMAG-DIAL-1 (0) (1.5 0.01 0.99)) (IMAG-DIAL-2 (0) (3.0 0.02 0.99))
  (POT-522-165K (0.00635 895.25 0.002) (17.18 0.006 0.45))
  (BELT-FAM-A1-14 (0.957 0.00318) (7.17 0.013 0.97)))
 (AGENT-EFFICIENT-UPPER-MG-LEAST-USED-DATUM
   AGENT-CHEAP-MIDDLE-MG-MOST-USED-DATUM AGENT-LIGHT-MIDDLE-MG-MOST-USED-DATUM
   AGENT-LIGHT-MIDDLE-MG-MOST-USED-DATUM AGENT-LIGHT-LOWER-MG-LEAST-USED-DATUM
   AGENT-EFFICIENT-MIDDLE-MG-MOST-USED-DATUM
   AGENT-LIGHT-LOWER-MG-MOST-USED-DATUM AGENT-LIGHT-UPPER-MG-LEAST-USED-DATUM
   AGENT-CHEAP-LOWER-MG-LEAST-USED-DATUM
   AGENT-EFFICIENT-LOWER-MG-LEAST-USED-DATUM
   AGENT-EFFICIENT-UPPER-MG-LEAST-USED-DATUM
   AGENT-LIGHT-UPPER-MG-MOST-USED-DATUM)
 NIL (60.870003 0.25092998 1169.8977 0.05579555)) 
((((BOUND) ((0 0 0)) POWER (ELECT) ((0 1 0 0) (-1 0 0 0) (0 0 1 0) (0 0 0 1))
   WIRE SINK ((7 1) GROUND))
  ((BOUND) ((0 0 0)) POWER (TRANS) ((0 1 0 0) (-1 0 0 0) (0 0 1 0) (0 0 0 1))
   BOLT SOURCE ((7 2)))
  ((BOUND) ((NIL BOUND NIL)) POWER (ELECT)
   ((0 1 0 0) (-1 0 0 0) (0 0 1 0) (0 0 0 1)) WIRE SOURCE ((6 1)))
  ((BOUND) ((NIL BOUND NIL)) POWER (TRANS)
   ((0 1 0 0) (-1 0 0 0) (0 0 1 0) (0 0 0 1)) BOLT SOURCE ((6 2)))
  ((BOUND) ((NIL (GOAL-MET BOUND) NIL)) POWER (ELECT)
   ((0 1 0 0) (-1 0 0 0) (0 0 1 0) (0 0 0 1)) WIRE SOURCE ((8 0) (6 0) (1 0)))
  ((BOUND) ((0 0 0)) POWER (ELECT) ((0 1 0 0) (-1 0 0 0) (0 0 1 0) (0 0 0 1))
   WIRE SOURCE ((8 1) (7 0) (1 1)))
  ((BOUND) ((0 0 0)) POWER (ROTAT) ((0 1 0 0) (-1 0 0 0) (0 0 1 0) (0 0 0 1))
   BOLT SINK ((2 1) GROUND))
  ((BOUND) ((NIL (GOAL-MET BOUND) (GOAL-MET BOUND))) POWER (ROTAT)
   ((0 1 0 0) (-1 0 0 0) (0 0 1 0) (0 0 0 1)) SHAFT SOURCE
   ((3 1) (2 0) (1 2) (0 1)))
  ((BOUND) ((NIL BOUND (GOAL-MET BOUND))) POWER (TRANS)
   ((0 1 0 0) (-1 0 0 0) (0 0 1 0) (0 0 0 1)) GEAR-TEETH SOURCE ((4 1) (3 0)))
  ((BOUND) ((0 0 0)) POWER (TRANS) ((0 1 0 0) (-1 0 0 0) (0 0 1 0) (0 0 0 1))
   BOLT SINK ((5 0) GROUND))
  ((BOUND) ((NIL BOUND (GOAL-MET BOUND))) POWER (TRANS)
   ((0 1 0 0) (-1 0 0 0) (0 0 1 0) (0 0 0 1)) BOLT SOURCE ((9 0) (5 1) (4 0)))
  (((0 297)) ((NIL BOUND (GOAL-MET (0 0)))) POWER (TRANS)
   ((0 1 0 0) (-1 0 0 0) (0 0 1 0) (0 0 0 1)) NIL SOURCE ((9 1) GOAL))
  ((BOUND) ((NIL (GOAL-MET BOUND) (GOAL-MET (0 5)))) POWER (ROTAT)
   ((-1 0 0 1) (0 1 0 5) (0 0 -1 0) (0 0 0 1)) NIL SINK ((0 0) GOAL)))
 (((0 5) (/ (+ 0 (/ (0 297) 1786)) (/ 0.0111 2)))
  ((0 0) (+ 0 (/ (0 297) 1786))))
 (DIAL POTENTIOMETER BEARING-ROTAT GEAR RACK SPRING SOLENOID SOLENOID RESISTOR
  FOOTPAD)
 ((AGENT-ROTAT-SINK-PARALLEL-DANGLE (0.2 0.2 0.2 0.2 -0.2) ROTAT SINK PARALLEL
   DANGLE)
  (AGENT-HYDRA-SINK-PARALLEL-DANGLE (0.1 0.6 0.1 0.1 -0.1) HYDRA SINK PARALLEL
   DANGLE)
  (AGENT-TRANS-SINK-PARALLEL-CONNECT (0.2 0.2 0.2 0.2 -0.2) TRANS SINK
   PARALLEL CONNECT)
  (AGENT-HYDRA-SINK-PARALLEL-DANGLE (0.6 0.1 0.1 0.1 -0.1) HYDRA SINK PARALLEL
   DANGLE)
  (AGENT-TRANS-SINK-PARALLEL-DANGLE (0.6 0.1 0.1 0.1 -0.1) TRANS SINK PARALLEL
   DANGLE)
  (AGENT-ELECT-SOURCE-PARALLEL-GROUND (0.1 0.1 0.6 0.1 -0.1) ELECT SOURCE
   PARALLEL GROUND)
  (AGENT-ELECT-SINK-PARALLEL-DANGLE (0.6 0.1 0.1 0.1 -0.1) ELECT SINK PARALLEL
   DANGLE)
  (AGENT-ELECT-SINK-SERIES-GROUND (0.6 0.1 0.1 0.1 -0.1) ELECT SINK SERIES
   GROUND)
  (AGENT-ELECT-SINK-PARALLEL-CONNECT (0.6 0.1 0.1 0.1 -0.1) ELECT SINK
   PARALLEL CONNECT)
  (AGENT-HYDRA-SOURCE-PARALLEL-CONNECT (0.2 0.2 0.2 0.2 -0.2) HYDRA SOURCE
   PARALLEL CONNECT))
 ((IMAG-DIAL-1 (0) (1.5 0.01 0.99))
  (POT-522-165K (0.00635 895.25 0.002) (17.18 0.006 0.45))
  (BEARING-ABS-A2-23 (2.0e-4 0.00635 0.015875) (7.21 0.03 0.99))
  (GEAR-LAS-F7-28 (0.0111 0.00635 28 64) (5.75 0.005 0.98))
  (RACK-KHS-F2-142 (64 0.1778) (26.75 0.032 0.99))
  (SPRING-ERS-A1-24 (1786 0.00476 0.0254 6.6e-4) (0.78 0.008 0.98))
  (IMAG-SOLENOID-1 (0.01 1.0 0.5 0.1) (0.45 0.001 0.8))
  (IMAG-SOLENOID-2 (1.2 8.0 0.0015 0.03) (3.05 0.01 0.8))
  (RESISTOR-297-7427 (3000 0.5) (0.01 3.0e-6 0.4))
  (IMAG-FOOTPAD-1 (0) (1.5 0.1 0.99)))
 (AGENT-CHEAP-MIDDLE-MG-MOST-USED-DATUM AGENT-CHEAP-UPPER-MG-MOST-USED-DATUM
   AGENT-EFFICIENT-UPPER-MG-MOST-USED-DATUM
   AGENT-LIGHT-LOWER-MG-MOST-USED-DATUM AGENT-CHEAP-UPPER-MG-MOST-USED-DATUM
   AGENT-CHEAP-MIDDLE-MG-MOST-USED-DATUM AGENT-LIGHT-UPPER-MG-LEAST-USED-DATUM
   AGENT-CHEAP-LOWER-MG-MOST-USED-DATUM
   AGENT-EFFICIENT-UPPER-MG-MOST-USED-DATUM
   AGENT-CHEAP-MIDDLE-MG-LEAST-USED-DATUM)
 NIL (64.17999 0.202003 223.55151 25315983/2551836800)) 
((((BOUND) ((0 0 0)) POWER (ELECT) ((0 1 0 0) (-1 0 0 0) (0 0 1 0) (0 0 0 1))
   WIRE SINK ((7 1) GROUND))
  ((BOUND) ((0 0 0)) POWER (TRANS) ((0 1 0 0) (-1 0 0 0) (0 0 1 0) (0 0 0 1))
   BOLT SOURCE ((7 2)))
  ((BOUND) ((NIL BOUND NIL)) POWER (ELECT)
   ((0 1 0 0) (-1 0 0 0) (0 0 1 0) (0 0 0 1)) WIRE SOURCE ((6 1)))
  ((BOUND) ((NIL BOUND NIL)) POWER (TRANS)
   ((0 1 0 0) (-1 0 0 0) (0 0 1 0) (0 0 0 1)) BOLT SOURCE ((6 2)))
  ((BOUND) ((NIL (GOAL-MET BOUND) NIL)) POWER (ELECT)
   ((0 1 0 0) (-1 0 0 0) (0 0 1 0) (0 0 0 1)) WIRE SOURCE ((8 0) (6 0) (1 0)))
  ((BOUND) ((0 0 0)) POWER (ELECT) ((0 1 0 0) (-1 0 0 0) (0 0 1 0) (0 0 0 1))
   WIRE SOURCE ((8 1) (7 0) (1 1)))
  ((BOUND) ((0 0 0)) POWER (ROTAT) ((0 1 0 0) (-1 0 0 0) (0 0 1 0) (0 0 0 1))
   BOLT SINK ((2 1) GROUND))
  ((BOUND) ((NIL (GOAL-MET BOUND) (GOAL-MET BOUND))) POWER (ROTAT)
   ((0 1 0 0) (-1 0 0 0) (0 0 1 0) (0 0 0 1)) SHAFT SOURCE
   ((3 1) (2 0) (1 2) (0 1)))
  ((BOUND) ((NIL BOUND (GOAL-MET BOUND))) POWER (TRANS)
   ((0 1 0 0) (-1 0 0 0) (0 0 1 0) (0 0 0 1)) GEAR-TEETH SOURCE ((4 1) (3 0)))
  ((BOUND) ((0 0 0)) POWER (TRANS) ((0 1 0 0) (-1 0 0 0) (0 0 1 0) (0 0 0 1))
   BOLT SINK ((5 0) GROUND))
  ((BOUND) ((NIL BOUND (GOAL-MET BOUND))) POWER (TRANS)
   ((0 1 0 0) (-1 0 0 0) (0 0 1 0) (0 0 0 1)) BOLT SOURCE ((9 0) (5 1) (4 0)))
  (((0 297)) ((NIL BOUND (GOAL-MET (0 0)))) POWER (TRANS)
   ((0 1 0 0) (-1 0 0 0) (0 0 1 0) (0 0 0 1)) NIL SOURCE ((9 1) GOAL))
  ((BOUND) ((NIL (GOAL-MET BOUND) (GOAL-MET (0 5)))) POWER (ROTAT)
   ((-1 0 0 1) (0 1 0 5) (0 0 -1 0) (0 0 0 1)) NIL SINK ((0 0) GOAL)))
 (((0 5) (/ (+ 0 (/ (0 297) 5727)) (/ 0.0183 2)))
  ((0 0) (+ 0 (/ (0 297) 5727))))
 (DIAL POTENTIOMETER BEARING-ROTAT GEAR RACK SPRING SOLENOID SOLENOID RESISTOR
  FOOTPAD)
 ((AGENT-ROTAT-SINK-PARALLEL-DANGLE (0.2 0.2 0.2 0.2 -0.2) ROTAT SINK PARALLEL
   DANGLE)
  (AGENT-HYDRA-SINK-PARALLEL-DANGLE (0.1 0.6 0.1 0.1 -0.1) HYDRA SINK PARALLEL
   DANGLE)
  (AGENT-TRANS-SINK-PARALLEL-CONNECT (0.2 0.2 0.2 0.2 -0.2) TRANS SINK
   PARALLEL CONNECT)
  (AGENT-HYDRA-SINK-PARALLEL-DANGLE (0.6 0.1 0.1 0.1 -0.1) HYDRA SINK PARALLEL
   DANGLE)
  (AGENT-TRANS-SINK-PARALLEL-DANGLE (0.6 0.1 0.1 0.1 -0.1) TRANS SINK PARALLEL
   DANGLE)
  (AGENT-ELECT-SOURCE-PARALLEL-GROUND (0.1 0.1 0.6 0.1 -0.1) ELECT SOURCE
   PARALLEL GROUND)
  (AGENT-ELECT-SINK-PARALLEL-DANGLE (0.6 0.1 0.1 0.1 -0.1) ELECT SINK PARALLEL
   DANGLE)
  (AGENT-ELECT-SINK-SERIES-GROUND (0.6 0.1 0.1 0.1 -0.1) ELECT SINK SERIES
   GROUND)
  (AGENT-ELECT-SINK-PARALLEL-CONNECT (0.6 0.1 0.1 0.1 -0.1) ELECT SINK
   PARALLEL CONNECT)
  (AGENT-HYDRA-SOURCE-PARALLEL-CONNECT (0.2 0.2 0.2 0.2 -0.2) HYDRA SOURCE
   PARALLEL CONNECT))
 ((IMAG-DIAL-1 (0) (1.5 0.01 0.99))
  (POT-522-16500 (0.00635 89.525 0.002) (17.18 0.006 0.45))
  (BEARING-ABS-A2-23 (2.0e-4 0.00635 0.015875) (7.21 0.03 0.99))
  (GEAR-LAS-F7-46 (0.0183 0.00635 46 64) (6.66 0.014 0.98))
  (RACK-KHS-F2-142 (64 0.1778) (26.75 0.032 0.99))
  (SPRING-ERS-A1-35 (5727 0.00635 0.0254 0.001016) (0.93 0.012 0.98))
  (IMAG-SOLENOID-1 (0.01 1.0 0.5 0.1) (0.45 0.001 0.8))
  (IMAG-SOLENOID-2 (1.2 8.0 0.0015 0.03) (3.05 0.01 0.8))
  (RESISTOR-297-7916 (4700000.0 0.5) (0.01 3.0e-6 0.4))
  (IMAG-FOOTPAD-1 (0) (1.5 0.1 0.99)))
 (AGENT-CHEAP-MIDDLE-MG-MOST-USED-DATUM AGENT-LIGHT-MIDDLE-MG-MOST-USED-DATUM
   AGENT-CHEAP-UPPER-MG-LEAST-USED-DATUM AGENT-CHEAP-LOWER-MG-MOST-USED-DATUM
   AGENT-EFFICIENT-LOWER-MG-LEAST-USED-DATUM
   AGENT-EFFICIENT-UPPER-MG-LEAST-USED-DATUM
   AGENT-EFFICIENT-MIDDLE-MG-LEAST-USED-DATUM
   AGENT-EFFICIENT-LOWER-MG-LEAST-USED-DATUM
   AGENT-EFFICIENT-UPPER-MG-LEAST-USED-DATUM
   AGENT-LIGHT-MIDDLE-MG-MOST-USED-DATUM)
 NIL (65.24 0.215003 0.15994728 2812887/2915424800)) 
((((BOUND) ((0 0 0)) POWER (ELECT) ((-1 0 0 1) (0 1 0 5) (0 0 -1 0) (0 0 0 1))
   WIRE SINK ((5 1) GROUND))
  ((BOUND) ((NIL NIL BOUND)) POWER (ROTAT)
   ((-1 0 0 1) (0 1 0 5) (0 0 -1 0) (0 0 0 1)) SHAFT SINK ((5 2)))
  ((BOUND) ((NIL (GOAL-MET BOUND) NIL)) POWER (ELECT)
   ((-1 0 0 1) (0 1 0 5) (0 0 -1 0) (0 0 0 1)) WIRE SOURCE
   ((5 0) (4 1) (3 0)))
  ((BOUND) ((NIL NIL NIL)) POWER (ROTAT)
   ((-1 0 0 1) (0 1 0 5) (0 0 -1 0) (0 0 0 1)) SHAFT SINK ((4 2)))
  ((BOUND) ((NIL (GOAL-MET BOUND) NIL)) POWER (ELECT)
   ((-1 0 0 1) (0 1 0 5) (0 0 -1 0) (0 0 0 1)) WIRE SOURCE ((12 0) (4 0)))
  ((BOUND) ((NIL (GOAL-MET BOUND) NIL)) POWER (ELECT)
   ((-1 0 0 1) (0 1 0 5) (0 0 -1 0) (0 0 0 1)) WIRE SOURCE ((12 1) (3 1)))
  ((BOUND) ((0 0 0)) POWER (ROTAT) ((-1 0 0 1) (0 1 0 5) (0 0 -1 0) (0 0 0 1))
   BOLT SINK ((6 1) GROUND))
  ((BOUND) ((0 0 0)) POWER (TRANS) ((-1 0 0 1) (0 1 0 5) (0 0 -1 0) (0 0 0 1))
   BOLT SINK ((2 1) GROUND))
  ((BOUND) ((NIL BOUND (GOAL-MET BOUND))) POWER (TRANS)
   ((-1 0 0 1) (0 1 0 5) (0 0 -1 0) (0 0 0 1)) NIL SOURCE ((14 0) (7 0)))
  ((BOUND) ((NIL BOUND (GOAL-MET BOUND))) POWER (TRANS)
   ((-1 0 0 1) (0 1 0 5) (0 0 -1 0) (0 0 0 1)) BOLT SOURCE
   ((14 1) (10 1) (8 0) (2 0) (1 0)))
  ((BOUND) ((NIL BOUND BOUND)) POWER (TRANS)
   ((-1 0 0 1) (0 1 0 5) (0 0 -1 0) (0 0 0 1)) BOLT SOURCE
   ((10 0) (9 0) (8 1)))
  ((BOUND) ((NIL BOUND BOUND)) POWER (TRANS)
   ((-1 0 0 1) (0 1 0 5) (0 0 -1 0) (0 0 0 1)) GEAR-TEETH SOURCE
   ((13 0) (11 0) (9 1)))
  ((BOUND) ((NIL (GOAL-MET BOUND) (GOAL-MET BOUND))) POWER (ROTAT)
   ((-1 0 0 1) (0 1 0 5) (0 0 -1 0) (0 0 0 1)) SHAFT SOURCE
   ((13 1) (11 1) (7 1) (6 0) (3 2) (0 1)))
  ((BOUND) ((NIL (GOAL-MET BOUND) (GOAL-MET (0 5)))) POWER (ROTAT)
   ((-1 0 0 1) (0 1 0 5) (0 0 -1 0) (0 0 0 1)) NIL SINK ((0 0) GOAL))
  (((0 297)) ((NIL BOUND (GOAL-MET (0 0)))) POWER (TRANS)
   ((0 1 0 0) (-1 0 0 0) (0 0 1 0) (0 0 0 1)) NIL SOURCE ((1 1) GOAL)))
 (((0 0) (+ 0 (/ (0 297) 5727)))
  ((0 5) (/ (+ 0 (/ (0 297) 5727)) (/ 0.0127 2))))
 (DIAL FOOTPAD SPRING POTENTIOMETER POTENTIOMETER POTENTIOMETER BEARING-ROTAT
  PULLEY BELT RACK LEVER1STCLASS GEAR RESISTOR GEAR BELT)
 ((AGENT-TRANS-SINK-PARALLEL-DANGLE (0.6 0.1 0.1 0.1 -0.1) TRANS SINK PARALLEL
   DANGLE)
  (AGENT-TRANS-SOURCE-SERIES-DANGLE (0.1 0.1 0.6 0.1 -0.1) TRANS SOURCE SERIES
   DANGLE)
  (AGENT-ELECT-SOURCE-SERIES-CONNECT (0.6 0.1 0.1 0.1 -0.1) ELECT SOURCE
   SERIES CONNECT)
  (AGENT-ROTAT-SINK-SERIES-DANGLE (0.2 0.2 0.2 0.2 -0.2) ROTAT SINK SERIES
   DANGLE)
  (AGENT-ELECT-SINK-PARALLEL-DANGLE (0.6 0.1 0.1 0.1 -0.1) ELECT SINK PARALLEL
   DANGLE)
  (AGENT-ELECT-SINK-PARALLEL-GROUND (0.1 0.6 0.1 0.1 -0.1) ELECT SINK PARALLEL
   GROUND)
  (AGENT-ELECT-SOURCE-PARALLEL-GROUND (0.6 0.1 0.1 0.1 -0.1) ELECT SOURCE
   PARALLEL GROUND)
  (AGENT-HYDRA-SINK-PARALLEL-DANGLE (0.6 0.1 0.1 0.1 -0.1) HYDRA SINK PARALLEL
   DANGLE)
  (AGENT-ELECT-SOURCE-PARALLEL-DANGLE (0.1 0.6 0.1 0.1 -0.1) ELECT SOURCE
   PARALLEL DANGLE)
  (AGENT-ROTAT-SOURCE-SERIES-DANGLE (0.1 0.6 0.1 0.1 -0.1) ROTAT SOURCE SERIES
   DANGLE)
  (AGENT-TRANS-SOURCE-PARALLEL-CONNECT (0.6 0.1 0.1 0.1 -0.1) TRANS SOURCE
   PARALLEL CONNECT)
  (AGENT-ROTAT-SINK-PARALLEL-CONNECT (0.6 0.1 0.1 0.1 -0.1) ROTAT SINK
   PARALLEL CONNECT)
  (AGENT-ELECT-SOURCE-SERIES-CONNECT (0.1 0.6 0.1 0.1 -0.1) ELECT SOURCE
   SERIES CONNECT)
  (AGENT-HYDRA-SOURCE-PARALLEL-CONNECT (0.6 0.1 0.1 0.1 -0.1) HYDRA SOURCE
   PARALLEL CONNECT)
  (AGENT-HYDRA-SINK-SERIES-CONNECT (0.1 0.1 0.6 0.1 -0.1) HYDRA SINK SERIES
   CONNECT))
 ((IMAG-DIAL-2 (0) (3.0 0.02 0.99)) (IMAG-FOOTPAD-1 (0) (1.5 0.1 0.99))
  (SPRING-ERS-A1-35 (5727 0.00635 0.0254 0.001016) (0.93 0.012 0.98))
  (POT-522-16200 (0.00635 35.81 0.002) (17.18 0.006 0.45))
  (POT-522-1610K (0.00635 1790.5 0.002) (17.18 0.006 0.45))
  (POT-522-165K (0.00635 895.25 0.002) (17.18 0.006 0.45))
  (BEARING-ABS-A2-21 (3.0e-4 0.00635 0.0127) (6.47 0.02 0.99))
  (PULLEY-FBS-A1-11 (0.0127 0.00635 0.00318)
   (4.47 0.004 0.99 5.08e-5 1.27e-5))
  (BELT-FAM-A1-7 (0.638 0.00318) (3.06 0.009 0.97))
  (RACK-KHS-F2-142 (64 0.1778) (26.75 0.032 0.99))
  (IMAG-LEVER1ST-8 (0.001 0.008) (1.35 0.001 0.94))
  (GEAR-LAS-F7-28 (0.0111 0.00635 28 64) (5.75 0.005 0.98))
  (RESISTOR-297-7042 (3 0.5) (0.01 3.0e-6 0.4))
  (GEAR-LAS-F7-46 (0.0183 0.00635 46 64) (6.66 0.014 0.98))
  (BELT-FAM-A1-15 (1.037 0.00318) (7.95 0.014 0.97)))
 (AGENT-LIGHT-LOWER-MG-LEAST-USED-DATUM AGENT-CHEAP-UPPER-MG-LEAST-USED-DATUM
   AGENT-CHEAP-UPPER-MG-LEAST-USED-DATUM
   AGENT-EFFICIENT-LOWER-MG-MOST-USED-DATUM
   AGENT-LIGHT-UPPER-MG-LEAST-USED-DATUM AGENT-CHEAP-MIDDLE-MG-MOST-USED-DATUM
   AGENT-CHEAP-LOWER-MG-LEAST-USED-DATUM
   AGENT-CHEAP-MIDDLE-MG-LEAST-USED-DATUM
   AGENT-EFFICIENT-LOWER-MG-LEAST-USED-DATUM
   AGENT-CHEAP-LOWER-MG-LEAST-USED-DATUM
   AGENT-EFFICIENT-UPPER-MG-MOST-USED-DATUM
   AGENT-LIGHT-LOWER-MG-MOST-USED-DATUM AGENT-CHEAP-LOWER-MG-MOST-USED-DATUM
   AGENT-EFFICIENT-MIDDLE-MG-LEAST-USED-DATUM
   AGENT-LIGHT-UPPER-MG-MOST-USED-DATUM)
 NIL (119.44 0.24900298 3.5979228 2812887/2915424800)) 
((((BOUND) ((0 0 0)) POWER (ELECT) ((0 1 0 0) (-1 0 0 0) (0 0 1 0) (0 0 0 1))
   WIRE SINK ((7 1) GROUND))
  ((BOUND) ((0 0 0)) POWER (TRANS) ((0 1 0 0) (-1 0 0 0) (0 0 1 0) (0 0 0 1))
   BOLT SOURCE ((7 2)))
  ((BOUND) ((NIL BOUND NIL)) POWER (ELECT)
   ((0 1 0 0) (-1 0 0 0) (0 0 1 0) (0 0 0 1)) WIRE SOURCE ((6 1)))
  ((BOUND) ((NIL BOUND NIL)) POWER (TRANS)
   ((0 1 0 0) (-1 0 0 0) (0 0 1 0) (0 0 0 1)) BOLT SOURCE ((6 2)))
  ((BOUND) ((NIL (GOAL-MET BOUND) NIL)) POWER (ELECT)
   ((0 1 0 0) (-1 0 0 0) (0 0 1 0) (0 0 0 1)) WIRE SOURCE ((8 0) (6 0) (1 0)))
  ((BOUND) ((0 0 0)) POWER (ELECT) ((0 1 0 0) (-1 0 0 0) (0 0 1 0) (0 0 0 1))
   WIRE SOURCE ((8 1) (7 0) (1 1)))
  ((BOUND) ((0 0 0)) POWER (ROTAT) ((0 1 0 0) (-1 0 0 0) (0 0 1 0) (0 0 0 1))
   BOLT SINK ((2 1) GROUND))
  ((BOUND) ((NIL (GOAL-MET BOUND) (GOAL-MET BOUND))) POWER (ROTAT)
   ((0 1 0 0) (-1 0 0 0) (0 0 1 0) (0 0 0 1)) SHAFT SOURCE
   ((3 1) (2 0) (1 2) (0 1)))
  ((BOUND) ((NIL BOUND (GOAL-MET BOUND))) POWER (TRANS)
   ((0 1 0 0) (-1 0 0 0) (0 0 1 0) (0 0 0 1)) GEAR-TEETH SOURCE ((4 1) (3 0)))
  ((BOUND) ((0 0 0)) POWER (TRANS) ((0 1 0 0) (-1 0 0 0) (0 0 1 0) (0 0 0 1))
   BOLT SINK ((5 0) GROUND))
  ((BOUND) ((NIL BOUND (GOAL-MET BOUND))) POWER (TRANS)
   ((0 1 0 0) (-1 0 0 0) (0 0 1 0) (0 0 0 1)) BOLT SOURCE ((9 0) (5 1) (4 0)))
  (((0 297)) ((NIL BOUND (GOAL-MET (0 0)))) POWER (TRANS)
   ((0 1 0 0) (-1 0 0 0) (0 0 1 0) (0 0 0 1)) NIL SOURCE ((9 1) GOAL))
  ((BOUND) ((NIL (GOAL-MET BOUND) (GOAL-MET (0 5)))) POWER (ROTAT)
   ((-1 0 0 1) (0 1 0 5) (0 0 -1 0) (0 0 0 1)) NIL SINK ((0 0) GOAL)))
 (((0 5) (/ (+ 0 (/ (0 297) 753.1)) (/ 0.0298 2)))
  ((0 0) (+ 0 (/ (0 297) 753.1))))
 (DIAL POTENTIOMETER BEARING-ROTAT GEAR RACK SPRING SOLENOID SOLENOID RESISTOR
  FOOTPAD)
 ((AGENT-ROTAT-SINK-PARALLEL-DANGLE (0.2 0.2 0.2 0.2 -0.2) ROTAT SINK PARALLEL
   DANGLE)
  (AGENT-HYDRA-SINK-PARALLEL-DANGLE (0.1 0.6 0.1 0.1 -0.1) HYDRA SINK PARALLEL
   DANGLE)
  (AGENT-TRANS-SINK-PARALLEL-CONNECT (0.2 0.2 0.2 0.2 -0.2) TRANS SINK
   PARALLEL CONNECT)
  (AGENT-HYDRA-SINK-PARALLEL-DANGLE (0.6 0.1 0.1 0.1 -0.1) HYDRA SINK PARALLEL
   DANGLE)
  (AGENT-TRANS-SINK-PARALLEL-DANGLE (0.6 0.1 0.1 0.1 -0.1) TRANS SINK PARALLEL
   DANGLE)
  (AGENT-ELECT-SOURCE-PARALLEL-GROUND (0.1 0.1 0.6 0.1 -0.1) ELECT SOURCE
   PARALLEL GROUND)
  (AGENT-ELECT-SINK-PARALLEL-DANGLE (0.6 0.1 0.1 0.1 -0.1) ELECT SINK PARALLEL
   DANGLE)
  (AGENT-ELECT-SINK-SERIES-GROUND (0.6 0.1 0.1 0.1 -0.1) ELECT SINK SERIES
   GROUND)
  (AGENT-ELECT-SINK-PARALLEL-CONNECT (0.6 0.1 0.1 0.1 -0.1) ELECT SINK
   PARALLEL CONNECT)
  (AGENT-HYDRA-SOURCE-PARALLEL-CONNECT (0.2 0.2 0.2 0.2 -0.2) HYDRA SOURCE
   PARALLEL CONNECT))
 ((IMAG-DIAL-1 (0) (1.5 0.01 0.99))
  (POT-522-1610K (0.00635 1790.5 0.002) (17.18 0.006 0.45))
  (BEARING-ABS-A2-19 (4.0e-4 0.00635 0.009525) (6.99 0.012 0.99))
  (GEAR-LAS-F7-75 (0.0298 0.00635 75 64) (8.18 0.017 0.98))
  (RACK-KHS-F2-142 (64 0.1778) (26.75 0.032 0.99))
  (SPRING-ERS-A1-1 (753.1 0.00158 0.00635 2.03e-4) (0.89 0.002 0.98))
  (IMAG-SOLENOID-2 (1.2 8.0 0.0015 0.03) (3.05 0.01 0.8))
  (IMAG-SOLENOID-1 (0.01 1.0 0.5 0.1) (0.45 0.001 0.8))
  (RESISTOR-297-7042 (3 0.5) (0.01 3.0e-6 0.4))
  (IMAG-FOOTPAD-1 (0) (1.5 0.1 0.99)))
 (AGENT-LIGHT-MIDDLE-MG-MOST-USED-DATUM AGENT-LIGHT-LOWER-MG-LEAST-USED-DATUM
   AGENT-CHEAP-MIDDLE-MG-MOST-USED-DATUM AGENT-LIGHT-MIDDLE-MG-MOST-USED-DATUM
   AGENT-EFFICIENT-MIDDLE-MG-MOST-USED-DATUM
   AGENT-EFFICIENT-LOWER-MG-MOST-USED-DATUM
   AGENT-LIGHT-LOWER-MG-MOST-USED-DATUM AGENT-LIGHT-MIDDLE-MG-MOST-USED-DATUM
   AGENT-CHEAP-LOWER-MG-MOST-USED-DATUM AGENT-LIGHT-LOWER-MG-LEAST-USED-DATUM)
 NIL (66.5 0.19000301 165.33557 0.05579555)) 
((((BOUND) ((0 0 0)) POWER (TRANS) ((0 1 0 0) (-1 0 0 0) (0 0 1 0) (0 0 0 1))
   BOLT SINK ((1 0) GROUND))
  ((BOUND) ((NIL (GOAL-MET BOUND) (GOAL-MET BOUND))) POWER (ROTAT)
   ((0 1 0 0) (-1 0 0 0) (0 0 1 0) (0 0 0 1)) SHAFT SOURCE ((3 1)))
  ((BOUND) ((0 0 0)) POWER (ROTAT) ((0 1 0 0) (-1 0 0 0) (0 0 1 0) (0 0 0 1))
   BOLT SINK ((4 1) GROUND))
  ((BOUND) ((0 0 0)) POWER (ROTAT) ((0 1 0 0) (-1 0 0 0) (0 0 1 0) (0 0 0 1))
   BOLT SINK ((5 1) GROUND))
  ((BOUND) ((NIL BOUND NIL)) POWER (ROTAT)
   ((0 1 0 0) (-1 0 0 0) (0 0 1 0) (0 0 0 1)) BOLT SOURCE ((7 1)))
  ((BOUND) ((NIL BOUND NIL)) POWER (ELECT)
   ((0 1 0 0) (-1 0 0 0) (0 0 1 0) (0 0 0 1)) WIRE SINK ((10 0)))
  ((BOUND) ((NIL BOUND NIL)) POWER (ELECT)
   ((0 1 0 0) (-1 0 0 0) (0 0 1 0) (0 0 0 1)) WIRE SINK ((10 1)))
  ((BOUND) ((NIL BOUND (GOAL-MET BOUND))) POWER (ROTAT)
   ((0 1 0 0) (-1 0 0 0) (0 0 1 0) (0 0 0 1)) SHAFT SINK ((10 2) (9 1)))
  ((BOUND) ((NIL BOUND (GOAL-MET BOUND))) POWER (ROTAT)
   ((0 1 0 0) (-1 0 0 0) (0 0 1 0) (0 0 0 1)) NIL SOURCE ((9 0) (8 0)))
  ((BOUND) ((NIL (GOAL-MET BOUND) (GOAL-MET BOUND))) POWER (ROTAT)
   ((0 1 0 0) (-1 0 0 0) (0 0 1 0) (0 0 0 1)) SHAFT SOURCE
   ((8 1) (7 0) (6 1) (5 0) (4 0) (3 0) (2 1)))
  ((BOUND) ((NIL BOUND (GOAL-MET BOUND))) POWER (TRANS)
   ((0 1 0 0) (-1 0 0 0) (0 0 1 0) (0 0 0 1)) NIL SOURCE ((11 0) (6 0)))
  ((BOUND) ((NIL BOUND (GOAL-MET BOUND))) POWER (TRANS)
   ((0 1 0 0) (-1 0 0 0) (0 0 1 0) (0 0 0 1)) BOLT SOURCE
   ((11 1) (1 1) (0 0)))
  (((0 297)) ((NIL BOUND (GOAL-MET (0 0)))) POWER (TRANS)
   ((0 1 0 0) (-1 0 0 0) (0 0 1 0) (0 0 0 1)) NIL SOURCE ((0 1) GOAL))
  ((BOUND) ((NIL (GOAL-MET BOUND) (GOAL-MET (0 5)))) POWER (ROTAT)
   ((-1 0 0 1) (0 1 0 5) (0 0 -1 0) (0 0 0 1)) NIL SINK ((2 0) GOAL)))
 (((0 5) (/ (+ 0 (/ (0 297) 1243)) (/ 0.0127 2)))
  ((0 0) (+ 0 (/ (0 297) 1243))))
 (FOOTPAD SPRING DIAL SHAFT BEARING-ROTAT BEARING-ROTAT PULLEY BEARING-ROTAT
  DIAL DIAL POTENTIOMETER BELT)
 ((AGENT-ELECT-SOURCE-SERIES-CONNECT (0.6 0.1 0.1 0.1 -0.1) ELECT SOURCE
   SERIES CONNECT)
  (AGENT-ELECT-SINK-PARALLEL-CONNECT (0.1 0.1 0.6 0.1 -0.1) ELECT SINK
   PARALLEL CONNECT)
  (AGENT-ELECT-SOURCE-SERIES-CONNECT (0.1 0.1 0.6 0.1 -0.1) ELECT SOURCE
   SERIES CONNECT)
  (AGENT-TRANS-SOURCE-PARALLEL-CONNECT (0.1 0.1 0.6 0.1 -0.1) TRANS SOURCE
   PARALLEL CONNECT)
  (AGENT-TRANS-SINK-PARALLEL-DANGLE (0.1 0.1 0.6 0.1 -0.1) TRANS SINK PARALLEL
   DANGLE)
  (AGENT-ELECT-SINK-PARALLEL-GROUND (0.1 0.1 0.6 0.1 -0.1) ELECT SINK PARALLEL
   GROUND)
  (AGENT-ROTAT-SOURCE-PARALLEL-DANGLE (0.6 0.1 0.1 0.1 -0.1) ROTAT SOURCE
   PARALLEL DANGLE)
  (AGENT-ELECT-SINK-PARALLEL-DANGLE (0.6 0.1 0.1 0.1 -0.1) ELECT SINK PARALLEL
   DANGLE)
  (AGENT-ELECT-SINK-PARALLEL-DANGLE (0.6 0.1 0.1 0.1 -0.1) ELECT SINK PARALLEL
   DANGLE)
  (AGENT-ELECT-SOURCE-SERIES-DANGLE (0.6 0.1 0.1 0.1 -0.1) ELECT SOURCE SERIES
   DANGLE)
  (AGENT-ROTAT-SOURCE-SERIES-DANGLE (0.6 0.1 0.1 0.1 -0.1) ROTAT SOURCE SERIES
   DANGLE)
  (AGENT-TRANS-SINK-PARALLEL-CONNECT (0.2 0.2 0.2 0.2 -0.2) TRANS SINK
   PARALLEL CONNECT))
 ((IMAG-FOOTPAD-1 (0) (1.5 0.1 0.99))
  (SPRING-ERS-A1-8 (1243 0.00317 0.0127 4.06e-4) (0.78 0.004 0.98))
  (IMAG-DIAL-1 (0) (1.5 0.01 0.99))
  (SHAFT-AAS-A8-1 (0.0254 0.00635) (1.0 0.01393 0.99 5.0e-6 1.27e-4))
  (BEARING-ABS-A2-23 (2.0e-4 0.00635 0.015875) (7.21 0.03 0.99))
  (BEARING-ABS-A2-23 (2.0e-4 0.00635 0.015875) (7.21 0.03 0.99))
  (PULLEY-FBS-A1-11 (0.0127 0.00635 0.00318)
   (4.47 0.004 0.99 5.08e-5 1.27e-5))
  (BEARING-ABS-A2-21 (3.0e-4 0.00635 0.0127) (6.47 0.02 0.99))
  (IMAG-DIAL-1 (0) (1.5 0.01 0.99)) (IMAG-DIAL-2 (0) (3.0 0.02 0.99))
  (POT-522-16200 (0.00635 35.81 0.002) (17.18 0.006 0.45))
  (BELT-FAM-A1-9 (0.718 0.00318) (3.9 0.01 0.97)))
 (AGENT-CHEAP-UPPER-MG-LEAST-USED-DATUM AGENT-LIGHT-MIDDLE-MG-MOST-USED-DATUM
   AGENT-LIGHT-LOWER-MG-MOST-USED-DATUM
   AGENT-EFFICIENT-UPPER-MG-MOST-USED-DATUM
   AGENT-CHEAP-UPPER-MG-MOST-USED-DATUM
   AGENT-EFFICIENT-UPPER-MG-MOST-USED-DATUM
   AGENT-LIGHT-LOWER-MG-LEAST-USED-DATUM AGENT-LIGHT-MIDDLE-MG-MOST-USED-DATUM
   AGENT-EFFICIENT-UPPER-MG-MOST-USED-DATUM
   AGENT-EFFICIENT-UPPER-MG-MOST-USED-DATUM
   AGENT-EFFICIENT-LOWER-MG-LEAST-USED-DATUM
   AGENT-EFFICIENT-MIDDLE-MG-LEAST-USED-DATUM)
 (AGENT-LIGHT-LIGHTER-IN-COMPS) (55.72 0.25792998 381.9213 209223/10215200)) 
((((BOUND) ((0 0 0)) POWER (ROTAT) ((-1 0 0 1) (0 1 0 5) (0 0 -1 0) (0 0 0 1))
   BOLT SINK ((2 1) GROUND))
  ((BOUND) ((NIL (GOAL-MET BOUND) (GOAL-MET BOUND))) POWER (ROTAT)
   ((-1 0 0 1) (0 1 0 5) (0 0 -1 0) (0 0 0 1)) NIL SOURCE ((4 1) (2 0) (1 0)))
  ((BOUND) ((NIL (GOAL-MET BOUND) (GOAL-MET BOUND))) POWER (ROTAT)
   ((-1 0 0 1) (0 1 0 5) (0 0 -1 0) (0 0 0 1)) NIL SOURCE ((4 0) (3 0)))
  ((BOUND) ((0 0 0)) POWER (TRANS) ((-1 0 0 1) (0 1 0 5) (0 0 -1 0) (0 0 0 1))
   BOLT SINK ((6 1) GROUND))
  ((BOUND) ((NIL (GOAL-MET BOUND) (GOAL-MET BOUND))) POWER (TRANS)
   ((-1 0 0 1) (0 1 0 5) (0 0 -1 0) (0 0 0 1)) BOLT SOURCE
   ((8 0) (6 0) (5 0)))
  ((BOUND) ((NIL (GOAL-MET BOUND) (GOAL-MET BOUND))) POWER (TRANS)
   ((-1 0 0 1) (0 1 0 5) (0 0 -1 0) (0 0 0 1)) GEAR-TEETH SOURCE
   ((8 1) (7 0)))
  ((BOUND) ((NIL (GOAL-MET BOUND) (GOAL-MET BOUND))) POWER (ROTAT)
   ((-1 0 0 1) (0 1 0 5) (0 0 -1 0) (0 0 0 1)) NIL SOURCE
   ((7 1) (3 1) (1 1) (0 1)))
  ((BOUND) ((NIL (GOAL-MET BOUND) (GOAL-MET (0 5)))) POWER (ROTAT)
   ((-1 0 0 1) (0 1 0 5) (0 0 -1 0) (0 0 0 1)) NIL SINK ((0 0) GOAL))
  (((0 297)) ((NIL (GOAL-MET BOUND) (GOAL-MET (0 0)))) POWER (TRANS)
   ((0 1 0 0) (-1 0 0 0) (0 0 1 0) (0 0 0 1)) NIL SOURCE ((5 1) GOAL)))
 (((0 0) (+ 0 (/ (0 297) 367.7)))
  ((0 5) (/ (+ 0 (/ (0 297) 367.7)) (/ 0.0142 2))))
 (DIAL SHAFT BEARING-ROTAT DIAL DIAL FOOTPAD SPRING GEAR RACK)
 ((AGENT-TRANS-SINK-SERIES-DANGLE (0.1 0.1 0.6 0.1 -0.1) TRANS SINK SERIES
   DANGLE)
  (AGENT-ELECT-SINK-SERIES-CONNECT (0.1 0.6 0.1 0.1 -0.1) ELECT SINK SERIES
   CONNECT)
  (AGENT-ROTAT-SOURCE-SERIES-GROUND (0.2 0.2 0.2 0.2 -0.2) ROTAT SOURCE SERIES
   GROUND)
  (AGENT-ROTAT-SINK-SERIES-CONNECT (0.6 0.1 0.1 0.1 -0.1) ROTAT SINK SERIES
   CONNECT)
  (AGENT-HYDRA-SOURCE-SERIES-GROUND (0.2 0.2 0.2 0.2 -0.2) HYDRA SOURCE SERIES
   GROUND)
  (AGENT-ROTAT-SOURCE-SERIES-CONNECT (0.2 0.2 0.2 0.2 -0.2) ROTAT SOURCE
   SERIES CONNECT)
  (AGENT-HYDRA-SOURCE-PARALLEL-CONNECT (0.6 0.1 0.1 0.1 -0.1) HYDRA SOURCE
   PARALLEL CONNECT)
  (AGENT-TRANS-SINK-PARALLEL-DANGLE (0.6 0.1 0.1 0.1 -0.1) TRANS SINK PARALLEL
   DANGLE)
  (AGENT-TRANS-SINK-PARALLEL-CONNECT (0.1 0.6 0.1 0.1 -0.1) TRANS SINK
   PARALLEL CONNECT))
 ((IMAG-DIAL-2 (0) (3.0 0.02 0.99))
  (SHAFT-AAS-A8-1 (0.0254 0.00635) (1.0 0.01393 0.99 5.0e-6 1.27e-4))
  (BEARING-ABS-A2-19 (4.0e-4 0.00635 0.009525) (6.99 0.012 0.99))
  (IMAG-DIAL-2 (0) (3.0 0.02 0.99)) (IMAG-DIAL-1 (0) (1.5 0.01 0.99))
  (IMAG-FOOTPAD-1 (0) (1.5 0.1 0.99))
  (SPRING-ERS-A1-4 (367.7 0.00158 0.0127 2.54e-4) (0.89 0.005 0.98))
  (GEAR-LAS-F7-36 (0.0142 0.00635 36 64) (6.29 0.01 0.98))
  (RACK-KHS-F2-142 (64 0.1778) (26.75 0.032 0.99)))
 (AGENT-CHEAP-MIDDLE-MG-LEAST-USED-DATUM
   AGENT-CHEAP-MIDDLE-MG-LEAST-USED-DATUM AGENT-LIGHT-LOWER-MG-MOST-USED-DATUM
   AGENT-CHEAP-LOWER-MG-MOST-USED-DATUM AGENT-CHEAP-MIDDLE-MG-MOST-USED-DATUM
   AGENT-EFFICIENT-UPPER-MG-MOST-USED-DATUM
   AGENT-EFFICIENT-LOWER-MG-MOST-USED-DATUM
   AGENT-CHEAP-LOWER-MG-MOST-USED-DATUM
   AGENT-CHEAP-MIDDLE-MG-LEAST-USED-DATUM)
 (AGENT-EXPENSIVE-DANGLES-IN-GRAPH) (50.92 0.22293 4243.864 0.23405477)) 
((((BOUND) ((0 0 0)) POWER (TRANS) ((0 1 0 0) (-1 0 0 0) (0 0 1 0) (0 0 0 1))
   BOLT SINK ((1 0) GROUND))
  ((BOUND) ((0 0 0)) POWER (ROTAT) ((0 1 0 0) (-1 0 0 0) (0 0 1 0) (0 0 0 1))
   BOLT SINK ((3 1) GROUND))
  ((BOUND) ((0 0 0)) POWER (ROTAT) ((0 1 0 0) (-1 0 0 0) (0 0 1 0) (0 0 0 1))
   BOLT SINK ((4 1) GROUND))
  ((BOUND) ((NIL (GOAL-MET BOUND) (GOAL-MET BOUND))) POWER (ROTAT)
   ((0 1 0 0) (-1 0 0 0) (0 0 1 0) (0 0 0 1)) SHAFT-HOLE SINK ((7 1)))
  ((BOUND) ((NIL (GOAL-MET BOUND) (GOAL-MET BOUND))) POWER (ROTAT)
   ((0 1 0 0) (-1 0 0 0) (0 0 1 0) (0 0 0 1)) NIL SOURCE ((7 0) (6 0)))
  ((BOUND) ((NIL (GOAL-MET BOUND) (GOAL-MET BOUND))) POWER (ROTAT)
   ((0 1 0 0) (-1 0 0 0) (0 0 1 0) (0 0 0 1)) NIL SINK
   ((6 1) (5 1) (4 0) (3 0) (2 1)))
  ((BOUND) ((NIL (GOAL-MET BOUND) (GOAL-MET BOUND))) POWER (TRANS)
   ((0 1 0 0) (-1 0 0 0) (0 0 1 0) (0 0 0 1)) NIL SOURCE ((8 0) (5 0)))
  ((BOUND) ((NIL (GOAL-MET BOUND) (GOAL-MET BOUND))) POWER (TRANS)
   ((0 1 0 0) (-1 0 0 0) (0 0 1 0) (0 0 0 1)) BOLT SOURCE ((8 1) (1 1) (0 0)))
  (((0 297)) ((NIL (GOAL-MET BOUND) (GOAL-MET (0 0)))) POWER (TRANS)
   ((0 1 0 0) (-1 0 0 0) (0 0 1 0) (0 0 0 1)) NIL SOURCE ((0 1) GOAL))
  ((BOUND) ((NIL (GOAL-MET BOUND) (GOAL-MET (0 5)))) POWER (ROTAT)
   ((-1 0 0 1) (0 1 0 5) (0 0 -1 0) (0 0 0 1)) NIL SINK ((2 0) GOAL)))
 (((0 5) (/ (+ 0 (/ (0 297) 367.7)) (/ 0.0254 2)))
  ((0 0) (+ 0 (/ (0 297) 367.7))))
 (FOOTPAD SPRING DIAL BEARING-ROTAT BEARING-ROTAT PULLEY DIAL DIAL BELT)
 ((AGENT-ELECT-SOURCE-SERIES-CONNECT (0.6 0.1 0.1 0.1 -0.1) ELECT SOURCE
   SERIES CONNECT)
  (AGENT-ELECT-SINK-PARALLEL-CONNECT (0.1 0.1 0.6 0.1 -0.1) ELECT SINK
   PARALLEL CONNECT)
  (AGENT-ELECT-SOURCE-SERIES-CONNECT (0.1 0.1 0.6 0.1 -0.1) ELECT SOURCE
   SERIES CONNECT)
  (AGENT-TRANS-SINK-PARALLEL-DANGLE (0.1 0.1 0.6 0.1 -0.1) TRANS SINK PARALLEL
   DANGLE)
  (AGENT-ELECT-SINK-PARALLEL-GROUND (0.1 0.1 0.6 0.1 -0.1) ELECT SINK PARALLEL
   GROUND)
  (AGENT-ROTAT-SOURCE-PARALLEL-DANGLE (0.6 0.1 0.1 0.1 -0.1) ROTAT SOURCE
   PARALLEL DANGLE)
  (AGENT-ELECT-SINK-PARALLEL-DANGLE (0.6 0.1 0.1 0.1 -0.1) ELECT SINK PARALLEL
   DANGLE)
  (AGENT-ELECT-SOURCE-SERIES-DANGLE (0.6 0.1 0.1 0.1 -0.1) ELECT SOURCE SERIES
   DANGLE)
  (AGENT-TRANS-SINK-PARALLEL-CONNECT (0.2 0.2 0.2 0.2 -0.2) TRANS SINK
   PARALLEL CONNECT))
 ((IMAG-FOOTPAD-1 (0) (1.5 0.1 0.99))
  (SPRING-ERS-A1-4 (367.7 0.00158 0.0127 2.54e-4) (0.89 0.005 0.98))
  (IMAG-DIAL-1 (0) (1.5 0.01 0.99))
  (BEARING-ABS-A2-19 (4.0e-4 0.00635 0.009525) (6.99 0.012 0.99))
  (BEARING-ABS-A2-21 (3.0e-4 0.00635 0.0127) (6.47 0.02 0.99))
  (PULLEY-FBS-A1-13 (0.0254 0.00635 0.00318)
   (5.51 0.016 0.99 5.08e-5 1.27e-5))
  (IMAG-DIAL-1 (0) (1.5 0.01 0.99)) (IMAG-DIAL-2 (0) (3.0 0.02 0.99))
  (BELT-FAM-A1-5 (0.559 0.00318) (2.54 0.008 0.97)))
 (AGENT-CHEAP-MIDDLE-MG-MOST-USED-DATUM AGENT-CHEAP-LOWER-MG-LEAST-USED-DATUM
   AGENT-EFFICIENT-UPPER-MG-MOST-USED-DATUM
   AGENT-EFFICIENT-UPPER-MG-MOST-USED-DATUM
   AGENT-LIGHT-LOWER-MG-LEAST-USED-DATUM AGENT-LIGHT-MIDDLE-MG-MOST-USED-DATUM
   AGENT-CHEAP-MIDDLE-MG-MOST-USED-DATUM
   AGENT-EFFICIENT-MIDDLE-MG-LEAST-USED-DATUM
   AGENT-CHEAP-LOWER-MG-MOST-USED-DATUM)
 (AGENT-LIGHT-DANGLES-IN-GRAPH) (29.899998 0.201 1231.9454 0.23405477)) 
((((BOUND) ((0 0 0)) POWER (ROTAT) ((-1 0 0 1) (0 1 0 5) (0 0 -1 0) (0 0 0 1))
   BOLT SINK ((2 1) GROUND))
  ((BOUND) ((NIL (GOAL-MET BOUND) (GOAL-MET BOUND))) POWER (ROTAT)
   ((-1 0 0 1) (0 1 0 5) (0 0 -1 0) (0 0 0 1)) NIL SOURCE ((4 1) (2 0) (1 0)))
  ((BOUND) ((NIL (GOAL-MET BOUND) (GOAL-MET BOUND))) POWER (ROTAT)
   ((-1 0 0 1) (0 1 0 5) (0 0 -1 0) (0 0 0 1)) NIL SOURCE ((4 0) (3 0)))
  ((BOUND) ((0 0 0)) POWER (TRANS) ((-1 0 0 1) (0 1 0 5) (0 0 -1 0) (0 0 0 1))
   BOLT SINK ((6 1) GROUND))
  ((BOUND) ((NIL (GOAL-MET BOUND) (GOAL-MET BOUND))) POWER (TRANS)
   ((-1 0 0 1) (0 1 0 5) (0 0 -1 0) (0 0 0 1)) BOLT SOURCE
   ((8 0) (6 0) (5 0)))
  ((BOUND) ((NIL (GOAL-MET BOUND) (GOAL-MET BOUND))) POWER (TRANS)
   ((-1 0 0 1) (0 1 0 5) (0 0 -1 0) (0 0 0 1)) GEAR-TEETH SOURCE
   ((8 1) (7 0)))
  ((BOUND) ((NIL (GOAL-MET BOUND) (GOAL-MET BOUND))) POWER (ROTAT)
   ((-1 0 0 1) (0 1 0 5) (0 0 -1 0) (0 0 0 1)) NIL SOURCE
   ((7 1) (3 1) (1 1) (0 1)))
  ((BOUND) ((NIL (GOAL-MET BOUND) (GOAL-MET (0 5)))) POWER (ROTAT)
   ((-1 0 0 1) (0 1 0 5) (0 0 -1 0) (0 0 0 1)) NIL SINK ((0 0) GOAL))
  (((0 297)) ((NIL (GOAL-MET BOUND) (GOAL-MET (0 0)))) POWER (TRANS)
   ((0 1 0 0) (-1 0 0 0) (0 0 1 0) (0 0 0 1)) NIL SOURCE ((5 1) GOAL)))
 (((0 0) (+ 0 (/ (0 297) 980.73)))
  ((0 5) (/ (+ 0 (/ (0 297) 980.73)) (/ 0.0508 2))))
 (DIAL SHAFT BEARING-ROTAT DIAL DIAL FOOTPAD SPRING GEAR RACK)
 ((AGENT-TRANS-SINK-SERIES-DANGLE (0.1 0.1 0.6 0.1 -0.1) TRANS SINK SERIES
   DANGLE)
  (AGENT-ELECT-SINK-SERIES-CONNECT (0.1 0.6 0.1 0.1 -0.1) ELECT SINK SERIES
   CONNECT)
  (AGENT-ROTAT-SOURCE-SERIES-GROUND (0.2 0.2 0.2 0.2 -0.2) ROTAT SOURCE SERIES
   GROUND)
  (AGENT-ROTAT-SINK-SERIES-CONNECT (0.6 0.1 0.1 0.1 -0.1) ROTAT SINK SERIES
   CONNECT)
  (AGENT-HYDRA-SOURCE-SERIES-GROUND (0.2 0.2 0.2 0.2 -0.2) HYDRA SOURCE SERIES
   GROUND)
  (AGENT-ROTAT-SOURCE-SERIES-CONNECT (0.2 0.2 0.2 0.2 -0.2) ROTAT SOURCE
   SERIES CONNECT)
  (AGENT-HYDRA-SOURCE-PARALLEL-CONNECT (0.6 0.1 0.1 0.1 -0.1) HYDRA SOURCE
   PARALLEL CONNECT)
  (AGENT-TRANS-SINK-PARALLEL-DANGLE (0.6 0.1 0.1 0.1 -0.1) TRANS SINK PARALLEL
   DANGLE)
  (AGENT-TRANS-SINK-PARALLEL-CONNECT (0.1 0.6 0.1 0.1 -0.1) TRANS SINK
   PARALLEL CONNECT))
 ((IMAG-DIAL-2 (0) (3.0 0.02 0.99))
  (SHAFT-AAS-A8-20 (0.0856 0.00635) (2.25 0.01393 0.99 5.0e-6 1.27e-4))
  (BEARING-ABS-A2-23 (2.0e-4 0.00635 0.015875) (7.21 0.03 0.99))
  (IMAG-DIAL-1 (0) (1.5 0.01 0.99)) (IMAG-DIAL-1 (0) (1.5 0.01 0.99))
  (IMAG-FOOTPAD-1 (0) (1.5 0.1 0.99))
  (SPRING-ERS-A1-5 (980.73 0.00158 0.00953 3.05e-4) (0.89 0.005 0.98))
  (GEAR-LAS-F7-128 (0.0508 0.00635 128 64) (12.03 0.033 0.98))
  (RACK-KHS-F2-142 (64 0.1778) (26.75 0.032 0.99)))
 (AGENT-LIGHT-UPPER-MG-LEAST-USED-DATUM
   AGENT-EFFICIENT-UPPER-MG-MOST-USED-DATUM
   AGENT-CHEAP-MIDDLE-MG-MOST-USED-DATUM AGENT-LIGHT-UPPER-MG-LEAST-USED-DATUM
   AGENT-LIGHT-LOWER-MG-LEAST-USED-DATUM
   AGENT-EFFICIENT-MIDDLE-MG-MOST-USED-DATUM
   AGENT-EFFICIENT-LOWER-MG-LEAST-USED-DATUM
   AGENT-EFFICIENT-MIDDLE-MG-LEAST-USED-DATUM
   AGENT-LIGHT-MIDDLE-MG-MOST-USED-DATUM)
 (AGENT-EXPENSIVE-CHEAPER-IN-GRAPH) (56.629997 0.25393 17.192472 0.032900758)) 
((((BOUND) ((0 0 0)) POWER (TRANS) ((0 1 0 0) (-1 0 0 0) (0 0 1 0) (0 0 0 1))
   BOLT SINK ((1 0) GROUND))
  ((BOUND) ((NIL (GOAL-MET BOUND) (GOAL-MET BOUND))) POWER (ROTAT)
   ((0 1 0 0) (-1 0 0 0) (0 0 1 0) (0 0 0 1)) SHAFT SOURCE ((3 1)))
  ((BOUND) ((0 0 0)) POWER (ROTAT) ((0 1 0 0) (-1 0 0 0) (0 0 1 0) (0 0 0 1))
   BOLT SINK ((4 1) GROUND))
  ((BOUND) ((0 0 0)) POWER (ROTAT) ((0 1 0 0) (-1 0 0 0) (0 0 1 0) (0 0 0 1))
   BOLT SINK ((5 1) GROUND))
  ((BOUND) ((NIL BOUND NIL)) POWER (ROTAT)
   ((0 1 0 0) (-1 0 0 0) (0 0 1 0) (0 0 0 1)) BOLT SOURCE ((7 1)))
  ((BOUND) ((NIL BOUND NIL)) POWER (ELECT)
   ((0 1 0 0) (-1 0 0 0) (0 0 1 0) (0 0 0 1)) WIRE SINK ((10 0)))
  ((BOUND) ((NIL BOUND NIL)) POWER (ELECT)
   ((0 1 0 0) (-1 0 0 0) (0 0 1 0) (0 0 0 1)) WIRE SINK ((10 1)))
  ((BOUND) ((NIL BOUND (GOAL-MET BOUND))) POWER (ROTAT)
   ((0 1 0 0) (-1 0 0 0) (0 0 1 0) (0 0 0 1)) SHAFT SINK ((10 2) (9 1)))
  ((BOUND) ((NIL BOUND (GOAL-MET BOUND))) POWER (ROTAT)
   ((0 1 0 0) (-1 0 0 0) (0 0 1 0) (0 0 0 1)) NIL SOURCE ((9 0) (8 0)))
  ((BOUND) ((NIL (GOAL-MET BOUND) (GOAL-MET BOUND))) POWER (ROTAT)
   ((0 1 0 0) (-1 0 0 0) (0 0 1 0) (0 0 0 1)) SHAFT SOURCE
   ((8 1) (7 0) (6 1) (5 0) (4 0) (3 0) (2 1)))
  ((BOUND) ((NIL BOUND (GOAL-MET BOUND))) POWER (TRANS)
   ((0 1 0 0) (-1 0 0 0) (0 0 1 0) (0 0 0 1)) NIL SOURCE ((11 0) (6 0)))
  ((BOUND) ((NIL BOUND (GOAL-MET BOUND))) POWER (TRANS)
   ((0 1 0 0) (-1 0 0 0) (0 0 1 0) (0 0 0 1)) BOLT SOURCE
   ((11 1) (1 1) (0 0)))
  (((0 297)) ((NIL BOUND (GOAL-MET (0 0)))) POWER (TRANS)
   ((0 1 0 0) (-1 0 0 0) (0 0 1 0) (0 0 0 1)) NIL SOURCE ((0 1) GOAL))
  ((BOUND) ((NIL (GOAL-MET BOUND) (GOAL-MET (0 5)))) POWER (ROTAT)
   ((-1 0 0 1) (0 1 0 5) (0 0 -1 0) (0 0 0 1)) NIL SINK ((2 0) GOAL)))
 (((0 5) (/ (+ 0 (/ (0 297) 1786)) (/ 0.0381 2)))
  ((0 0) (+ 0 (/ (0 297) 1786))))
 (FOOTPAD SPRING DIAL SHAFT BEARING-ROTAT BEARING-ROTAT PULLEY BEARING-ROTAT
  DIAL DIAL POTENTIOMETER BELT)
 ((AGENT-ELECT-SOURCE-SERIES-CONNECT (0.6 0.1 0.1 0.1 -0.1) ELECT SOURCE
   SERIES CONNECT)
  (AGENT-ELECT-SINK-PARALLEL-CONNECT (0.1 0.1 0.6 0.1 -0.1) ELECT SINK
   PARALLEL CONNECT)
  (AGENT-ELECT-SOURCE-SERIES-CONNECT (0.1 0.1 0.6 0.1 -0.1) ELECT SOURCE
   SERIES CONNECT)
  (AGENT-TRANS-SOURCE-PARALLEL-CONNECT (0.1 0.1 0.6 0.1 -0.1) TRANS SOURCE
   PARALLEL CONNECT)
  (AGENT-TRANS-SINK-PARALLEL-DANGLE (0.1 0.1 0.6 0.1 -0.1) TRANS SINK PARALLEL
   DANGLE)
  (AGENT-ELECT-SINK-PARALLEL-GROUND (0.1 0.1 0.6 0.1 -0.1) ELECT SINK PARALLEL
   GROUND)
  (AGENT-ROTAT-SOURCE-PARALLEL-DANGLE (0.6 0.1 0.1 0.1 -0.1) ROTAT SOURCE
   PARALLEL DANGLE)
  (AGENT-ELECT-SINK-PARALLEL-DANGLE (0.6 0.1 0.1 0.1 -0.1) ELECT SINK PARALLEL
   DANGLE)
  (AGENT-ELECT-SINK-PARALLEL-DANGLE (0.6 0.1 0.1 0.1 -0.1) ELECT SINK PARALLEL
   DANGLE)
  (AGENT-ELECT-SOURCE-SERIES-DANGLE (0.6 0.1 0.1 0.1 -0.1) ELECT SOURCE SERIES
   DANGLE)
  (AGENT-ROTAT-SOURCE-SERIES-DANGLE (0.6 0.1 0.1 0.1 -0.1) ROTAT SOURCE SERIES
   DANGLE)
  (AGENT-TRANS-SINK-PARALLEL-CONNECT (0.2 0.2 0.2 0.2 -0.2) TRANS SINK
   PARALLEL CONNECT))
 ((IMAG-FOOTPAD-1 (0) (1.5 0.1 0.99))
  (SPRING-ERS-A1-24 (1786 0.00476 0.0254 6.6e-4) (0.78 0.008 0.98))
  (IMAG-DIAL-1 (0) (1.5 0.01 0.99))
  (SHAFT-AAS-A8-10 (0.0538 0.00635) (1.98 0.01393 0.99 5.0e-6 1.27e-4))
  (BEARING-ABS-A2-19 (4.0e-4 0.00635 0.009525) (6.99 0.012 0.99))
  (BEARING-ABS-A2-19 (4.0e-4 0.00635 0.009525) (6.99 0.012 0.99))
  (PULLEY-FBS-A1-14 (0.0381 0.00635 0.00318) (6.7 0.048 0.99 5.08e-5 1.27e-5))
  (BEARING-ABS-A2-19 (4.0e-4 0.00635 0.009525) (6.99 0.012 0.99))
  (IMAG-DIAL-1 (0) (1.5 0.01 0.99)) (IMAG-DIAL-1 (0) (1.5 0.01 0.99))
  (POT-522-162K (0.00635 358.1 0.002) (17.18 0.006 0.45))
  (BELT-FAM-A1-10 (0.758 0.00318) (3.97 0.0105 0.97)))
 (AGENT-LIGHT-LOWER-MG-LEAST-USED-DATUM AGENT-CHEAP-MIDDLE-MG-MOST-USED-DATUM
   AGENT-EFFICIENT-LOWER-MG-LEAST-USED-DATUM
   AGENT-LIGHT-MIDDLE-MG-MOST-USED-DATUM AGENT-CHEAP-UPPER-MG-MOST-USED-DATUM
   AGENT-CHEAP-LOWER-MG-MOST-USED-DATUM AGENT-LIGHT-UPPER-MG-LEAST-USED-DATUM
   AGENT-EFFICIENT-LOWER-MG-LEAST-USED-DATUM
   AGENT-LIGHT-UPPER-MG-LEAST-USED-DATUM AGENT-CHEAP-LOWER-MG-MOST-USED-DATUM
   AGENT-CHEAP-MIDDLE-MG-MOST-USED-DATUM
   AGENT-LIGHT-MIDDLE-MG-MOST-USED-DATUM)
 (AGENT-LIGHT-LIGHTER-IN-COMPS) (57.58 0.25243 4.989412 25315983/2551836800)) 
((((BOUND) ((0 0 0)) POWER (ROTAT) ((-1 0 0 1) (0 1 0 5) (0 0 -1 0) (0 0 0 1))
   BOLT SINK ((2 1) GROUND))
  ((BOUND) ((NIL (GOAL-MET BOUND) (GOAL-MET BOUND))) POWER (ROTAT)
   ((-1 0 0 1) (0 1 0 5) (0 0 -1 0) (0 0 0 1)) SHAFT SOURCE
   ((4 1) (2 0) (1 0)))
  ((BOUND) ((NIL BOUND (GOAL-MET BOUND))) POWER (ROTAT)
   ((-1 0 0 1) (0 1 0 5) (0 0 -1 0) (0 0 0 1)) NIL SOURCE ((4 0) (3 0)))
  ((BOUND) ((0 0 0)) POWER (TRANS) ((-1 0 0 1) (0 1 0 5) (0 0 -1 0) (0 0 0 1))
   BOLT SINK ((6 1) GROUND))
  ((BOUND) ((NIL BOUND BOUND)) POWER (TRANS)
   ((-1 0 0 1) (0 1 0 5) (0 0 -1 0) (0 0 0 1)) GEAR-TEETH SOURCE ((7 1)))
  ((BOUND) ((NIL BOUND (GOAL-MET BOUND))) POWER (TRANS)
   ((-1 0 0 1) (0 1 0 5) (0 0 -1 0) (0 0 0 1)) BOLT SOURCE
   ((9 0) (7 0) (6 0) (5 0)))
  ((BOUND) ((NIL BOUND (GOAL-MET BOUND))) POWER (TRANS)
   ((-1 0 0 1) (0 1 0 5) (0 0 -1 0) (0 0 0 1)) GEAR-TEETH SOURCE
   ((9 1) (8 0)))
  ((BOUND) ((NIL (GOAL-MET BOUND) (GOAL-MET BOUND))) POWER (ROTAT)
   ((-1 0 0 1) (0 1 0 5) (0 0 -1 0) (0 0 0 1)) SHAFT SOURCE
   ((8 1) (3 1) (1 1) (0 1)))
  ((BOUND) ((NIL (GOAL-MET BOUND) (GOAL-MET (0 5)))) POWER (ROTAT)
   ((-1 0 0 1) (0 1 0 5) (0 0 -1 0) (0 0 0 1)) NIL SINK ((0 0) GOAL))
  (((0 297)) ((NIL BOUND (GOAL-MET (0 0)))) POWER (TRANS)
   ((0 1 0 0) (-1 0 0 0) (0 0 1 0) (0 0 0 1)) NIL SOURCE ((5 1) GOAL)))
 (((0 0) (+ 0 (/ (0 297) 367.7)))
  ((0 5) (/ (+ 0 (/ (0 297) 367.7)) (/ 0.0142 2))))
 (DIAL SHAFT BEARING-ROTAT DIAL DIAL FOOTPAD SPRING RACK GEAR RACK)
 ((AGENT-TRANS-SINK-SERIES-DANGLE (0.1 0.1 0.6 0.1 -0.1) TRANS SINK SERIES
   DANGLE)
  (AGENT-ELECT-SINK-SERIES-CONNECT (0.1 0.6 0.1 0.1 -0.1) ELECT SINK SERIES
   CONNECT)
  (AGENT-ROTAT-SOURCE-SERIES-GROUND (0.2 0.2 0.2 0.2 -0.2) ROTAT SOURCE SERIES
   GROUND)
  (AGENT-ROTAT-SINK-SERIES-CONNECT (0.6 0.1 0.1 0.1 -0.1) ROTAT SINK SERIES
   CONNECT)
  (AGENT-HYDRA-SOURCE-SERIES-GROUND (0.2 0.2 0.2 0.2 -0.2) HYDRA SOURCE SERIES
   GROUND)
  (AGENT-ROTAT-SOURCE-SERIES-CONNECT (0.2 0.2 0.2 0.2 -0.2) ROTAT SOURCE
   SERIES CONNECT)
  (AGENT-HYDRA-SOURCE-PARALLEL-CONNECT (0.6 0.1 0.1 0.1 -0.1) HYDRA SOURCE
   PARALLEL CONNECT)
  (AGENT-ELECT-SOURCE-SERIES-CONNECT (0.6 0.1 0.1 0.1 -0.1) ELECT SOURCE
   SERIES CONNECT)
  (AGENT-TRANS-SINK-PARALLEL-DANGLE (0.6 0.1 0.1 0.1 -0.1) TRANS SINK PARALLEL
   DANGLE)
  (AGENT-TRANS-SINK-PARALLEL-CONNECT (0.1 0.6 0.1 0.1 -0.1) TRANS SINK
   PARALLEL CONNECT))
 ((IMAG-DIAL-2 (0) (3.0 0.02 0.99))
  (SHAFT-AAS-A8-1 (0.0254 0.00635) (1.0 0.01393 0.99 5.0e-6 1.27e-4))
  (BEARING-ABS-A2-21 (3.0e-4 0.00635 0.0127) (6.47 0.02 0.99))
  (IMAG-DIAL-1 (0) (1.5 0.01 0.99)) (IMAG-DIAL-2 (0) (3.0 0.02 0.99))
  (IMAG-FOOTPAD-1 (0) (1.5 0.1 0.99))
  (SPRING-ERS-A1-4 (367.7 0.00158 0.0127 2.54e-4) (0.89 0.005 0.98))
  (RACK-KHS-F2-142 (64 0.1778) (26.75 0.032 0.99))
  (GEAR-LAS-F7-36 (0.0142 0.00635 36 64) (6.29 0.01 0.98))
  (RACK-KHS-F2-142 (64 0.1778) (26.75 0.032 0.99)))
 (AGENT-LIGHT-LOWER-MG-MOST-USED-DATUM AGENT-CHEAP-MIDDLE-MG-MOST-USED-DATUM
   AGENT-LIGHT-LOWER-MG-LEAST-USED-DATUM
   AGENT-CHEAP-MIDDLE-MG-LEAST-USED-DATUM
   AGENT-CHEAP-MIDDLE-MG-MOST-USED-DATUM AGENT-LIGHT-MIDDLE-MG-MOST-USED-DATUM
   AGENT-EFFICIENT-LOWER-MG-MOST-USED-DATUM
   AGENT-LIGHT-LOWER-MG-MOST-USED-DATUM AGENT-LIGHT-LOWER-MG-LEAST-USED-DATUM
   AGENT-LIGHT-UPPER-MG-LEAST-USED-DATUM)
 (AGENT-HEAVY-LIGHTER-IN-COMPS) (77.15 0.26293 4243.864 0.23405477)) 
((((BOUND) ((0 0 0)) POWER (ROTAT) ((-1 0 0 1) (0 1 0 5) (0 0 -1 0) (0 0 0 1))
   BOLT SINK ((2 1) GROUND))
  ((BOUND) ((NIL (GOAL-MET BOUND) (GOAL-MET BOUND))) POWER (ROTAT)
   ((-1 0 0 1) (0 1 0 5) (0 0 -1 0) (0 0 0 1)) SHAFT SOURCE
   ((4 1) (2 0) (1 0)))
  ((BOUND) ((NIL BOUND (GOAL-MET BOUND))) POWER (ROTAT)
   ((-1 0 0 1) (0 1 0 5) (0 0 -1 0) (0 0 0 1)) NIL SOURCE ((4 0) (3 0)))
  ((BOUND) ((0 0 0)) POWER (TRANS) ((-1 0 0 1) (0 1 0 5) (0 0 -1 0) (0 0 0 1))
   BOLT SINK ((6 1) GROUND))
  ((BOUND) ((NIL BOUND BOUND)) POWER (TRANS)
   ((-1 0 0 1) (0 1 0 5) (0 0 -1 0) (0 0 0 1)) GEAR-TEETH SOURCE ((7 1)))
  ((BOUND) ((NIL BOUND (GOAL-MET BOUND))) POWER (TRANS)
   ((-1 0 0 1) (0 1 0 5) (0 0 -1 0) (0 0 0 1)) BOLT SOURCE
   ((9 0) (7 0) (6 0) (5 0)))
  ((BOUND) ((NIL BOUND (GOAL-MET BOUND))) POWER (TRANS)
   ((-1 0 0 1) (0 1 0 5) (0 0 -1 0) (0 0 0 1)) GEAR-TEETH SOURCE
   ((9 1) (8 0)))
  ((BOUND) ((NIL (GOAL-MET BOUND) (GOAL-MET BOUND))) POWER (ROTAT)
   ((-1 0 0 1) (0 1 0 5) (0 0 -1 0) (0 0 0 1)) SHAFT SOURCE
   ((8 1) (3 1) (1 1) (0 1)))
  ((BOUND) ((NIL (GOAL-MET BOUND) (GOAL-MET (0 5)))) POWER (ROTAT)
   ((-1 0 0 1) (0 1 0 5) (0 0 -1 0) (0 0 0 1)) NIL SINK ((0 0) GOAL))
  (((0 297)) ((NIL BOUND (GOAL-MET (0 0)))) POWER (TRANS)
   ((0 1 0 0) (-1 0 0 0) (0 0 1 0) (0 0 0 1)) NIL SOURCE ((5 1) GOAL)))
 (((0 0) (+ 0 (/ (0 297) 753.1)))
  ((0 5) (/ (+ 0 (/ (0 297) 753.1)) (/ 0.0238 2))))
 (DIAL SHAFT BEARING-ROTAT DIAL DIAL FOOTPAD SPRING RACK GEAR RACK)
 ((AGENT-TRANS-SINK-SERIES-DANGLE (0.1 0.1 0.6 0.1 -0.1) TRANS SINK SERIES
   DANGLE)
  (AGENT-ELECT-SINK-SERIES-CONNECT (0.1 0.6 0.1 0.1 -0.1) ELECT SINK SERIES
   CONNECT)
  (AGENT-ROTAT-SOURCE-SERIES-GROUND (0.2 0.2 0.2 0.2 -0.2) ROTAT SOURCE SERIES
   GROUND)
  (AGENT-ROTAT-SINK-SERIES-CONNECT (0.6 0.1 0.1 0.1 -0.1) ROTAT SINK SERIES
   CONNECT)
  (AGENT-HYDRA-SOURCE-SERIES-GROUND (0.2 0.2 0.2 0.2 -0.2) HYDRA SOURCE SERIES
   GROUND)
  (AGENT-ROTAT-SOURCE-SERIES-CONNECT (0.2 0.2 0.2 0.2 -0.2) ROTAT SOURCE
   SERIES CONNECT)
  (AGENT-HYDRA-SOURCE-PARALLEL-CONNECT (0.6 0.1 0.1 0.1 -0.1) HYDRA SOURCE
   PARALLEL CONNECT)
  (AGENT-ELECT-SOURCE-SERIES-CONNECT (0.6 0.1 0.1 0.1 -0.1) ELECT SOURCE
   SERIES CONNECT)
  (AGENT-TRANS-SINK-PARALLEL-DANGLE (0.6 0.1 0.1 0.1 -0.1) TRANS SINK PARALLEL
   DANGLE)
  (AGENT-TRANS-SINK-PARALLEL-CONNECT (0.1 0.6 0.1 0.1 -0.1) TRANS SINK
   PARALLEL CONNECT))
 ((IMAG-DIAL-1 (0) (1.5 0.01 0.99))
  (SHAFT-AAS-A8-20 (0.0856 0.00635) (2.25 0.01393 0.99 5.0e-6 1.27e-4))
  (BEARING-ABS-A2-19 (4.0e-4 0.00635 0.009525) (6.99 0.012 0.99))
  (IMAG-DIAL-2 (0) (3.0 0.02 0.99)) (IMAG-DIAL-2 (0) (3.0 0.02 0.99))
  (IMAG-FOOTPAD-1 (0) (1.5 0.1 0.99))
  (SPRING-ERS-A1-1 (753.1 0.00158 0.00635 2.03e-4) (0.89 0.002 0.98))
  (RACK-KHS-F2-142 (64 0.1778) (26.75 0.032 0.99))
  (GEAR-LAS-F7-60 (0.0238 0.00635 60 64) (7.54 0.065 0.98))
  (RACK-KHS-F2-142 (64 0.1778) (26.75 0.032 0.99)))
 (AGENT-LIGHT-LOWER-MG-LEAST-USED-DATUM AGENT-LIGHT-LOWER-MG-MOST-USED-DATUM
   AGENT-EFFICIENT-UPPER-MG-MOST-USED-DATUM
   AGENT-LIGHT-UPPER-MG-LEAST-USED-DATUM
   AGENT-CHEAP-MIDDLE-MG-LEAST-USED-DATUM
   AGENT-EFFICIENT-MIDDLE-MG-MOST-USED-DATUM
   AGENT-LIGHT-LOWER-MG-LEAST-USED-DATUM AGENT-CHEAP-LOWER-MG-LEAST-USED-DATUM
   AGENT-CHEAP-MIDDLE-MG-MOST-USED-DATUM
   AGENT-CHEAP-MIDDLE-MG-MOST-USED-DATUM)
 (AGENT-HEAVY-LIGHTER-IN-COMPS) (80.17 0.30693 284.0863 0.05579555)) 
((((BOUND) ((0 0 0)) POWER (ELECT) ((-1 0 0 1) (0 1 0 5) (0 0 -1 0) (0 0 0 1))
   WIRE SINK ((5 1) GROUND))
  ((BOUND) ((NIL NIL BOUND)) POWER (ROTAT)
   ((-1 0 0 1) (0 1 0 5) (0 0 -1 0) (0 0 0 1)) SHAFT SINK ((5 2)))
  ((BOUND) ((NIL (GOAL-MET BOUND) NIL)) POWER (ELECT)
   ((-1 0 0 1) (0 1 0 5) (0 0 -1 0) (0 0 0 1)) WIRE SOURCE
   ((5 0) (4 1) (3 0)))
  ((BOUND) ((NIL NIL NIL)) POWER (ROTAT)
   ((-1 0 0 1) (0 1 0 5) (0 0 -1 0) (0 0 0 1)) SHAFT SINK ((4 2)))
  ((BOUND) ((NIL (GOAL-MET BOUND) NIL)) POWER (ELECT)
   ((-1 0 0 1) (0 1 0 5) (0 0 -1 0) (0 0 0 1)) WIRE SOURCE ((12 0) (4 0)))
  ((BOUND) ((NIL (GOAL-MET BOUND) NIL)) POWER (ELECT)
   ((-1 0 0 1) (0 1 0 5) (0 0 -1 0) (0 0 0 1)) WIRE SOURCE ((12 1) (3 1)))
  ((BOUND) ((0 0 0)) POWER (ROTAT) ((-1 0 0 1) (0 1 0 5) (0 0 -1 0) (0 0 0 1))
   BOLT SINK ((6 1) GROUND))
  ((BOUND) ((0 0 0)) POWER (TRANS) ((-1 0 0 1) (0 1 0 5) (0 0 -1 0) (0 0 0 1))
   BOLT SINK ((2 1) GROUND))
  ((BOUND) ((NIL BOUND (GOAL-MET BOUND))) POWER (TRANS)
   ((-1 0 0 1) (0 1 0 5) (0 0 -1 0) (0 0 0 1)) NIL SOURCE ((14 0) (7 0)))
  ((BOUND) ((NIL BOUND (GOAL-MET BOUND))) POWER (TRANS)
   ((-1 0 0 1) (0 1 0 5) (0 0 -1 0) (0 0 0 1)) BOLT SOURCE
   ((14 1) (10 1) (8 0) (2 0) (1 0)))
  ((BOUND) ((NIL BOUND BOUND)) POWER (TRANS)
   ((-1 0 0 1) (0 1 0 5) (0 0 -1 0) (0 0 0 1)) BOLT SOURCE
   ((10 0) (9 0) (8 1)))
  ((BOUND) ((NIL BOUND BOUND)) POWER (TRANS)
   ((-1 0 0 1) (0 1 0 5) (0 0 -1 0) (0 0 0 1)) GEAR-TEETH SOURCE
   ((13 0) (11 0) (9 1)))
  ((BOUND) ((NIL (GOAL-MET BOUND) (GOAL-MET BOUND))) POWER (ROTAT)
   ((-1 0 0 1) (0 1 0 5) (0 0 -1 0) (0 0 0 1)) SHAFT SOURCE
   ((13 1) (11 1) (7 1) (6 0) (3 2) (0 1)))
  ((BOUND) ((NIL (GOAL-MET BOUND) (GOAL-MET (0 5)))) POWER (ROTAT)
   ((-1 0 0 1) (0 1 0 5) (0 0 -1 0) (0 0 0 1)) NIL SINK ((0 0) GOAL))
  (((0 297)) ((NIL BOUND (GOAL-MET (0 0)))) POWER (TRANS)
   ((0 1 0 0) (-1 0 0 0) (0 0 1 0) (0 0 0 1)) NIL SOURCE ((1 1) GOAL)))
 (((0 0) (+ 0 (/ (0 297) 437.8)))
  ((0 5) (/ (+ 0 (/ (0 297) 437.8)) (/ 0.0508 2))))
 (DIAL FOOTPAD SPRING POTENTIOMETER POTENTIOMETER POTENTIOMETER BEARING-ROTAT
  PULLEY BELT RACK LEVER1STCLASS GEAR RESISTOR GEAR BELT)
 ((AGENT-TRANS-SINK-PARALLEL-DANGLE (0.6 0.1 0.1 0.1 -0.1) TRANS SINK PARALLEL
   DANGLE)
  (AGENT-TRANS-SOURCE-SERIES-DANGLE (0.1 0.1 0.6 0.1 -0.1) TRANS SOURCE SERIES
   DANGLE)
  (AGENT-ELECT-SOURCE-SERIES-CONNECT (0.6 0.1 0.1 0.1 -0.1) ELECT SOURCE
   SERIES CONNECT)
  (AGENT-ROTAT-SINK-SERIES-DANGLE (0.2 0.2 0.2 0.2 -0.2) ROTAT SINK SERIES
   DANGLE)
  (AGENT-ELECT-SINK-PARALLEL-DANGLE (0.6 0.1 0.1 0.1 -0.1) ELECT SINK PARALLEL
   DANGLE)
  (AGENT-ELECT-SINK-PARALLEL-GROUND (0.1 0.6 0.1 0.1 -0.1) ELECT SINK PARALLEL
   GROUND)
  (AGENT-ELECT-SOURCE-PARALLEL-GROUND (0.6 0.1 0.1 0.1 -0.1) ELECT SOURCE
   PARALLEL GROUND)
  (AGENT-HYDRA-SINK-PARALLEL-DANGLE (0.6 0.1 0.1 0.1 -0.1) HYDRA SINK PARALLEL
   DANGLE)
  (AGENT-ELECT-SOURCE-PARALLEL-DANGLE (0.1 0.6 0.1 0.1 -0.1) ELECT SOURCE
   PARALLEL DANGLE)
  (AGENT-ROTAT-SOURCE-SERIES-DANGLE (0.1 0.6 0.1 0.1 -0.1) ROTAT SOURCE SERIES
   DANGLE)
  (AGENT-TRANS-SOURCE-PARALLEL-CONNECT (0.6 0.1 0.1 0.1 -0.1) TRANS SOURCE
   PARALLEL CONNECT)
  (AGENT-ROTAT-SINK-PARALLEL-CONNECT (0.6 0.1 0.1 0.1 -0.1) ROTAT SINK
   PARALLEL CONNECT)
  (AGENT-ELECT-SOURCE-SERIES-CONNECT (0.1 0.6 0.1 0.1 -0.1) ELECT SOURCE
   SERIES CONNECT)
  (AGENT-HYDRA-SOURCE-PARALLEL-CONNECT (0.6 0.1 0.1 0.1 -0.1) HYDRA SOURCE
   PARALLEL CONNECT)
  (AGENT-HYDRA-SINK-SERIES-CONNECT (0.1 0.1 0.6 0.1 -0.1) HYDRA SINK SERIES
   CONNECT))
 ((IMAG-DIAL-1 (0) (1.5 0.01 0.99)) (IMAG-FOOTPAD-1 (0) (1.5 0.1 0.99))
  (SPRING-ERS-A1-6 (437.8 0.00158 0.0191 3.05e-4) (0.89 0.006 0.98))
  (POT-522-16500 (0.00635 89.525 0.002) (17.18 0.006 0.45))
  (POT-522-165K (0.00635 895.25 0.002) (17.18 0.006 0.45))
  (POT-522-1610K (0.00635 1790.5 0.002) (17.18 0.006 0.45))
  (BEARING-ABS-A2-19 (4.0e-4 0.00635 0.009525) (6.99 0.012 0.99))
  (PULLEY-FBS-A1-15 (0.0508 0.00635 0.00318)
   (11.08 0.064 0.99 5.08e-5 1.27e-5))
  (BELT-FAM-A1-13 (0.878 0.00318) (6.22 0.012 0.97))
  (RACK-KHS-F2-142 (64 0.1778) (26.75 0.032 0.99))
  (IMAG-LEVER1ST-7 (0.001 0.007) (1.3 0.001 0.94))
  (GEAR-LAS-F7-60 (0.0238 0.00635 60 64) (7.54 0.065 0.98))
  (RESISTOR-297-7343 (820 0.5) (0.01 3.0e-6 0.4))
  (GEAR-LAS-F7-28 (0.0111 0.00635 28 64) (5.75 0.005 0.98))
  (BELT-FAM-A1-10 (0.758 0.00318) (3.97 0.0105 0.97)))
 (AGENT-LIGHT-MIDDLE-MG-MOST-USED-DATUM AGENT-CHEAP-MIDDLE-MG-MOST-USED-DATUM
   AGENT-LIGHT-LOWER-MG-MOST-USED-DATUM AGENT-CHEAP-MIDDLE-MG-MOST-USED-DATUM
   AGENT-CHEAP-LOWER-MG-MOST-USED-DATUM AGENT-CHEAP-MIDDLE-MG-MOST-USED-DATUM
   AGENT-EFFICIENT-LOWER-MG-MOST-USED-DATUM
   AGENT-EFFICIENT-UPPER-MG-MOST-USED-DATUM
   AGENT-LIGHT-MIDDLE-MG-MOST-USED-DATUM
   AGENT-EFFICIENT-MIDDLE-MG-LEAST-USED-DATUM
   AGENT-EFFICIENT-MIDDLE-MG-LEAST-USED-DATUM
   AGENT-LIGHT-LOWER-MG-LEAST-USED-DATUM
   AGENT-EFFICIENT-UPPER-MG-MOST-USED-DATUM
   AGENT-LIGHT-LOWER-MG-LEAST-USED-DATUM AGENT-CHEAP-UPPER-MG-MOST-USED-DATUM)
 NIL (125.04001 0.33550298 169.06177 0.16510236)) 
((((BOUND) ((0 0 0)) POWER (TRANS) ((0 1 0 0) (-1 0 0 0) (0 0 1 0) (0 0 0 1))
   BOLT SINK ((1 0) GROUND))
  ((BOUND) ((NIL (GOAL-MET BOUND) (GOAL-MET BOUND))) POWER (ROTAT)
   ((0 1 0 0) (-1 0 0 0) (0 0 1 0) (0 0 0 1)) SHAFT SOURCE ((3 1)))
  ((BOUND) ((0 0 0)) POWER (ROTAT) ((0 1 0 0) (-1 0 0 0) (0 0 1 0) (0 0 0 1))
   BOLT SINK ((4 1) GROUND))
  ((BOUND) ((0 0 0)) POWER (ROTAT) ((0 1 0 0) (-1 0 0 0) (0 0 1 0) (0 0 0 1))
   BOLT SINK ((5 1) GROUND))
  ((BOUND) ((NIL BOUND NIL)) POWER (ROTAT)
   ((0 1 0 0) (-1 0 0 0) (0 0 1 0) (0 0 0 1)) BOLT SOURCE ((7 1)))
  ((BOUND) ((NIL BOUND NIL)) POWER (ELECT)
   ((0 1 0 0) (-1 0 0 0) (0 0 1 0) (0 0 0 1)) WIRE SINK ((10 0)))
  ((BOUND) ((NIL BOUND NIL)) POWER (ELECT)
   ((0 1 0 0) (-1 0 0 0) (0 0 1 0) (0 0 0 1)) WIRE SINK ((10 1)))
  ((BOUND) ((NIL BOUND (GOAL-MET BOUND))) POWER (ROTAT)
   ((0 1 0 0) (-1 0 0 0) (0 0 1 0) (0 0 0 1)) SHAFT SINK ((10 2) (9 1)))
  ((BOUND) ((NIL BOUND (GOAL-MET BOUND))) POWER (ROTAT)
   ((0 1 0 0) (-1 0 0 0) (0 0 1 0) (0 0 0 1)) NIL SOURCE ((9 0) (8 0)))
  ((BOUND) ((NIL (GOAL-MET BOUND) (GOAL-MET BOUND))) POWER (ROTAT)
   ((0 1 0 0) (-1 0 0 0) (0 0 1 0) (0 0 0 1)) SHAFT SOURCE
   ((8 1) (7 0) (6 1) (5 0) (4 0) (3 0) (2 1)))
  ((BOUND) ((NIL BOUND (GOAL-MET BOUND))) POWER (TRANS)
   ((0 1 0 0) (-1 0 0 0) (0 0 1 0) (0 0 0 1)) NIL SOURCE ((11 0) (6 0)))
  ((BOUND) ((NIL BOUND (GOAL-MET BOUND))) POWER (TRANS)
   ((0 1 0 0) (-1 0 0 0) (0 0 1 0) (0 0 0 1)) BOLT SOURCE
   ((11 1) (1 1) (0 0)))
  (((0 297)) ((NIL BOUND (GOAL-MET (0 0)))) POWER (TRANS)
   ((0 1 0 0) (-1 0 0 0) (0 0 1 0) (0 0 0 1)) NIL SOURCE ((0 1) GOAL))
  ((BOUND) ((NIL (GOAL-MET BOUND) (GOAL-MET (0 5)))) POWER (ROTAT)
   ((-1 0 0 1) (0 1 0 5) (0 0 -1 0) (0 0 0 1)) NIL SINK ((2 0) GOAL)))
 (((0 5) (/ (+ 0 (/ (0 297) 350.26)) (/ 0.0635 2)))
  ((0 0) (+ 0 (/ (0 297) 350.26))))
 (FOOTPAD SPRING DIAL SHAFT BEARING-ROTAT BEARING-ROTAT PULLEY BEARING-ROTAT
  DIAL DIAL POTENTIOMETER BELT)
 ((AGENT-ELECT-SOURCE-SERIES-CONNECT (0.6 0.1 0.1 0.1 -0.1) ELECT SOURCE
   SERIES CONNECT)
  (AGENT-ELECT-SINK-PARALLEL-CONNECT (0.1 0.1 0.6 0.1 -0.1) ELECT SINK
   PARALLEL CONNECT)
  (AGENT-ELECT-SOURCE-SERIES-CONNECT (0.1 0.1 0.6 0.1 -0.1) ELECT SOURCE
   SERIES CONNECT)
  (AGENT-TRANS-SOURCE-PARALLEL-CONNECT (0.1 0.1 0.6 0.1 -0.1) TRANS SOURCE
   PARALLEL CONNECT)
  (AGENT-TRANS-SINK-PARALLEL-DANGLE (0.1 0.1 0.6 0.1 -0.1) TRANS SINK PARALLEL
   DANGLE)
  (AGENT-ELECT-SINK-PARALLEL-GROUND (0.1 0.1 0.6 0.1 -0.1) ELECT SINK PARALLEL
   GROUND)
  (AGENT-ROTAT-SOURCE-PARALLEL-DANGLE (0.6 0.1 0.1 0.1 -0.1) ROTAT SOURCE
   PARALLEL DANGLE)
  (AGENT-ELECT-SINK-PARALLEL-DANGLE (0.6 0.1 0.1 0.1 -0.1) ELECT SINK PARALLEL
   DANGLE)
  (AGENT-ELECT-SINK-PARALLEL-DANGLE (0.6 0.1 0.1 0.1 -0.1) ELECT SINK PARALLEL
   DANGLE)
  (AGENT-ELECT-SOURCE-SERIES-DANGLE (0.6 0.1 0.1 0.1 -0.1) ELECT SOURCE SERIES
   DANGLE)
  (AGENT-ROTAT-SOURCE-SERIES-DANGLE (0.6 0.1 0.1 0.1 -0.1) ROTAT SOURCE SERIES
   DANGLE)
  (AGENT-TRANS-SINK-PARALLEL-CONNECT (0.2 0.2 0.2 0.2 -0.2) TRANS SINK
   PARALLEL CONNECT))
 ((IMAG-FOOTPAD-1 (0) (1.5 0.1 0.99))
  (SPRING-ERS-A1-2 (350.26 0.00158 0.0127 2.03e-4) (0.89 0.004 0.98))
  (IMAG-DIAL-1 (0) (1.5 0.01 0.99))
  (SHAFT-AAS-A8-1 (0.0254 0.00635) (1.0 0.01393 0.99 5.0e-6 1.27e-4))
  (BEARING-ABS-A2-23 (2.0e-4 0.00635 0.015875) (7.21 0.03 0.99))
  (BEARING-ABS-A2-19 (4.0e-4 0.00635 0.009525) (6.99 0.012 0.99))
  (PULLEY-FBS-A1-16 (0.0635 0.00635 0.00318) (12.28 0.1 0.99 5.08e-5 1.27e-5))
  (BEARING-ABS-A2-19 (4.0e-4 0.00635 0.009525) (6.99 0.012 0.99))
  (IMAG-DIAL-1 (0) (1.5 0.01 0.99)) (IMAG-DIAL-2 (0) (3.0 0.02 0.99))
  (POT-522-161K (0.00635 179.05 0.002) (17.18 0.006 0.45))
  (BELT-FAM-A1-15 (1.037 0.00318) (7.95 0.014 0.97)))
 (AGENT-LIGHT-LOWER-MG-LEAST-USED-DATUM AGENT-LIGHT-LOWER-MG-MOST-USED-DATUM
   AGENT-CHEAP-UPPER-MG-LEAST-USED-DATUM
   AGENT-EFFICIENT-UPPER-MG-LEAST-USED-DATUM
   AGENT-CHEAP-LOWER-MG-MOST-USED-DATUM AGENT-CHEAP-MIDDLE-MG-MOST-USED-DATUM
   AGENT-EFFICIENT-LOWER-MG-LEAST-USED-DATUM
   AGENT-LIGHT-UPPER-MG-MOST-USED-DATUM AGENT-LIGHT-LOWER-MG-MOST-USED-DATUM
   AGENT-LIGHT-MIDDLE-MG-MOST-USED-DATUM AGENT-LIGHT-MIDDLE-MG-MOST-USED-DATUM
   AGENT-CHEAP-UPPER-MG-LEAST-USED-DATUM)
 NIL (67.99 0.33193 169.03798 0.25794297)) 
((((BOUND) ((0 0 0)) POWER (TRANS) ((0 1 0 0) (-1 0 0 0) (0 0 1 0) (0 0 0 1))
   BOLT SINK ((1 0) GROUND))
  ((BOUND) ((NIL (GOAL-MET BOUND) (GOAL-MET BOUND))) POWER (ROTAT)
   ((0 1 0 0) (-1 0 0 0) (0 0 1 0) (0 0 0 1)) SHAFT SOURCE ((3 1)))
  ((BOUND) ((0 0 0)) POWER (ROTAT) ((0 1 0 0) (-1 0 0 0) (0 0 1 0) (0 0 0 1))
   BOLT SINK ((4 1) GROUND))
  ((BOUND) ((0 0 0)) POWER (ROTAT) ((0 1 0 0) (-1 0 0 0) (0 0 1 0) (0 0 0 1))
   BOLT SINK ((5 1) GROUND))
  ((BOUND) ((NIL BOUND NIL)) POWER (ROTAT)
   ((0 1 0 0) (-1 0 0 0) (0 0 1 0) (0 0 0 1)) BOLT SOURCE ((7 1)))
  ((BOUND) ((NIL BOUND NIL)) POWER (ELECT)
   ((0 1 0 0) (-1 0 0 0) (0 0 1 0) (0 0 0 1)) WIRE SINK ((10 0)))
  ((BOUND) ((NIL BOUND NIL)) POWER (ELECT)
   ((0 1 0 0) (-1 0 0 0) (0 0 1 0) (0 0 0 1)) WIRE SINK ((10 1)))
  ((BOUND) ((NIL BOUND (GOAL-MET BOUND))) POWER (ROTAT)
   ((0 1 0 0) (-1 0 0 0) (0 0 1 0) (0 0 0 1)) SHAFT SINK ((10 2) (9 1)))
  ((BOUND) ((NIL BOUND (GOAL-MET BOUND))) POWER (ROTAT)
   ((0 1 0 0) (-1 0 0 0) (0 0 1 0) (0 0 0 1)) NIL SOURCE ((9 0) (8 0)))
  ((BOUND) ((NIL (GOAL-MET BOUND) (GOAL-MET BOUND))) POWER (ROTAT)
   ((0 1 0 0) (-1 0 0 0) (0 0 1 0) (0 0 0 1)) SHAFT SOURCE
   ((8 1) (7 0) (6 1) (5 0) (4 0) (3 0) (2 1)))
  ((BOUND) ((NIL BOUND (GOAL-MET BOUND))) POWER (TRANS)
   ((0 1 0 0) (-1 0 0 0) (0 0 1 0) (0 0 0 1)) NIL SOURCE ((11 0) (6 0)))
  ((BOUND) ((NIL BOUND (GOAL-MET BOUND))) POWER (TRANS)
   ((0 1 0 0) (-1 0 0 0) (0 0 1 0) (0 0 0 1)) BOLT SOURCE
   ((11 1) (1 1) (0 0)))
  (((0 297)) ((NIL BOUND (GOAL-MET (0 0)))) POWER (TRANS)
   ((0 1 0 0) (-1 0 0 0) (0 0 1 0) (0 0 0 1)) NIL SOURCE ((0 1) GOAL))
  ((BOUND) ((NIL (GOAL-MET BOUND) (GOAL-MET (0 5)))) POWER (ROTAT)
   ((-1 0 0 1) (0 1 0 5) (0 0 -1 0) (0 0 0 1)) NIL SINK ((2 0) GOAL)))
 (((0 5) (/ (+ 0 (/ (0 297) 367.7)) (/ 0.0635 2)))
  ((0 0) (+ 0 (/ (0 297) 367.7))))
 (FOOTPAD SPRING DIAL SHAFT BEARING-ROTAT BEARING-ROTAT PULLEY BEARING-ROTAT
  DIAL DIAL POTENTIOMETER BELT)
 ((AGENT-ELECT-SOURCE-SERIES-CONNECT (0.6 0.1 0.1 0.1 -0.1) ELECT SOURCE
   SERIES CONNECT)
  (AGENT-ELECT-SINK-PARALLEL-CONNECT (0.1 0.1 0.6 0.1 -0.1) ELECT SINK
   PARALLEL CONNECT)
  (AGENT-ELECT-SOURCE-SERIES-CONNECT (0.1 0.1 0.6 0.1 -0.1) ELECT SOURCE
   SERIES CONNECT)
  (AGENT-TRANS-SOURCE-PARALLEL-CONNECT (0.1 0.1 0.6 0.1 -0.1) TRANS SOURCE
   PARALLEL CONNECT)
  (AGENT-TRANS-SINK-PARALLEL-DANGLE (0.1 0.1 0.6 0.1 -0.1) TRANS SINK PARALLEL
   DANGLE)
  (AGENT-ELECT-SINK-PARALLEL-GROUND (0.1 0.1 0.6 0.1 -0.1) ELECT SINK PARALLEL
   GROUND)
  (AGENT-ROTAT-SOURCE-PARALLEL-DANGLE (0.6 0.1 0.1 0.1 -0.1) ROTAT SOURCE
   PARALLEL DANGLE)
  (AGENT-ELECT-SINK-PARALLEL-DANGLE (0.6 0.1 0.1 0.1 -0.1) ELECT SINK PARALLEL
   DANGLE)
  (AGENT-ELECT-SINK-PARALLEL-DANGLE (0.6 0.1 0.1 0.1 -0.1) ELECT SINK PARALLEL
   DANGLE)
  (AGENT-ELECT-SOURCE-SERIES-DANGLE (0.6 0.1 0.1 0.1 -0.1) ELECT SOURCE SERIES
   DANGLE)
  (AGENT-ROTAT-SOURCE-SERIES-DANGLE (0.6 0.1 0.1 0.1 -0.1) ROTAT SOURCE SERIES
   DANGLE)
  (AGENT-TRANS-SINK-PARALLEL-CONNECT (0.2 0.2 0.2 0.2 -0.2) TRANS SINK
   PARALLEL CONNECT))
 ((IMAG-FOOTPAD-1 (0) (1.5 0.1 0.99))
  (SPRING-ERS-A1-4 (367.7 0.00158 0.0127 2.54e-4) (0.89 0.005 0.98))
  (IMAG-DIAL-2 (0) (3.0 0.02 0.99))
  (SHAFT-AAS-A8-30 (0.1364 0.00635) (2.5 0.01393 0.99 5.0e-6 1.27e-4))
  (BEARING-ABS-A2-23 (2.0e-4 0.00635 0.015875) (7.21 0.03 0.99))
  (BEARING-ABS-A2-19 (4.0e-4 0.00635 0.009525) (6.99 0.012 0.99))
  (PULLEY-FBS-A1-16 (0.0635 0.00635 0.00318) (12.28 0.1 0.99 5.08e-5 1.27e-5))
  (BEARING-ABS-A2-19 (4.0e-4 0.00635 0.009525) (6.99 0.012 0.99))
  (IMAG-DIAL-1 (0) (1.5 0.01 0.99)) (IMAG-DIAL-1 (0) (1.5 0.01 0.99))
  (POT-522-16500 (0.00635 89.525 0.002) (17.18 0.006 0.45))
  (BELT-FAM-A1-12 (0.838 0.00318) (5.04 0.0115 0.97)))
 (AGENT-CHEAP-UPPER-MG-MOST-USED-DATUM AGENT-CHEAP-LOWER-MG-MOST-USED-DATUM
   AGENT-CHEAP-MIDDLE-MG-LEAST-USED-DATUM
   AGENT-CHEAP-UPPER-MG-LEAST-USED-DATUM AGENT-CHEAP-UPPER-MG-LEAST-USED-DATUM
   AGENT-EFFICIENT-UPPER-MG-MOST-USED-DATUM
   AGENT-CHEAP-UPPER-MG-MOST-USED-DATUM AGENT-CHEAP-LOWER-MG-MOST-USED-DATUM
   AGENT-LIGHT-MIDDLE-MG-MOST-USED-DATUM AGENT-CHEAP-LOWER-MG-LEAST-USED-DATUM
   AGENT-LIGHT-LOWER-MG-MOST-USED-DATUM AGENT-CHEAP-UPPER-MG-MOST-USED-DATUM)
 (AGENT-LIGHT-LIGHTER-IN-COMPS) (66.58 0.33042997 149.88513 0.23405477)) 
((((BOUND) ((0 0 0)) POWER (ELECT) ((-1 0 0 1) (0 1 0 5) (0 0 -1 0) (0 0 0 1))
   WIRE SINK ((5 1) GROUND))
  ((BOUND) ((NIL NIL BOUND)) POWER (ROTAT)
   ((-1 0 0 1) (0 1 0 5) (0 0 -1 0) (0 0 0 1)) SHAFT SINK ((5 2)))
  ((BOUND) ((NIL (GOAL-MET BOUND) NIL)) POWER (ELECT)
   ((-1 0 0 1) (0 1 0 5) (0 0 -1 0) (0 0 0 1)) WIRE SOURCE
   ((5 0) (4 1) (3 0)))
  ((BOUND) ((NIL NIL NIL)) POWER (ROTAT)
   ((-1 0 0 1) (0 1 0 5) (0 0 -1 0) (0 0 0 1)) SHAFT SINK ((4 2)))
  ((BOUND) ((NIL (GOAL-MET BOUND) NIL)) POWER (ELECT)
   ((-1 0 0 1) (0 1 0 5) (0 0 -1 0) (0 0 0 1)) WIRE SOURCE ((12 0) (4 0)))
  ((BOUND) ((NIL (GOAL-MET BOUND) NIL)) POWER (ELECT)
   ((-1 0 0 1) (0 1 0 5) (0 0 -1 0) (0 0 0 1)) WIRE SOURCE ((12 1) (3 1)))
  ((BOUND) ((0 0 0)) POWER (ROTAT) ((-1 0 0 1) (0 1 0 5) (0 0 -1 0) (0 0 0 1))
   BOLT SINK ((6 1) GROUND))
  ((BOUND) ((0 0 0)) POWER (TRANS) ((-1 0 0 1) (0 1 0 5) (0 0 -1 0) (0 0 0 1))
   BOLT SINK ((2 1) GROUND))
  ((BOUND) ((NIL BOUND (GOAL-MET BOUND))) POWER (TRANS)
   ((-1 0 0 1) (0 1 0 5) (0 0 -1 0) (0 0 0 1)) NIL SOURCE ((14 0) (7 0)))
  ((BOUND) ((NIL BOUND (GOAL-MET BOUND))) POWER (TRANS)
   ((-1 0 0 1) (0 1 0 5) (0 0 -1 0) (0 0 0 1)) BOLT SOURCE
   ((14 1) (10 1) (8 0) (2 0) (1 0)))
  ((BOUND) ((NIL BOUND BOUND)) POWER (TRANS)
   ((-1 0 0 1) (0 1 0 5) (0 0 -1 0) (0 0 0 1)) BOLT SOURCE
   ((10 0) (9 0) (8 1)))
  ((BOUND) ((NIL BOUND BOUND)) POWER (TRANS)
   ((-1 0 0 1) (0 1 0 5) (0 0 -1 0) (0 0 0 1)) GEAR-TEETH SOURCE
   ((13 0) (11 0) (9 1)))
  ((BOUND) ((NIL (GOAL-MET BOUND) (GOAL-MET BOUND))) POWER (ROTAT)
   ((-1 0 0 1) (0 1 0 5) (0 0 -1 0) (0 0 0 1)) SHAFT SOURCE
   ((13 1) (11 1) (7 1) (6 0) (3 2) (0 1)))
  ((BOUND) ((NIL (GOAL-MET BOUND) (GOAL-MET (0 5)))) POWER (ROTAT)
   ((-1 0 0 1) (0 1 0 5) (0 0 -1 0) (0 0 0 1)) NIL SINK ((0 0) GOAL))
  (((0 297)) ((NIL BOUND (GOAL-MET (0 0)))) POWER (TRANS)
   ((0 1 0 0) (-1 0 0 0) (0 0 1 0) (0 0 0 1)) NIL SOURCE ((1 1) GOAL)))
 (((0 0) (+ 0 (/ (0 297) 3940)))
  ((0 5) (/ (+ 0 (/ (0 297) 3940)) (/ 0.0127 2))))
 (DIAL FOOTPAD SPRING POTENTIOMETER POTENTIOMETER POTENTIOMETER BEARING-ROTAT
  PULLEY BELT RACK LEVER1STCLASS GEAR RESISTOR GEAR BELT)
 ((AGENT-TRANS-SINK-PARALLEL-DANGLE (0.6 0.1 0.1 0.1 -0.1) TRANS SINK PARALLEL
   DANGLE)
  (AGENT-TRANS-SOURCE-SERIES-DANGLE (0.1 0.1 0.6 0.1 -0.1) TRANS SOURCE SERIES
   DANGLE)
  (AGENT-ELECT-SOURCE-SERIES-CONNECT (0.6 0.1 0.1 0.1 -0.1) ELECT SOURCE
   SERIES CONNECT)
  (AGENT-ROTAT-SINK-SERIES-DANGLE (0.2 0.2 0.2 0.2 -0.2) ROTAT SINK SERIES
   DANGLE)
  (AGENT-ELECT-SINK-PARALLEL-DANGLE (0.6 0.1 0.1 0.1 -0.1) ELECT SINK PARALLEL
   DANGLE)
  (AGENT-ELECT-SINK-PARALLEL-GROUND (0.1 0.6 0.1 0.1 -0.1) ELECT SINK PARALLEL
   GROUND)
  (AGENT-ELECT-SOURCE-PARALLEL-GROUND (0.6 0.1 0.1 0.1 -0.1) ELECT SOURCE
   PARALLEL GROUND)
  (AGENT-HYDRA-SINK-PARALLEL-DANGLE (0.6 0.1 0.1 0.1 -0.1) HYDRA SINK PARALLEL
   DANGLE)
  (AGENT-ELECT-SOURCE-PARALLEL-DANGLE (0.1 0.6 0.1 0.1 -0.1) ELECT SOURCE
   PARALLEL DANGLE)
  (AGENT-ROTAT-SOURCE-SERIES-DANGLE (0.1 0.6 0.1 0.1 -0.1) ROTAT SOURCE SERIES
   DANGLE)
  (AGENT-TRANS-SOURCE-PARALLEL-CONNECT (0.6 0.1 0.1 0.1 -0.1) TRANS SOURCE
   PARALLEL CONNECT)
  (AGENT-ROTAT-SINK-PARALLEL-CONNECT (0.6 0.1 0.1 0.1 -0.1) ROTAT SINK
   PARALLEL CONNECT)
  (AGENT-ELECT-SOURCE-SERIES-CONNECT (0.1 0.6 0.1 0.1 -0.1) ELECT SOURCE
   SERIES CONNECT)
  (AGENT-HYDRA-SOURCE-PARALLEL-CONNECT (0.6 0.1 0.1 0.1 -0.1) HYDRA SOURCE
   PARALLEL CONNECT)
  (AGENT-HYDRA-SINK-SERIES-CONNECT (0.1 0.1 0.6 0.1 -0.1) HYDRA SINK SERIES
   CONNECT))
 ((IMAG-DIAL-1 (0) (1.5 0.01 0.99)) (IMAG-FOOTPAD-1 (0) (1.5 0.1 0.99))
  (SPRING-ERS-A1-25 (3940 0.00476 0.0191 7.37e-4) (0.93 0.007 0.98))
  (POT-522-16100 (0.00635 17.905 0.002) (17.18 0.006 0.45))
  (POT-522-16500 (0.00635 89.525 0.002) (17.18 0.006 0.45))
  (POT-522-16100 (0.00635 17.905 0.002) (17.18 0.006 0.45))
  (BEARING-ABS-A2-23 (2.0e-4 0.00635 0.015875) (7.21 0.03 0.99))
  (PULLEY-FBS-A1-11 (0.0127 0.00635 0.00318)
   (4.47 0.004 0.99 5.08e-5 1.27e-5))
  (BELT-FAM-A1-8 (0.678 0.00318) (3.64 0.0095 0.97))
  (RACK-KHS-F2-142 (64 0.1778) (26.75 0.032 0.99))
  (IMAG-LEVER1ST-8 (0.001 0.008) (1.35 0.001 0.94))
  (GEAR-LAS-F7-60 (0.0238 0.00635 60 64) (7.54 0.065 0.98))
  (RESISTOR-297-7890 (1300000.0 0.5) (0.01 3.0e-6 0.4))
  (GEAR-LAS-F7-128 (0.0508 0.00635 128 64) (12.03 0.033 0.98))
  (BELT-FAM-A1-13 (0.878 0.00318) (6.22 0.012 0.97)))
 (AGENT-CHEAP-MIDDLE-MG-LEAST-USED-DATUM
   AGENT-EFFICIENT-UPPER-MG-LEAST-USED-DATUM
   AGENT-LIGHT-UPPER-MG-MOST-USED-DATUM AGENT-LIGHT-LOWER-MG-LEAST-USED-DATUM
   AGENT-LIGHT-LOWER-MG-MOST-USED-DATUM AGENT-CHEAP-LOWER-MG-MOST-USED-DATUM
   AGENT-CHEAP-LOWER-MG-MOST-USED-DATUM AGENT-LIGHT-LOWER-MG-LEAST-USED-DATUM
   AGENT-EFFICIENT-LOWER-MG-MOST-USED-DATUM
   AGENT-LIGHT-UPPER-MG-LEAST-USED-DATUM AGENT-CHEAP-UPPER-MG-MOST-USED-DATUM
   AGENT-CHEAP-MIDDLE-MG-MOST-USED-DATUM AGENT-LIGHT-UPPER-MG-MOST-USED-DATUM
   AGENT-EFFICIENT-LOWER-MG-MOST-USED-DATUM
   AGENT-LIGHT-MIDDLE-MG-MOST-USED-DATUM)
 NIL (124.69 0.32150298 16.93671 25315983/12418880000)) 
((((BOUND) ((0 0 0)) POWER (ELECT) ((-1 0 0 1) (0 1 0 5) (0 0 -1 0) (0 0 0 1))
   WIRE SINK ((5 1) GROUND))
  ((BOUND) ((NIL NIL BOUND)) POWER (ROTAT)
   ((-1 0 0 1) (0 1 0 5) (0 0 -1 0) (0 0 0 1)) SHAFT SINK ((5 2)))
  ((BOUND) ((NIL (GOAL-MET BOUND) NIL)) POWER (ELECT)
   ((-1 0 0 1) (0 1 0 5) (0 0 -1 0) (0 0 0 1)) WIRE SOURCE
   ((5 0) (4 1) (3 0)))
  ((BOUND) ((NIL NIL NIL)) POWER (ROTAT)
   ((-1 0 0 1) (0 1 0 5) (0 0 -1 0) (0 0 0 1)) SHAFT SINK ((4 2)))
  ((BOUND) ((NIL (GOAL-MET BOUND) NIL)) POWER (ELECT)
   ((-1 0 0 1) (0 1 0 5) (0 0 -1 0) (0 0 0 1)) WIRE SOURCE ((12 0) (4 0)))
  ((BOUND) ((NIL (GOAL-MET BOUND) NIL)) POWER (ELECT)
   ((-1 0 0 1) (0 1 0 5) (0 0 -1 0) (0 0 0 1)) WIRE SOURCE ((12 1) (3 1)))
  ((BOUND) ((0 0 0)) POWER (ROTAT) ((-1 0 0 1) (0 1 0 5) (0 0 -1 0) (0 0 0 1))
   BOLT SINK ((6 1) GROUND))
  ((BOUND) ((0 0 0)) POWER (TRANS) ((-1 0 0 1) (0 1 0 5) (0 0 -1 0) (0 0 0 1))
   BOLT SINK ((2 1) GROUND))
  ((BOUND) ((NIL BOUND (GOAL-MET BOUND))) POWER (TRANS)
   ((-1 0 0 1) (0 1 0 5) (0 0 -1 0) (0 0 0 1)) NIL SOURCE ((14 0) (7 0)))
  ((BOUND) ((NIL BOUND (GOAL-MET BOUND))) POWER (TRANS)
   ((-1 0 0 1) (0 1 0 5) (0 0 -1 0) (0 0 0 1)) BOLT SOURCE
   ((14 1) (10 1) (8 0) (2 0) (1 0)))
  ((BOUND) ((NIL BOUND BOUND)) POWER (TRANS)
   ((-1 0 0 1) (0 1 0 5) (0 0 -1 0) (0 0 0 1)) BOLT SOURCE
   ((10 0) (9 0) (8 1)))
  ((BOUND) ((NIL BOUND BOUND)) POWER (TRANS)
   ((-1 0 0 1) (0 1 0 5) (0 0 -1 0) (0 0 0 1)) GEAR-TEETH SOURCE
   ((13 0) (11 0) (9 1)))
  ((BOUND) ((NIL (GOAL-MET BOUND) (GOAL-MET BOUND))) POWER (ROTAT)
   ((-1 0 0 1) (0 1 0 5) (0 0 -1 0) (0 0 0 1)) SHAFT SOURCE
   ((13 1) (11 1) (7 1) (6 0) (3 2) (0 1)))
  ((BOUND) ((NIL (GOAL-MET BOUND) (GOAL-MET (0 5)))) POWER (ROTAT)
   ((-1 0 0 1) (0 1 0 5) (0 0 -1 0) (0 0 0 1)) NIL SINK ((0 0) GOAL))
  (((0 297)) ((NIL BOUND (GOAL-MET (0 0)))) POWER (TRANS)
   ((0 1 0 0) (-1 0 0 0) (0 0 1 0) (0 0 0 1)) NIL SOURCE ((1 1) GOAL)))
 (((0 0) (+ 0 (/ (0 297) 1786)))
  ((0 5) (/ (+ 0 (/ (0 297) 1786)) (/ 0.0381 2))))
 (DIAL FOOTPAD SPRING POTENTIOMETER POTENTIOMETER POTENTIOMETER BEARING-ROTAT
  PULLEY BELT RACK LEVER1STCLASS GEAR RESISTOR GEAR BELT)
 ((AGENT-TRANS-SINK-PARALLEL-DANGLE (0.6 0.1 0.1 0.1 -0.1) TRANS SINK PARALLEL
   DANGLE)
  (AGENT-TRANS-SOURCE-SERIES-DANGLE (0.1 0.1 0.6 0.1 -0.1) TRANS SOURCE SERIES
   DANGLE)
  (AGENT-ELECT-SOURCE-SERIES-CONNECT (0.6 0.1 0.1 0.1 -0.1) ELECT SOURCE
   SERIES CONNECT)
  (AGENT-ROTAT-SINK-SERIES-DANGLE (0.2 0.2 0.2 0.2 -0.2) ROTAT SINK SERIES
   DANGLE)
  (AGENT-ELECT-SINK-PARALLEL-DANGLE (0.6 0.1 0.1 0.1 -0.1) ELECT SINK PARALLEL
   DANGLE)
  (AGENT-ELECT-SINK-PARALLEL-GROUND (0.1 0.6 0.1 0.1 -0.1) ELECT SINK PARALLEL
   GROUND)
  (AGENT-ELECT-SOURCE-PARALLEL-GROUND (0.6 0.1 0.1 0.1 -0.1) ELECT SOURCE
   PARALLEL GROUND)
  (AGENT-HYDRA-SINK-PARALLEL-DANGLE (0.6 0.1 0.1 0.1 -0.1) HYDRA SINK PARALLEL
   DANGLE)
  (AGENT-ELECT-SOURCE-PARALLEL-DANGLE (0.1 0.6 0.1 0.1 -0.1) ELECT SOURCE
   PARALLEL DANGLE)
  (AGENT-ROTAT-SOURCE-SERIES-DANGLE (0.1 0.6 0.1 0.1 -0.1) ROTAT SOURCE SERIES
   DANGLE)
  (AGENT-TRANS-SOURCE-PARALLEL-CONNECT (0.6 0.1 0.1 0.1 -0.1) TRANS SOURCE
   PARALLEL CONNECT)
  (AGENT-ROTAT-SINK-PARALLEL-CONNECT (0.6 0.1 0.1 0.1 -0.1) ROTAT SINK
   PARALLEL CONNECT)
  (AGENT-ELECT-SOURCE-SERIES-CONNECT (0.1 0.6 0.1 0.1 -0.1) ELECT SOURCE
   SERIES CONNECT)
  (AGENT-HYDRA-SOURCE-PARALLEL-CONNECT (0.6 0.1 0.1 0.1 -0.1) HYDRA SOURCE
   PARALLEL CONNECT)
  (AGENT-HYDRA-SINK-SERIES-CONNECT (0.1 0.1 0.6 0.1 -0.1) HYDRA SINK SERIES
   CONNECT))
 ((IMAG-DIAL-2 (0) (3.0 0.02 0.99)) (IMAG-FOOTPAD-1 (0) (1.5 0.1 0.99))
  (SPRING-ERS-A1-24 (1786 0.00476 0.0254 6.6e-4) (0.78 0.008 0.98))
  (POT-522-16100 (0.00635 17.905 0.002) (17.18 0.006 0.45))
  (POT-522-16200 (0.00635 35.81 0.002) (17.18 0.006 0.45))
  (POT-522-16200 (0.00635 35.81 0.002) (17.18 0.006 0.45))
  (BEARING-ABS-A2-21 (3.0e-4 0.00635 0.0127) (6.47 0.02 0.99))
  (PULLEY-FBS-A1-14 (0.0381 0.00635 0.00318) (6.7 0.048 0.99 5.08e-5 1.27e-5))
  (BELT-FAM-A1-7 (0.638 0.00318) (3.06 0.009 0.97))
  (RACK-KHS-F2-142 (64 0.1778) (26.75 0.032 0.99))
  (IMAG-LEVER1ST-12 (0.001 0.0015) (1.6 0.001 0.93))
  (GEAR-LAS-F7-104 (0.0413 0.00635 104 64) (10.26 0.025 0.98))
  (RESISTOR-297-7427 (3000 0.5) (0.01 3.0e-6 0.4))
  (GEAR-LAS-F7-28 (0.0111 0.00635 28 64) (5.75 0.005 0.98))
  (BELT-FAM-A1-8 (0.678 0.00318) (3.64 0.0095 0.97)))
 (AGENT-LIGHT-LOWER-MG-MOST-USED-DATUM AGENT-LIGHT-LOWER-MG-MOST-USED-DATUM
   AGENT-LIGHT-UPPER-MG-LEAST-USED-DATUM AGENT-LIGHT-LOWER-MG-MOST-USED-DATUM
   AGENT-CHEAP-LOWER-MG-MOST-USED-DATUM
   AGENT-EFFICIENT-LOWER-MG-MOST-USED-DATUM
   AGENT-CHEAP-MIDDLE-MG-MOST-USED-DATUM
   AGENT-CHEAP-MIDDLE-MG-LEAST-USED-DATUM
   AGENT-CHEAP-MIDDLE-MG-LEAST-USED-DATUM AGENT-CHEAP-UPPER-MG-MOST-USED-DATUM
   AGENT-EFFICIENT-LOWER-MG-LEAST-USED-DATUM
   AGENT-CHEAP-MIDDLE-MG-MOST-USED-DATUM AGENT-LIGHT-LOWER-MG-LEAST-USED-DATUM
   AGENT-CHEAP-LOWER-MG-MOST-USED-DATUM AGENT-LIGHT-UPPER-MG-LEAST-USED-DATUM)
 NIL (121.06 0.295503 4.989412 25315983/2551836800)) 
((((BOUND) ((0 0 0)) POWER (ROTAT) ((-1 0 0 1) (0 1 0 5) (0 0 -1 0) (0 0 0 1))
   BOLT SINK ((2 1) GROUND))
  ((BOUND) ((NIL (GOAL-MET BOUND) (GOAL-MET BOUND))) POWER (ROTAT)
   ((-1 0 0 1) (0 1 0 5) (0 0 -1 0) (0 0 0 1)) SHAFT SOURCE
   ((4 1) (2 0) (1 0)))
  ((BOUND) ((NIL BOUND (GOAL-MET BOUND))) POWER (ROTAT)
   ((-1 0 0 1) (0 1 0 5) (0 0 -1 0) (0 0 0 1)) NIL SOURCE ((4 0) (3 0)))
  ((BOUND) ((0 0 0)) POWER (TRANS) ((-1 0 0 1) (0 1 0 5) (0 0 -1 0) (0 0 0 1))
   BOLT SINK ((6 1) GROUND))
  ((BOUND) ((NIL BOUND BOUND)) POWER (TRANS)
   ((-1 0 0 1) (0 1 0 5) (0 0 -1 0) (0 0 0 1)) GEAR-TEETH SOURCE ((7 1)))
  ((BOUND) ((NIL BOUND (GOAL-MET BOUND))) POWER (TRANS)
   ((-1 0 0 1) (0 1 0 5) (0 0 -1 0) (0 0 0 1)) BOLT SOURCE
   ((9 0) (7 0) (6 0) (5 0)))
  ((BOUND) ((NIL BOUND (GOAL-MET BOUND))) POWER (TRANS)
   ((-1 0 0 1) (0 1 0 5) (0 0 -1 0) (0 0 0 1)) GEAR-TEETH SOURCE
   ((9 1) (8 0)))
  ((BOUND) ((NIL (GOAL-MET BOUND) (GOAL-MET BOUND))) POWER (ROTAT)
   ((-1 0 0 1) (0 1 0 5) (0 0 -1 0) (0 0 0 1)) SHAFT SOURCE
   ((8 1) (3 1) (1 1) (0 1)))
  ((BOUND) ((NIL (GOAL-MET BOUND) (GOAL-MET (0 5)))) POWER (ROTAT)
   ((-1 0 0 1) (0 1 0 5) (0 0 -1 0) (0 0 0 1)) NIL SINK ((0 0) GOAL))
  (((0 297)) ((NIL BOUND (GOAL-MET (0 0)))) POWER (TRANS)
   ((0 1 0 0) (-1 0 0 0) (0 0 1 0) (0 0 0 1)) NIL SOURCE ((5 1) GOAL)))
 (((0 0) (+ 0 (/ (0 297) 2557)))
  ((0 5) (/ (+ 0 (/ (0 297) 2557)) (/ 0.0183 2))))
 (DIAL SHAFT BEARING-ROTAT DIAL DIAL FOOTPAD SPRING RACK GEAR RACK)
 ((AGENT-TRANS-SINK-SERIES-DANGLE (0.1 0.1 0.6 0.1 -0.1) TRANS SINK SERIES
   DANGLE)
  (AGENT-ELECT-SINK-SERIES-CONNECT (0.1 0.6 0.1 0.1 -0.1) ELECT SINK SERIES
   CONNECT)
  (AGENT-ROTAT-SOURCE-SERIES-GROUND (0.2 0.2 0.2 0.2 -0.2) ROTAT SOURCE SERIES
   GROUND)
  (AGENT-ROTAT-SINK-SERIES-CONNECT (0.6 0.1 0.1 0.1 -0.1) ROTAT SINK SERIES
   CONNECT)
  (AGENT-HYDRA-SOURCE-SERIES-GROUND (0.2 0.2 0.2 0.2 -0.2) HYDRA SOURCE SERIES
   GROUND)
  (AGENT-ROTAT-SOURCE-SERIES-CONNECT (0.2 0.2 0.2 0.2 -0.2) ROTAT SOURCE
   SERIES CONNECT)
  (AGENT-HYDRA-SOURCE-PARALLEL-CONNECT (0.6 0.1 0.1 0.1 -0.1) HYDRA SOURCE
   PARALLEL CONNECT)
  (AGENT-ELECT-SOURCE-SERIES-CONNECT (0.6 0.1 0.1 0.1 -0.1) ELECT SOURCE
   SERIES CONNECT)
  (AGENT-TRANS-SINK-PARALLEL-DANGLE (0.6 0.1 0.1 0.1 -0.1) TRANS SINK PARALLEL
   DANGLE)
  (AGENT-TRANS-SINK-PARALLEL-CONNECT (0.1 0.6 0.1 0.1 -0.1) TRANS SINK
   PARALLEL CONNECT))
 ((IMAG-DIAL-1 (0) (1.5 0.01 0.99))
  (SHAFT-AAS-A8-1 (0.0254 0.00635) (1.0 0.01393 0.99 5.0e-6 1.27e-4))
  (BEARING-ABS-A2-19 (4.0e-4 0.00635 0.009525) (6.99 0.012 0.99))
  (IMAG-DIAL-1 (0) (1.5 0.01 0.99)) (IMAG-DIAL-2 (0) (3.0 0.02 0.99))
  (IMAG-FOOTPAD-1 (0) (1.5 0.1 0.99))
  (SPRING-ERS-A1-7 (2557 0.00317 0.00635 4.06e-4) (0.78 0.003 0.98))
  (RACK-KHS-F2-142 (64 0.1778) (26.75 0.032 0.99))
  (GEAR-LAS-F7-46 (0.0183 0.00635 46 64) (6.66 0.014 0.98))
  (RACK-KHS-F2-142 (64 0.1778) (26.75 0.032 0.99)))
 (AGENT-LIGHT-MIDDLE-MG-MOST-USED-DATUM AGENT-LIGHT-LOWER-MG-MOST-USED-DATUM
   AGENT-CHEAP-MIDDLE-MG-MOST-USED-DATUM
   AGENT-EFFICIENT-LOWER-MG-LEAST-USED-DATUM
   AGENT-EFFICIENT-UPPER-MG-LEAST-USED-DATUM
   AGENT-LIGHT-UPPER-MG-MOST-USED-DATUM
   AGENT-EFFICIENT-UPPER-MG-MOST-USED-DATUM
   AGENT-CHEAP-UPPER-MG-MOST-USED-DATUM AGENT-CHEAP-MIDDLE-MG-LEAST-USED-DATUM
   AGENT-EFFICIENT-UPPER-MG-MOST-USED-DATUM)
 NIL (76.43 0.24693002 21.23814 25315983/5230599200)) 
((((BOUND) ((0 0 0)) POWER (ROTAT) ((-1 0 0 1) (0 1 0 5) (0 0 -1 0) (0 0 0 1))
   BOLT SINK ((2 1) GROUND))
  ((BOUND) ((NIL (GOAL-MET BOUND) (GOAL-MET BOUND))) POWER (ROTAT)
   ((-1 0 0 1) (0 1 0 5) (0 0 -1 0) (0 0 0 1)) SHAFT SOURCE
   ((4 1) (2 0) (1 0)))
  ((BOUND) ((NIL BOUND (GOAL-MET BOUND))) POWER (ROTAT)
   ((-1 0 0 1) (0 1 0 5) (0 0 -1 0) (0 0 0 1)) NIL SOURCE ((4 0) (3 0)))
  ((BOUND) ((0 0 0)) POWER (TRANS) ((-1 0 0 1) (0 1 0 5) (0 0 -1 0) (0 0 0 1))
   BOLT SINK ((6 1) GROUND))
  ((BOUND) ((NIL BOUND BOUND)) POWER (TRANS)
   ((-1 0 0 1) (0 1 0 5) (0 0 -1 0) (0 0 0 1)) GEAR-TEETH SOURCE ((7 1)))
  ((BOUND) ((NIL BOUND (GOAL-MET BOUND))) POWER (TRANS)
   ((-1 0 0 1) (0 1 0 5) (0 0 -1 0) (0 0 0 1)) BOLT SOURCE
   ((9 0) (7 0) (6 0) (5 0)))
  ((BOUND) ((NIL BOUND (GOAL-MET BOUND))) POWER (TRANS)
   ((-1 0 0 1) (0 1 0 5) (0 0 -1 0) (0 0 0 1)) GEAR-TEETH SOURCE
   ((9 1) (8 0)))
  ((BOUND) ((NIL (GOAL-MET BOUND) (GOAL-MET BOUND))) POWER (ROTAT)
   ((-1 0 0 1) (0 1 0 5) (0 0 -1 0) (0 0 0 1)) SHAFT SOURCE
   ((8 1) (3 1) (1 1) (0 1)))
  ((BOUND) ((NIL (GOAL-MET BOUND) (GOAL-MET (0 5)))) POWER (ROTAT)
   ((-1 0 0 1) (0 1 0 5) (0 0 -1 0) (0 0 0 1)) NIL SINK ((0 0) GOAL))
  (((0 297)) ((NIL BOUND (GOAL-MET (0 0)))) POWER (TRANS)
   ((0 1 0 0) (-1 0 0 0) (0 0 1 0) (0 0 0 1)) NIL SOURCE ((5 1) GOAL)))
 (((0 0) (+ 0 (/ (0 297) 1874)))
  ((0 5) (/ (+ 0 (/ (0 297) 1874)) (/ 0.0413 2))))
 (DIAL SHAFT BEARING-ROTAT DIAL DIAL FOOTPAD SPRING RACK GEAR RACK)
 ((AGENT-TRANS-SINK-SERIES-DANGLE (0.1 0.1 0.6 0.1 -0.1) TRANS SINK SERIES
   DANGLE)
  (AGENT-ELECT-SINK-SERIES-CONNECT (0.1 0.6 0.1 0.1 -0.1) ELECT SINK SERIES
   CONNECT)
  (AGENT-ROTAT-SOURCE-SERIES-GROUND (0.2 0.2 0.2 0.2 -0.2) ROTAT SOURCE SERIES
   GROUND)
  (AGENT-ROTAT-SINK-SERIES-CONNECT (0.6 0.1 0.1 0.1 -0.1) ROTAT SINK SERIES
   CONNECT)
  (AGENT-HYDRA-SOURCE-SERIES-GROUND (0.2 0.2 0.2 0.2 -0.2) HYDRA SOURCE SERIES
   GROUND)
  (AGENT-ROTAT-SOURCE-SERIES-CONNECT (0.2 0.2 0.2 0.2 -0.2) ROTAT SOURCE
   SERIES CONNECT)
  (AGENT-HYDRA-SOURCE-PARALLEL-CONNECT (0.6 0.1 0.1 0.1 -0.1) HYDRA SOURCE
   PARALLEL CONNECT)
  (AGENT-ELECT-SOURCE-SERIES-CONNECT (0.6 0.1 0.1 0.1 -0.1) ELECT SOURCE
   SERIES CONNECT)
  (AGENT-TRANS-SINK-PARALLEL-DANGLE (0.6 0.1 0.1 0.1 -0.1) TRANS SINK PARALLEL
   DANGLE)
  (AGENT-TRANS-SINK-PARALLEL-CONNECT (0.1 0.6 0.1 0.1 -0.1) TRANS SINK
   PARALLEL CONNECT))
 ((IMAG-DIAL-1 (0) (1.5 0.01 0.99))
  (SHAFT-AAS-A8-10 (0.0538 0.00635) (1.98 0.01393 0.99 5.0e-6 1.27e-4))
  (BEARING-ABS-A2-21 (3.0e-4 0.00635 0.0127) (6.47 0.02 0.99))
  (IMAG-DIAL-1 (0) (1.5 0.01 0.99)) (IMAG-DIAL-1 (0) (1.5 0.01 0.99))
  (IMAG-FOOTPAD-1 (0) (1.5 0.1 0.99))
  (SPRING-ERS-A1-26 (1874 0.00476 0.0381 7.37e-4) (0.93 0.012 0.98))
  (RACK-KHS-F2-142 (64 0.1778) (26.75 0.032 0.99))
  (GEAR-LAS-F7-104 (0.0413 0.00635 104 64) (10.26 0.025 0.98))
  (RACK-KHS-F2-142 (64 0.1778) (26.75 0.032 0.99)))
 (AGENT-CHEAP-MIDDLE-MG-MOST-USED-DATUM
   AGENT-EFFICIENT-LOWER-MG-MOST-USED-DATUM
   AGENT-EFFICIENT-MIDDLE-MG-MOST-USED-DATUM
   AGENT-LIGHT-LOWER-MG-MOST-USED-DATUM AGENT-LIGHT-UPPER-MG-LEAST-USED-DATUM
   AGENT-CHEAP-MIDDLE-MG-LEAST-USED-DATUM
   AGENT-CHEAP-UPPER-MG-LEAST-USED-DATUM AGENT-LIGHT-UPPER-MG-LEAST-USED-DATUM
   AGENT-CHEAP-MIDDLE-MG-MOST-USED-DATUM AGENT-CHEAP-LOWER-MG-MOST-USED-DATUM)
 NIL (79.14 0.26493 2.566688 25315983/2809500800)) 