1.0       68.711426 0.26350144          528.9369  0.06402733          
2.0       63.916424 0.23213963          698.7337  0.05609833          
3.0       62.798668 0.5401924 173.56366 0.02180556          
4.0       63.37231  0.27391937          230.35715 0.01614101          
5.0       50.282665 0.24502565          217.10042 0.016843256         
6.0       48.199474 0.21146044          109.94353 0.011788785         
7.0       51.090706 0.2208691 125.54777 0.012364223         
8.0       54.483025 0.22979167          80.65322  0.007245513         
9.0       52.27697  0.5082937 80.72355  0.0069741234        
10.0      53.056065 0.50882834          3.2142444 0.0021394747        
11.0      51.620304 0.23832394          3.2009706 0.0021720105        
12.0      52.45121  0.23088707          3.066519  0.0020545817        
13.0      49.80212  0.22760777          2.869576  0.0024353869        
14.0      48.688183 0.22622895          10.532482 0.0034880354        
15.0      48.704243 0.22784352          10.589757 0.0034880352        
16.0      45.46909  0.22272214          46.073658 0.005149573         
17.0      44.14394  0.22153154          46.08548  0.004910719         
18.0      45.77363  0.22330214          46.085476 0.0049107196        
19.0      42.514236 0.22101188          47.42455  0.004995349         
20.0      38.60667  0.21825622          47.42455  0.0049953493        
21.0      42.668182 0.23037319          9.674171  0.0028971583        
22.0      43.30849  0.22546637          9.717331  0.0029817875        
23.0      44.85334  0.23046422          9.830447  0.0029817875        
24.0      44.340614 0.23263296          10.04799  0.0028881973        
25.0      46.5703   0.23294683          10.046648 0.0031233185        
26.0      47.237576 0.2408645 4.489759  0.0019727997        
27.0      47.807877 0.24379088          4.4595714 0.0020576925        
28.0      46.036366 0.23380186          4.7373195 0.0020301216        
29.0      47.83576  0.2374252 4.6854053 0.002180086         
30.0      49.44425  0.23490785          4.6200824 0.0024056258        
31.0      51.225758 0.24710695          4.73305   0.0026286547        
32.0      52.32758  0.24445334          4.7669754 0.0029003082        
33.0      53.263947 0.2536806 4.6805077 0.0029852013        
34.0      51.987885 0.24863096          136.67853 0.0089070005        
35.0      51.26424  0.25936243          6.842391  0.0029976517        
36.0      55.00818  0.2578603 6.7041135 0.0029886905        
37.0      62.706364 0.26644906          7.0573587 0.0026522293        
38.0      58.00424  0.26121092          7.3476334 0.0021605282        
39.0      59.961517 0.259923  5.3083296 0.001990742         
40.0      64.59152  0.27014816          4.8348317 0.0020753713        
41.0      69.88211  0.27156818          4.8764257 0.0019817809        
42.0      68.78364  0.26846427          5.034111  0.0017794592        
43.0      70.19364  0.26697725          4.7444744 0.0018117311        
44.0      67.71454  0.27120876          4.954419  0.0018315527        
45.0      70.026054 0.27241665          4.927741  0.0016384559        
46.0      71.61121  0.2753409 5.064675  0.0015644232        
47.0      71.86392  0.27606606          5.1148076 0.0021605282        
48.0      67.95333  0.27376944          5.834463  0.002242574         
49.0      71.066666 0.2738712 5.656763  0.002157681         
50.0      75.78333  0.28535604          5.444307  0.0024576099        
51.0      73.52     0.29355517          5.6511817 0.0023894275        
52.0      65.830925 0.27724332          5.5183687 0.0023767136        
53.0      74.648186 0.2922673 5.741034  0.002266392         
54.0      69.66787  0.2793927 7.404805  0.0025377818        
55.0      68.43394  0.26878667          83.926    0.009708185         
56.0      70.8709   0.2701831 82.842476 0.009740457         
57.0      69.07606  0.27345347          83.04049  0.009979309         
58.0      66.10425  0.26937777          83.275894 0.009707917         
59.0      66.0297   0.27207452          83.19777  0.009951737         
60.0      68.38698  0.27048153          83.25305  0.009834308         
61.0      68.84091  0.27297938          83.219185 0.009834308         
62.0      66.29001  0.271133  83.1478   0.009955733         
63.0      66.47213  0.27622396          83.1885   0.009717143         
64.0      66.47636  0.27484512          83.23951  0.009834573         
65.0      67.95727  0.2734685 83.308334 0.009440788         
66.0      74.971825 0.2818864 81.49157  0.009290559         
67.0      70.59908  0.27641672          81.21754  0.009449748         
68.0      69.25425  0.25899664          260.84113 0.017499393         
69.0      66.13273  0.2602412 260.84384 0.017381964         
70.0      69.84393  0.2642976 260.8457  0.01734543          
71.0      66.02576  0.26169574          261.02222 0.01734543          
72.0      65.12606  0.2677412 261.24    0.017195202         
73.0      64.93818  0.2618018 117.48735 0.011288822         
74.0      68.12576  0.26813516          117.428314          0.011167397         
75.0      68.460365 0.26511323          137.35655 0.01295094          
75.0      68.460365 0.26511323          137.35655 0.01295094          
75.0      68.460365 0.26511323          137.35655 0.01295094          
75.0      68.460365 0.26511323          137.35655 0.01295094          
