1.0       -0.036863986        -0.24251333         
2.0       -0.17567432         -0.25232136         
3.0       -0.11392847         0.02627837          
4.0       -0.16146213         0.645144  
5.0       -0.16146213         0.6373236 
6.0       -0.16146213         0.16006294          
7.0       -0.16008992         0.15839632          
8.0       -0.06740857         0.06933909          
9.0       -0.022918038        1.4477323 
10.0      -0.015594572        0.5322808 
11.0      -0.003898643        0.016179066         
12.0      -0.003898643        0.016179066         
13.0      -0.007797285        -0.031378314        
14.0      -0.0048290836       0.007909899         
15.0      -0.0048290836       0.007909899         
16.0      -0.047307845        -0.021516062        
17.0      -0.047307845        -0.020939333        
18.0      -0.048981313        -0.019454543        
19.0      -0.048981313        -0.01656619         
20.0      -0.025520682        -0.1290605          
21.0      -0.024915643        -0.09222622         
22.0      -0.024915643        -0.09222622         
23.0      -0.024915643        -0.1003896          
24.0      -0.0010300427       -0.0053814566       
25.0      -0.0010300427       -0.0047529815       
26.0      -3.84976e-4         0.0057716984        
27.0      -3.84976e-4         0.0057716984        
28.0      -0.051109068        0.042548675         
29.0      -0.11821143         0.086261414         
30.0      -0.105797544        0.110577114         
31.0      -0.023563245        0.02190824          
32.0      -0.06834002         0.0047785044        
33.0      -0.061576813        0.012208521         
34.0      -0.0027462014       -0.0053795967       
35.0      0.0       0.015177478         
36.0      0.0       0.015177478         
37.0      0.0       0.015177478         
38.0      -0.006218983        -0.051776677        
39.0      -0.0011718748       0.08280125          
40.0      -0.0011718748       0.08280125          
41.0      -0.0078122616       -0.0208364          
42.0      -64.0     44.51     
43.0      0.0       -172.51   
44.0      0.0       -172.51   
45.0      -0.00390625         0.002163177         
46.0      0.0       -172.51   
47.0      -0.0078125          -0.04987278         
48.0      -0.0078125          -0.04621653         
49.0      #<Printer Error, obj=#x20000985: Mincol must be a non-negative integer - NIL>#<Printer Error, obj=#x20000985: Mincol must be a non-negative integer - NIL>
50.0      #<Printer Error, obj=#x20000985: Mincol must be a non-negative integer - NIL>#<Printer Error, obj=#x20000985: Mincol must be a non-negative integer - NIL>
51.0      #<Printer Error, obj=#x20000985: Mincol must be a non-negative integer - NIL>#<Printer Error, obj=#x20000985: Mincol must be a non-negative integer - NIL>
52.0      #<Printer Error, obj=#x20000985: Mincol must be a non-negative integer - NIL>#<Printer Error, obj=#x20000985: Mincol must be a non-negative integer - NIL>
53.0      -0.0078125          -0.02625389         
54.0      -0.0032552083       -0.024123434        
55.0      -0.018530678        0.027993076         
56.0      -0.018530678        0.02301766          
57.0      -0.01966555         0.03452416          
58.0      -0.01966555         0.03452416          
59.0      -0.013809116        -0.030723598        
60.0      -0.013809116        -0.032188203        
61.0      -0.013809116        -0.03108335         
62.0      -0.013809116        -0.031123783        
63.0      -0.013809116        -0.030725777        
64.0      -0.013809116        -0.030725777        
65.0      -0.020439276        0.03800129          
66.0      -0.020439276        0.03800129          
67.0      -0.004912313        -0.061750818        
68.0      -0.023105621        0.34153005          
69.0      -0.023105621        0.34153005          
70.0      -0.023105621        0.34153005          
71.0      -0.023105621        0.33777368          
72.0      -0.023105621        0.33777368          
73.0      -0.11673313         0.18341327          
74.0      -0.10856571         0.107950404         
75.0      -0.0993592          0.022886947         
75.0      -0.0993592          0.022886947         
75.0      -0.0993592          0.022886947         
75.0      -0.0993592          0.022886947         
