
((((BOUND) ((0 0 0)) POWER (ROTAT) ((-1 0 0 1) (0 1 0 5) (0 0 -1 0) (0 0 0 1))
   BOLT SINK ((2 1) GROUND))
  ((BOUND) ((NIL (GOAL-MET BOUND) (GOAL-MET BOUND))) POWER (ROTAT)
   ((-1 0 0 1) (0 1 0 5) (0 0 -1 0) (0 0 0 1)) SHAFT SOURCE
   ((4 1) (2 0) (1 0)))
  ((BOUND) ((NIL BOUND (GOAL-MET BOUND))) POWER (ROTAT)
   ((-1 0 0 1) (0 1 0 5) (0 0 -1 0) (0 0 0 1)) NIL SOURCE ((4 0) (3 0)))
  ((BOUND) ((0 0 0)) POWER (TRANS) ((-1 0 0 1) (0 1 0 5) (0 0 -1 0) (0 0 0 1))
   BOLT SINK ((6 1) GROUND))
  ((BOUND) ((NIL BOUND BOUND)) POWER (TRANS)
   ((-1 0 0 1) (0 1 0 5) (0 0 -1 0) (0 0 0 1)) GEAR-TEETH SOURCE ((7 1)))
  ((BOUND) ((NIL BOUND (GOAL-MET BOUND))) POWER (TRANS)
   ((-1 0 0 1) (0 1 0 5) (0 0 -1 0) (0 0 0 1)) BOLT SOURCE
   ((9 0) (7 0) (6 0) (5 0)))
  ((BOUND) ((NIL BOUND (GOAL-MET BOUND))) POWER (TRANS)
   ((-1 0 0 1) (0 1 0 5) (0 0 -1 0) (0 0 0 1)) GEAR-TEETH SOURCE
   ((9 1) (8 0)))
  ((BOUND) ((NIL (GOAL-MET BOUND) (GOAL-MET BOUND))) POWER (ROTAT)
   ((-1 0 0 1) (0 1 0 5) (0 0 -1 0) (0 0 0 1)) SHAFT SOURCE
   ((8 1) (3 1) (1 1) (0 1)))
  ((BOUND) ((NIL (GOAL-MET BOUND) (GOAL-MET (0 5)))) POWER (ROTAT)
   ((-1 0 0 1) (0 1 0 5) (0 0 -1 0) (0 0 0 1)) NIL SINK ((0 0) GOAL))
  (((0 297)) ((NIL BOUND (GOAL-MET (0 0)))) POWER (TRANS)
   ((0 1 0 0) (-1 0 0 0) (0 0 1 0) (0 0 0 1)) NIL SOURCE ((5 1) GOAL)))
 (((0 0) (+ 0 (/ (0 297) 1874)))
  ((0 5) (/ (+ 0 (/ (0 297) 1874)) (/ 0.0667 2))))
 (DIAL SHAFT BEARING-ROTAT DIAL DIAL FOOTPAD SPRING RACK GEAR RACK)
 ((AGENT-TRANS-SINK-SERIES-DANGLE (0.1 0.1 0.6 0.1 -0.1) TRANS SINK SERIES
   DANGLE)
  (AGENT-ELECT-SINK-SERIES-CONNECT (0.1 0.6 0.1 0.1 -0.1) ELECT SINK SERIES
   CONNECT)
  (AGENT-ROTAT-SOURCE-SERIES-GROUND (0.2 0.2 0.2 0.2 -0.2) ROTAT SOURCE SERIES
   GROUND)
  (AGENT-ROTAT-SINK-SERIES-CONNECT (0.6 0.1 0.1 0.1 -0.1) ROTAT SINK SERIES
   CONNECT)
  (AGENT-HYDRA-SOURCE-SERIES-GROUND (0.2 0.2 0.2 0.2 -0.2) HYDRA SOURCE SERIES
   GROUND)
  (AGENT-ROTAT-SOURCE-SERIES-CONNECT (0.2 0.2 0.2 0.2 -0.2) ROTAT SOURCE
   SERIES CONNECT)
  (AGENT-HYDRA-SOURCE-PARALLEL-CONNECT (0.6 0.1 0.1 0.1 -0.1) HYDRA SOURCE
   PARALLEL CONNECT)
  (AGENT-ELECT-SOURCE-SERIES-CONNECT (0.6 0.1 0.1 0.1 -0.1) ELECT SOURCE
   SERIES CONNECT)
  (AGENT-TRANS-SINK-PARALLEL-DANGLE (0.6 0.1 0.1 0.1 -0.1) TRANS SINK PARALLEL
   DANGLE)
  (AGENT-TRANS-SINK-PARALLEL-CONNECT (0.1 0.6 0.1 0.1 -0.1) TRANS SINK
   PARALLEL CONNECT))
 ((IMAG-DIAL-1 (0) (1.5 0.01 0.99))
  (SHAFT-AAS-A8-30 (0.1364 0.00635) (2.5 0.01393 0.99 5.0e-6 1.27e-4))
  (BEARING-ABS-A2-23 (2.0e-4 0.00635 0.015875) (7.21 0.03 0.99))
  (IMAG-DIAL-1 (0) (1.5 0.01 0.99)) (IMAG-DIAL-1 (0) (1.5 0.01 0.99))
  (IMAG-FOOTPAD-1 (0) (1.5 0.1 0.99))
  (SPRING-ERS-A1-26 (1874 0.00476 0.0381 7.37e-4) (0.93 0.012 0.98))
  (RACK-KHS-F2-142 (64 0.1778) (26.75 0.032 0.99))
  (GEAR-LAS-F7-168 (0.0667 0.00635 168 64) (15.69 0.035 0.98))
  (RACK-KHS-F2-142 (64 0.1778) (26.75 0.032 0.99)))
 (AGENT-LIGHT-UPPER-MG-MOST-USED-DATUM
   AGENT-EFFICIENT-UPPER-MG-MOST-USED-DATUM
   AGENT-LIGHT-UPPER-MG-MOST-USED-DATUM AGENT-LIGHT-LOWER-MG-LEAST-USED-DATUM
   AGENT-CHEAP-MIDDLE-MG-LEAST-USED-DATUM
   AGENT-EFFICIENT-UPPER-MG-LEAST-USED-DATUM
   AGENT-LIGHT-UPPER-MG-LEAST-USED-DATUM
   AGENT-EFFICIENT-UPPER-MG-LEAST-USED-DATUM
   AGENT-LIGHT-UPPER-MG-MOST-USED-DATUM AGENT-CHEAP-UPPER-MG-LEAST-USED-DATUM)
 NIL (85.83 0.28493 0.02203612 25315983/2809500800)) 
((((BOUND) ((0 0 0)) POWER (TRANS) ((0 1 0 0) (-1 0 0 0) (0 0 1 0) (0 0 0 1))
   BOLT SINK ((1 0) GROUND))
  ((BOUND) ((NIL (GOAL-MET BOUND) (GOAL-MET BOUND))) POWER (ROTAT)
   ((0 1 0 0) (-1 0 0 0) (0 0 1 0) (0 0 0 1)) SHAFT SOURCE ((3 1)))
  ((BOUND) ((0 0 0)) POWER (ROTAT) ((0 1 0 0) (-1 0 0 0) (0 0 1 0) (0 0 0 1))
   BOLT SINK ((4 1) GROUND))
  ((BOUND) ((0 0 0)) POWER (ROTAT) ((0 1 0 0) (-1 0 0 0) (0 0 1 0) (0 0 0 1))
   BOLT SINK ((5 1) GROUND))
  ((BOUND) ((NIL BOUND NIL)) POWER (ROTAT)
   ((0 1 0 0) (-1 0 0 0) (0 0 1 0) (0 0 0 1)) BOLT SOURCE ((7 1)))
  ((BOUND) ((NIL BOUND NIL)) POWER (ELECT)
   ((0 1 0 0) (-1 0 0 0) (0 0 1 0) (0 0 0 1)) WIRE SINK ((10 0)))
  ((BOUND) ((NIL BOUND NIL)) POWER (ELECT)
   ((0 1 0 0) (-1 0 0 0) (0 0 1 0) (0 0 0 1)) WIRE SINK ((10 1)))
  ((BOUND) ((NIL BOUND (GOAL-MET BOUND))) POWER (ROTAT)
   ((0 1 0 0) (-1 0 0 0) (0 0 1 0) (0 0 0 1)) SHAFT SINK ((10 2) (9 1)))
  ((BOUND) ((NIL BOUND (GOAL-MET BOUND))) POWER (ROTAT)
   ((0 1 0 0) (-1 0 0 0) (0 0 1 0) (0 0 0 1)) NIL SOURCE ((9 0) (8 0)))
  ((BOUND) ((NIL (GOAL-MET BOUND) (GOAL-MET BOUND))) POWER (ROTAT)
   ((0 1 0 0) (-1 0 0 0) (0 0 1 0) (0 0 0 1)) SHAFT SOURCE
   ((8 1) (7 0) (6 1) (5 0) (4 0) (3 0) (2 1)))
  ((BOUND) ((NIL BOUND (GOAL-MET BOUND))) POWER (TRANS)
   ((0 1 0 0) (-1 0 0 0) (0 0 1 0) (0 0 0 1)) NIL SOURCE ((11 0) (6 0)))
  ((BOUND) ((NIL BOUND (GOAL-MET BOUND))) POWER (TRANS)
   ((0 1 0 0) (-1 0 0 0) (0 0 1 0) (0 0 0 1)) BOLT SOURCE
   ((11 1) (1 1) (0 0)))
  (((0 297)) ((NIL BOUND (GOAL-MET (0 0)))) POWER (TRANS)
   ((0 1 0 0) (-1 0 0 0) (0 0 1 0) (0 0 0 1)) NIL SOURCE ((0 1) GOAL))
  ((BOUND) ((NIL (GOAL-MET BOUND) (GOAL-MET (0 5)))) POWER (ROTAT)
   ((-1 0 0 1) (0 1 0 5) (0 0 -1 0) (0 0 0 1)) NIL SINK ((2 0) GOAL)))
 (((0 5) (/ (+ 0 (/ (0 297) 753.1)) (/ 0.0127 2)))
  ((0 0) (+ 0 (/ (0 297) 753.1))))
 (FOOTPAD SPRING DIAL SHAFT BEARING-ROTAT BEARING-ROTAT PULLEY BEARING-ROTAT
  DIAL DIAL POTENTIOMETER BELT)
 ((AGENT-ELECT-SOURCE-SERIES-CONNECT (0.6 0.1 0.1 0.1 -0.1) ELECT SOURCE
   SERIES CONNECT)
  (AGENT-ELECT-SINK-PARALLEL-CONNECT (0.1 0.1 0.6 0.1 -0.1) ELECT SINK
   PARALLEL CONNECT)
  (AGENT-ELECT-SOURCE-SERIES-CONNECT (0.1 0.1 0.6 0.1 -0.1) ELECT SOURCE
   SERIES CONNECT)
  (AGENT-TRANS-SOURCE-PARALLEL-CONNECT (0.1 0.1 0.6 0.1 -0.1) TRANS SOURCE
   PARALLEL CONNECT)
  (AGENT-TRANS-SINK-PARALLEL-DANGLE (0.1 0.1 0.6 0.1 -0.1) TRANS SINK PARALLEL
   DANGLE)
  (AGENT-ELECT-SINK-PARALLEL-GROUND (0.1 0.1 0.6 0.1 -0.1) ELECT SINK PARALLEL
   GROUND)
  (AGENT-ROTAT-SOURCE-PARALLEL-DANGLE (0.6 0.1 0.1 0.1 -0.1) ROTAT SOURCE
   PARALLEL DANGLE)
  (AGENT-ELECT-SINK-PARALLEL-DANGLE (0.6 0.1 0.1 0.1 -0.1) ELECT SINK PARALLEL
   DANGLE)
  (AGENT-ELECT-SINK-PARALLEL-DANGLE (0.6 0.1 0.1 0.1 -0.1) ELECT SINK PARALLEL
   DANGLE)
  (AGENT-ELECT-SOURCE-SERIES-DANGLE (0.6 0.1 0.1 0.1 -0.1) ELECT SOURCE SERIES
   DANGLE)
  (AGENT-ROTAT-SOURCE-SERIES-DANGLE (0.6 0.1 0.1 0.1 -0.1) ROTAT SOURCE SERIES
   DANGLE)
  (AGENT-TRANS-SINK-PARALLEL-CONNECT (0.2 0.2 0.2 0.2 -0.2) TRANS SINK
   PARALLEL CONNECT))
 ((IMAG-FOOTPAD-1 (0) (1.5 0.1 0.99))
  (SPRING-ERS-A1-1 (753.1 0.00158 0.00635 2.03e-4) (0.89 0.002 0.98))
  (IMAG-DIAL-1 (0) (1.5 0.01 0.99))
  (SHAFT-AAS-A8-20 (0.0856 0.00635) (2.25 0.01393 0.99 5.0e-6 1.27e-4))
  (BEARING-ABS-A2-21 (3.0e-4 0.00635 0.0127) (6.47 0.02 0.99))
  (BEARING-ABS-A2-23 (2.0e-4 0.00635 0.015875) (7.21 0.03 0.99))
  (PULLEY-FBS-A1-11 (0.0127 0.00635 0.00318)
   (4.47 0.004 0.99 5.08e-5 1.27e-5))
  (BEARING-ABS-A2-19 (4.0e-4 0.00635 0.009525) (6.99 0.012 0.99))
  (IMAG-DIAL-1 (0) (1.5 0.01 0.99)) (IMAG-DIAL-1 (0) (1.5 0.01 0.99))
  (POT-522-161K (0.00635 179.05 0.002) (17.18 0.006 0.45))
  (BELT-FAM-A1-11 (0.798 0.00318) (4.22 0.011 0.97)))
 (AGENT-CHEAP-MIDDLE-MG-MOST-USED-DATUM AGENT-LIGHT-LOWER-MG-MOST-USED-DATUM
   AGENT-CHEAP-LOWER-MG-LEAST-USED-DATUM AGENT-LIGHT-UPPER-MG-MOST-USED-DATUM
   AGENT-LIGHT-LOWER-MG-LEAST-USED-DATUM
   AGENT-EFFICIENT-LOWER-MG-MOST-USED-DATUM
   AGENT-CHEAP-MIDDLE-MG-LEAST-USED-DATUM
   AGENT-EFFICIENT-UPPER-MG-MOST-USED-DATUM
   AGENT-EFFICIENT-MIDDLE-MG-LEAST-USED-DATUM
   AGENT-CHEAP-MIDDLE-MG-MOST-USED-DATUM AGENT-LIGHT-MIDDLE-MG-MOST-USED-DATUM
   AGENT-LIGHT-UPPER-MG-LEAST-USED-DATUM)
 NIL (55.68 0.22893 1169.8977 0.05579555)) 
((((BOUND) ((0 0 0)) POWER (ROTAT) ((-1 0 0 1) (0 1 0 5) (0 0 -1 0) (0 0 0 1))
   BOLT SINK ((2 1) GROUND))
  ((BOUND) ((NIL (GOAL-MET BOUND) (GOAL-MET BOUND))) POWER (ROTAT)
   ((-1 0 0 1) (0 1 0 5) (0 0 -1 0) (0 0 0 1)) SHAFT SOURCE
   ((4 1) (2 0) (1 0)))
  ((BOUND) ((NIL BOUND (GOAL-MET BOUND))) POWER (ROTAT)
   ((-1 0 0 1) (0 1 0 5) (0 0 -1 0) (0 0 0 1)) NIL SOURCE ((4 0) (3 0)))
  ((BOUND) ((0 0 0)) POWER (TRANS) ((-1 0 0 1) (0 1 0 5) (0 0 -1 0) (0 0 0 1))
   BOLT SINK ((6 1) GROUND))
  ((BOUND) ((NIL BOUND BOUND)) POWER (TRANS)
   ((-1 0 0 1) (0 1 0 5) (0 0 -1 0) (0 0 0 1)) GEAR-TEETH SOURCE ((7 1)))
  ((BOUND) ((NIL BOUND (GOAL-MET BOUND))) POWER (TRANS)
   ((-1 0 0 1) (0 1 0 5) (0 0 -1 0) (0 0 0 1)) BOLT SOURCE
   ((9 0) (7 0) (6 0) (5 0)))
  ((BOUND) ((NIL BOUND (GOAL-MET BOUND))) POWER (TRANS)
   ((-1 0 0 1) (0 1 0 5) (0 0 -1 0) (0 0 0 1)) GEAR-TEETH SOURCE
   ((9 1) (8 0)))
  ((BOUND) ((NIL (GOAL-MET BOUND) (GOAL-MET BOUND))) POWER (ROTAT)
   ((-1 0 0 1) (0 1 0 5) (0 0 -1 0) (0 0 0 1)) SHAFT SOURCE
   ((8 1) (3 1) (1 1) (0 1)))
  ((BOUND) ((NIL (GOAL-MET BOUND) (GOAL-MET (0 5)))) POWER (ROTAT)
   ((-1 0 0 1) (0 1 0 5) (0 0 -1 0) (0 0 0 1)) NIL SINK ((0 0) GOAL))
  (((0 297)) ((NIL BOUND (GOAL-MET (0 0)))) POWER (TRANS)
   ((0 1 0 0) (-1 0 0 0) (0 0 1 0) (0 0 0 1)) NIL SOURCE ((5 1) GOAL)))
 (((0 0) (+ 0 (/ (0 297) 2557)))
  ((0 5) (/ (+ 0 (/ (0 297) 2557)) (/ 0.0183 2))))
 (DIAL SHAFT BEARING-ROTAT DIAL DIAL FOOTPAD SPRING RACK GEAR RACK)
 ((AGENT-TRANS-SINK-SERIES-DANGLE (0.1 0.1 0.6 0.1 -0.1) TRANS SINK SERIES
   DANGLE)
  (AGENT-ELECT-SINK-SERIES-CONNECT (0.1 0.6 0.1 0.1 -0.1) ELECT SINK SERIES
   CONNECT)
  (AGENT-ROTAT-SOURCE-SERIES-GROUND (0.2 0.2 0.2 0.2 -0.2) ROTAT SOURCE SERIES
   GROUND)
  (AGENT-ROTAT-SINK-SERIES-CONNECT (0.6 0.1 0.1 0.1 -0.1) ROTAT SINK SERIES
   CONNECT)
  (AGENT-HYDRA-SOURCE-SERIES-GROUND (0.2 0.2 0.2 0.2 -0.2) HYDRA SOURCE SERIES
   GROUND)
  (AGENT-ROTAT-SOURCE-SERIES-CONNECT (0.2 0.2 0.2 0.2 -0.2) ROTAT SOURCE
   SERIES CONNECT)
  (AGENT-HYDRA-SOURCE-PARALLEL-CONNECT (0.6 0.1 0.1 0.1 -0.1) HYDRA SOURCE
   PARALLEL CONNECT)
  (AGENT-ELECT-SOURCE-SERIES-CONNECT (0.6 0.1 0.1 0.1 -0.1) ELECT SOURCE
   SERIES CONNECT)
  (AGENT-TRANS-SINK-PARALLEL-DANGLE (0.6 0.1 0.1 0.1 -0.1) TRANS SINK PARALLEL
   DANGLE)
  (AGENT-TRANS-SINK-PARALLEL-CONNECT (0.1 0.6 0.1 0.1 -0.1) TRANS SINK
   PARALLEL CONNECT))
 ((IMAG-DIAL-1 (0) (1.5 0.01 0.99))
  (SHAFT-AAS-A8-1 (0.0254 0.00635) (1.0 0.01393 0.99 5.0e-6 1.27e-4))
  (BEARING-ABS-A2-19 (4.0e-4 0.00635 0.009525) (6.99 0.012 0.99))
  (IMAG-DIAL-1 (0) (1.5 0.01 0.99)) (IMAG-DIAL-2 (0) (3.0 0.02 0.99))
  (IMAG-FOOTPAD-1 (0) (1.5 0.1 0.99))
  (SPRING-ERS-A1-7 (2557 0.00317 0.00635 4.06e-4) (0.78 0.003 0.98))
  (RACK-KHS-F2-142 (64 0.1778) (26.75 0.032 0.99))
  (GEAR-LAS-F7-46 (0.0183 0.00635 46 64) (6.66 0.014 0.98))
  (RACK-KHS-F2-142 (64 0.1778) (26.75 0.032 0.99)))
 (AGENT-LIGHT-MIDDLE-MG-MOST-USED-DATUM AGENT-LIGHT-LOWER-MG-MOST-USED-DATUM
   AGENT-CHEAP-MIDDLE-MG-MOST-USED-DATUM
   AGENT-EFFICIENT-LOWER-MG-LEAST-USED-DATUM
   AGENT-EFFICIENT-UPPER-MG-LEAST-USED-DATUM
   AGENT-LIGHT-UPPER-MG-MOST-USED-DATUM
   AGENT-EFFICIENT-UPPER-MG-MOST-USED-DATUM
   AGENT-CHEAP-UPPER-MG-MOST-USED-DATUM AGENT-CHEAP-MIDDLE-MG-LEAST-USED-DATUM
   AGENT-EFFICIENT-UPPER-MG-MOST-USED-DATUM)
 NIL (76.43 0.24693002 21.23814 25315983/5230599200)) 
((((BOUND) ((0 0 0)) POWER (TRANS) ((0 1 0 0) (-1 0 0 0) (0 0 1 0) (0 0 0 1))
   BOLT SINK ((1 0) GROUND))
  ((BOUND) ((NIL (GOAL-MET BOUND) (GOAL-MET BOUND))) POWER (ROTAT)
   ((0 1 0 0) (-1 0 0 0) (0 0 1 0) (0 0 0 1)) SHAFT SOURCE ((3 1)))
  ((BOUND) ((0 0 0)) POWER (ROTAT) ((0 1 0 0) (-1 0 0 0) (0 0 1 0) (0 0 0 1))
   BOLT SINK ((4 1) GROUND))
  ((BOUND) ((0 0 0)) POWER (ROTAT) ((0 1 0 0) (-1 0 0 0) (0 0 1 0) (0 0 0 1))
   BOLT SINK ((5 1) GROUND))
  ((BOUND) ((NIL BOUND NIL)) POWER (ROTAT)
   ((0 1 0 0) (-1 0 0 0) (0 0 1 0) (0 0 0 1)) BOLT SOURCE ((7 1)))
  ((BOUND) ((NIL BOUND NIL)) POWER (ELECT)
   ((0 1 0 0) (-1 0 0 0) (0 0 1 0) (0 0 0 1)) WIRE SINK ((10 0)))
  ((BOUND) ((NIL BOUND NIL)) POWER (ELECT)
   ((0 1 0 0) (-1 0 0 0) (0 0 1 0) (0 0 0 1)) WIRE SINK ((10 1)))
  ((BOUND) ((NIL BOUND (GOAL-MET BOUND))) POWER (ROTAT)
   ((0 1 0 0) (-1 0 0 0) (0 0 1 0) (0 0 0 1)) SHAFT SINK ((10 2) (9 1)))
  ((BOUND) ((NIL BOUND (GOAL-MET BOUND))) POWER (ROTAT)
   ((0 1 0 0) (-1 0 0 0) (0 0 1 0) (0 0 0 1)) NIL SOURCE ((9 0) (8 0)))
  ((BOUND) ((NIL (GOAL-MET BOUND) (GOAL-MET BOUND))) POWER (ROTAT)
   ((0 1 0 0) (-1 0 0 0) (0 0 1 0) (0 0 0 1)) SHAFT SOURCE
   ((8 1) (7 0) (6 1) (5 0) (4 0) (3 0) (2 1)))
  ((BOUND) ((NIL BOUND (GOAL-MET BOUND))) POWER (TRANS)
   ((0 1 0 0) (-1 0 0 0) (0 0 1 0) (0 0 0 1)) NIL SOURCE ((11 0) (6 0)))
  ((BOUND) ((NIL BOUND (GOAL-MET BOUND))) POWER (TRANS)
   ((0 1 0 0) (-1 0 0 0) (0 0 1 0) (0 0 0 1)) BOLT SOURCE
   ((11 1) (1 1) (0 0)))
  (((0 297)) ((NIL BOUND (GOAL-MET (0 0)))) POWER (TRANS)
   ((0 1 0 0) (-1 0 0 0) (0 0 1 0) (0 0 0 1)) NIL SOURCE ((0 1) GOAL))
  ((BOUND) ((NIL (GOAL-MET BOUND) (GOAL-MET (0 5)))) POWER (ROTAT)
   ((-1 0 0 1) (0 1 0 5) (0 0 -1 0) (0 0 0 1)) NIL SINK ((2 0) GOAL)))
 (((0 5) (/ (+ 0 (/ (0 297) 753.1)) (/ 0.0127 2)))
  ((0 0) (+ 0 (/ (0 297) 753.1))))
 (FOOTPAD SPRING DIAL SHAFT BEARING-ROTAT BEARING-ROTAT PULLEY BEARING-ROTAT
  DIAL DIAL POTENTIOMETER BELT)
 ((AGENT-ELECT-SOURCE-SERIES-CONNECT (0.6 0.1 0.1 0.1 -0.1) ELECT SOURCE
   SERIES CONNECT)
  (AGENT-ELECT-SINK-PARALLEL-CONNECT (0.1 0.1 0.6 0.1 -0.1) ELECT SINK
   PARALLEL CONNECT)
  (AGENT-ELECT-SOURCE-SERIES-CONNECT (0.1 0.1 0.6 0.1 -0.1) ELECT SOURCE
   SERIES CONNECT)
  (AGENT-TRANS-SOURCE-PARALLEL-CONNECT (0.1 0.1 0.6 0.1 -0.1) TRANS SOURCE
   PARALLEL CONNECT)
  (AGENT-TRANS-SINK-PARALLEL-DANGLE (0.1 0.1 0.6 0.1 -0.1) TRANS SINK PARALLEL
   DANGLE)
  (AGENT-ELECT-SINK-PARALLEL-GROUND (0.1 0.1 0.6 0.1 -0.1) ELECT SINK PARALLEL
   GROUND)
  (AGENT-ROTAT-SOURCE-PARALLEL-DANGLE (0.6 0.1 0.1 0.1 -0.1) ROTAT SOURCE
   PARALLEL DANGLE)
  (AGENT-ELECT-SINK-PARALLEL-DANGLE (0.6 0.1 0.1 0.1 -0.1) ELECT SINK PARALLEL
   DANGLE)
  (AGENT-ELECT-SINK-PARALLEL-DANGLE (0.6 0.1 0.1 0.1 -0.1) ELECT SINK PARALLEL
   DANGLE)
  (AGENT-ELECT-SOURCE-SERIES-DANGLE (0.6 0.1 0.1 0.1 -0.1) ELECT SOURCE SERIES
   DANGLE)
  (AGENT-ROTAT-SOURCE-SERIES-DANGLE (0.6 0.1 0.1 0.1 -0.1) ROTAT SOURCE SERIES
   DANGLE)
  (AGENT-TRANS-SINK-PARALLEL-CONNECT (0.2 0.2 0.2 0.2 -0.2) TRANS SINK
   PARALLEL CONNECT))
 ((IMAG-FOOTPAD-1 (0) (1.5 0.1 0.99))
  (SPRING-ERS-A1-3 (753.1 0.00238 0.00635 2.54e-4) (0.89 0.003 0.98))
  (IMAG-DIAL-2 (0) (3.0 0.02 0.99))
  (SHAFT-AAS-A8-10 (0.0538 0.00635) (1.98 0.01393 0.99 5.0e-6 1.27e-4))
  (BEARING-ABS-A2-23 (2.0e-4 0.00635 0.015875) (7.21 0.03 0.99))
  (BEARING-ABS-A2-19 (4.0e-4 0.00635 0.009525) (6.99 0.012 0.99))
  (PULLEY-FBS-A1-11 (0.0127 0.00635 0.00318)
   (4.47 0.004 0.99 5.08e-5 1.27e-5))
  (BEARING-ABS-A2-21 (3.0e-4 0.00635 0.0127) (6.47 0.02 0.99))
  (IMAG-DIAL-1 (0) (1.5 0.01 0.99)) (IMAG-DIAL-1 (0) (1.5 0.01 0.99))
  (POT-522-1610K (0.00635 1790.5 0.002) (17.18 0.006 0.45))
  (BELT-FAM-A1-3 (0.479 0.00318) (2.35 0.007 0.97)))
 (AGENT-CHEAP-UPPER-MG-MOST-USED-DATUM AGENT-CHEAP-LOWER-MG-MOST-USED-DATUM
   AGENT-EFFICIENT-LOWER-MG-LEAST-USED-DATUM
   AGENT-CHEAP-MIDDLE-MG-MOST-USED-DATUM
   AGENT-EFFICIENT-MIDDLE-MG-LEAST-USED-DATUM
   AGENT-EFFICIENT-LOWER-MG-LEAST-USED-DATUM
   AGENT-LIGHT-MIDDLE-MG-LEAST-USED-DATUM
   AGENT-CHEAP-MIDDLE-MG-MOST-USED-DATUM AGENT-CHEAP-LOWER-MG-MOST-USED-DATUM
   AGENT-CHEAP-MIDDLE-MG-MOST-USED-DATUM
   AGENT-EFFICIENT-UPPER-MG-MOST-USED-DATUM
   AGENT-EFFICIENT-LOWER-MG-MOST-USED-DATUM)
 NIL (55.039997 0.23592998 1169.8977 0.05579555)) 
((((BOUND) ((0 0 0)) POWER (ROTAT) ((-1 0 0 1) (0 1 0 5) (0 0 -1 0) (0 0 0 1))
   BOLT SINK ((2 1) GROUND))
  ((BOUND) ((NIL (GOAL-MET BOUND) (GOAL-MET BOUND))) POWER (ROTAT)
   ((-1 0 0 1) (0 1 0 5) (0 0 -1 0) (0 0 0 1)) SHAFT SOURCE
   ((4 1) (2 0) (1 0)))
  ((BOUND) ((NIL BOUND (GOAL-MET BOUND))) POWER (ROTAT)
   ((-1 0 0 1) (0 1 0 5) (0 0 -1 0) (0 0 0 1)) NIL SOURCE ((4 0) (3 0)))
  ((BOUND) ((0 0 0)) POWER (TRANS) ((-1 0 0 1) (0 1 0 5) (0 0 -1 0) (0 0 0 1))
   BOLT SINK ((6 1) GROUND))
  ((BOUND) ((NIL BOUND BOUND)) POWER (TRANS)
   ((-1 0 0 1) (0 1 0 5) (0 0 -1 0) (0 0 0 1)) GEAR-TEETH SOURCE ((7 1)))
  ((BOUND) ((NIL BOUND (GOAL-MET BOUND))) POWER (TRANS)
   ((-1 0 0 1) (0 1 0 5) (0 0 -1 0) (0 0 0 1)) BOLT SOURCE
   ((9 0) (7 0) (6 0) (5 0)))
  ((BOUND) ((NIL BOUND (GOAL-MET BOUND))) POWER (TRANS)
   ((-1 0 0 1) (0 1 0 5) (0 0 -1 0) (0 0 0 1)) GEAR-TEETH SOURCE
   ((9 1) (8 0)))
  ((BOUND) ((NIL (GOAL-MET BOUND) (GOAL-MET BOUND))) POWER (ROTAT)
   ((-1 0 0 1) (0 1 0 5) (0 0 -1 0) (0 0 0 1)) SHAFT SOURCE
   ((8 1) (3 1) (1 1) (0 1)))
  ((BOUND) ((NIL (GOAL-MET BOUND) (GOAL-MET (0 5)))) POWER (ROTAT)
   ((-1 0 0 1) (0 1 0 5) (0 0 -1 0) (0 0 0 1)) NIL SINK ((0 0) GOAL))
  (((0 297)) ((NIL BOUND (GOAL-MET (0 0)))) POWER (TRANS)
   ((0 1 0 0) (-1 0 0 0) (0 0 1 0) (0 0 0 1)) NIL SOURCE ((5 1) GOAL)))
 (((0 0) (+ 0 (/ (0 297) 1874)))
  ((0 5) (/ (+ 0 (/ (0 297) 1874)) (/ 0.0413 2))))
 (DIAL SHAFT BEARING-ROTAT DIAL DIAL FOOTPAD SPRING RACK GEAR RACK)
 ((AGENT-TRANS-SINK-SERIES-DANGLE (0.1 0.1 0.6 0.1 -0.1) TRANS SINK SERIES
   DANGLE)
  (AGENT-ELECT-SINK-SERIES-CONNECT (0.1 0.6 0.1 0.1 -0.1) ELECT SINK SERIES
   CONNECT)
  (AGENT-ROTAT-SOURCE-SERIES-GROUND (0.2 0.2 0.2 0.2 -0.2) ROTAT SOURCE SERIES
   GROUND)
  (AGENT-ROTAT-SINK-SERIES-CONNECT (0.6 0.1 0.1 0.1 -0.1) ROTAT SINK SERIES
   CONNECT)
  (AGENT-HYDRA-SOURCE-SERIES-GROUND (0.2 0.2 0.2 0.2 -0.2) HYDRA SOURCE SERIES
   GROUND)
  (AGENT-ROTAT-SOURCE-SERIES-CONNECT (0.2 0.2 0.2 0.2 -0.2) ROTAT SOURCE
   SERIES CONNECT)
  (AGENT-HYDRA-SOURCE-PARALLEL-CONNECT (0.6 0.1 0.1 0.1 -0.1) HYDRA SOURCE
   PARALLEL CONNECT)
  (AGENT-ELECT-SOURCE-SERIES-CONNECT (0.6 0.1 0.1 0.1 -0.1) ELECT SOURCE
   SERIES CONNECT)
  (AGENT-TRANS-SINK-PARALLEL-DANGLE (0.6 0.1 0.1 0.1 -0.1) TRANS SINK PARALLEL
   DANGLE)
  (AGENT-TRANS-SINK-PARALLEL-CONNECT (0.1 0.6 0.1 0.1 -0.1) TRANS SINK
   PARALLEL CONNECT))
 ((IMAG-DIAL-1 (0) (1.5 0.01 0.99))
  (SHAFT-AAS-A8-10 (0.0538 0.00635) (1.98 0.01393 0.99 5.0e-6 1.27e-4))
  (BEARING-ABS-A2-21 (3.0e-4 0.00635 0.0127) (6.47 0.02 0.99))
  (IMAG-DIAL-1 (0) (1.5 0.01 0.99)) (IMAG-DIAL-1 (0) (1.5 0.01 0.99))
  (IMAG-FOOTPAD-1 (0) (1.5 0.1 0.99))
  (SPRING-ERS-A1-26 (1874 0.00476 0.0381 7.37e-4) (0.93 0.012 0.98))
  (RACK-KHS-F2-142 (64 0.1778) (26.75 0.032 0.99))
  (GEAR-LAS-F7-104 (0.0413 0.00635 104 64) (10.26 0.025 0.98))
  (RACK-KHS-F2-142 (64 0.1778) (26.75 0.032 0.99)))
 (AGENT-CHEAP-MIDDLE-MG-MOST-USED-DATUM
   AGENT-EFFICIENT-LOWER-MG-MOST-USED-DATUM
   AGENT-EFFICIENT-MIDDLE-MG-MOST-USED-DATUM
   AGENT-LIGHT-LOWER-MG-MOST-USED-DATUM AGENT-LIGHT-UPPER-MG-LEAST-USED-DATUM
   AGENT-CHEAP-MIDDLE-MG-LEAST-USED-DATUM
   AGENT-CHEAP-UPPER-MG-LEAST-USED-DATUM AGENT-LIGHT-UPPER-MG-LEAST-USED-DATUM
   AGENT-CHEAP-MIDDLE-MG-MOST-USED-DATUM AGENT-CHEAP-LOWER-MG-MOST-USED-DATUM)
 NIL (79.14 0.26493 2.566688 25315983/2809500800)) 
((((BOUND) ((0 0 0)) POWER (TRANS) ((0 1 0 0) (-1 0 0 0) (0 0 1 0) (0 0 0 1))
   BOLT SINK ((1 0) GROUND))
  ((BOUND) ((NIL (GOAL-MET BOUND) (GOAL-MET BOUND))) POWER (ROTAT)
   ((0 1 0 0) (-1 0 0 0) (0 0 1 0) (0 0 0 1)) SHAFT SOURCE ((3 1)))
  ((BOUND) ((0 0 0)) POWER (ROTAT) ((0 1 0 0) (-1 0 0 0) (0 0 1 0) (0 0 0 1))
   BOLT SINK ((4 1) GROUND))
  ((BOUND) ((0 0 0)) POWER (ROTAT) ((0 1 0 0) (-1 0 0 0) (0 0 1 0) (0 0 0 1))
   BOLT SINK ((5 1) GROUND))
  ((BOUND) ((NIL BOUND NIL)) POWER (ROTAT)
   ((0 1 0 0) (-1 0 0 0) (0 0 1 0) (0 0 0 1)) BOLT SOURCE ((7 1)))
  ((BOUND) ((NIL BOUND NIL)) POWER (ELECT)
   ((0 1 0 0) (-1 0 0 0) (0 0 1 0) (0 0 0 1)) WIRE SINK ((10 0)))
  ((BOUND) ((NIL BOUND NIL)) POWER (ELECT)
   ((0 1 0 0) (-1 0 0 0) (0 0 1 0) (0 0 0 1)) WIRE SINK ((10 1)))
  ((BOUND) ((NIL BOUND (GOAL-MET BOUND))) POWER (ROTAT)
   ((0 1 0 0) (-1 0 0 0) (0 0 1 0) (0 0 0 1)) SHAFT SINK ((10 2) (9 1)))
  ((BOUND) ((NIL BOUND (GOAL-MET BOUND))) POWER (ROTAT)
   ((0 1 0 0) (-1 0 0 0) (0 0 1 0) (0 0 0 1)) NIL SOURCE ((9 0) (8 0)))
  ((BOUND) ((NIL (GOAL-MET BOUND) (GOAL-MET BOUND))) POWER (ROTAT)
   ((0 1 0 0) (-1 0 0 0) (0 0 1 0) (0 0 0 1)) SHAFT SOURCE
   ((8 1) (7 0) (6 1) (5 0) (4 0) (3 0) (2 1)))
  ((BOUND) ((NIL BOUND (GOAL-MET BOUND))) POWER (TRANS)
   ((0 1 0 0) (-1 0 0 0) (0 0 1 0) (0 0 0 1)) NIL SOURCE ((11 0) (6 0)))
  ((BOUND) ((NIL BOUND (GOAL-MET BOUND))) POWER (TRANS)
   ((0 1 0 0) (-1 0 0 0) (0 0 1 0) (0 0 0 1)) BOLT SOURCE
   ((11 1) (1 1) (0 0)))
  (((0 297)) ((NIL BOUND (GOAL-MET (0 0)))) POWER (TRANS)
   ((0 1 0 0) (-1 0 0 0) (0 0 1 0) (0 0 0 1)) NIL SOURCE ((0 1) GOAL))
  ((BOUND) ((NIL (GOAL-MET BOUND) (GOAL-MET (0 5)))) POWER (ROTAT)
   ((-1 0 0 1) (0 1 0 5) (0 0 -1 0) (0 0 0 1)) NIL SINK ((2 0) GOAL)))
 (((0 5) (/ (+ 0 (/ (0 297) 753.1)) (/ 0.0127 2)))
  ((0 0) (+ 0 (/ (0 297) 753.1))))
 (FOOTPAD SPRING DIAL SHAFT BEARING-ROTAT BEARING-ROTAT PULLEY BEARING-ROTAT
  DIAL DIAL POTENTIOMETER BELT)
 ((AGENT-ELECT-SOURCE-SERIES-CONNECT (0.6 0.1 0.1 0.1 -0.1) ELECT SOURCE
   SERIES CONNECT)
  (AGENT-ELECT-SINK-PARALLEL-CONNECT (0.1 0.1 0.6 0.1 -0.1) ELECT SINK
   PARALLEL CONNECT)
  (AGENT-ELECT-SOURCE-SERIES-CONNECT (0.1 0.1 0.6 0.1 -0.1) ELECT SOURCE
   SERIES CONNECT)
  (AGENT-TRANS-SOURCE-PARALLEL-CONNECT (0.1 0.1 0.6 0.1 -0.1) TRANS SOURCE
   PARALLEL CONNECT)
  (AGENT-TRANS-SINK-PARALLEL-DANGLE (0.1 0.1 0.6 0.1 -0.1) TRANS SINK PARALLEL
   DANGLE)
  (AGENT-ELECT-SINK-PARALLEL-GROUND (0.1 0.1 0.6 0.1 -0.1) ELECT SINK PARALLEL
   GROUND)
  (AGENT-ROTAT-SOURCE-PARALLEL-DANGLE (0.6 0.1 0.1 0.1 -0.1) ROTAT SOURCE
   PARALLEL DANGLE)
  (AGENT-ELECT-SINK-PARALLEL-DANGLE (0.6 0.1 0.1 0.1 -0.1) ELECT SINK PARALLEL
   DANGLE)
  (AGENT-ELECT-SINK-PARALLEL-DANGLE (0.6 0.1 0.1 0.1 -0.1) ELECT SINK PARALLEL
   DANGLE)
  (AGENT-ELECT-SOURCE-SERIES-DANGLE (0.6 0.1 0.1 0.1 -0.1) ELECT SOURCE SERIES
   DANGLE)
  (AGENT-ROTAT-SOURCE-SERIES-DANGLE (0.6 0.1 0.1 0.1 -0.1) ROTAT SOURCE SERIES
   DANGLE)
  (AGENT-TRANS-SINK-PARALLEL-CONNECT (0.2 0.2 0.2 0.2 -0.2) TRANS SINK
   PARALLEL CONNECT))
 ((IMAG-FOOTPAD-1 (0) (1.5 0.1 0.99))
  (SPRING-ERS-A1-1 (753.1 0.00158 0.00635 2.03e-4) (0.89 0.002 0.98))
  (IMAG-DIAL-1 (0) (1.5 0.01 0.99))
  (SHAFT-AAS-A8-20 (0.0856 0.00635) (2.25 0.01393 0.99 5.0e-6 1.27e-4))
  (BEARING-ABS-A2-23 (2.0e-4 0.00635 0.015875) (7.21 0.03 0.99))
  (BEARING-ABS-A2-19 (4.0e-4 0.00635 0.009525) (6.99 0.012 0.99))
  (PULLEY-FBS-A1-11 (0.0127 0.00635 0.00318)
   (4.47 0.004 0.99 5.08e-5 1.27e-5))
  (BEARING-ABS-A2-23 (2.0e-4 0.00635 0.015875) (7.21 0.03 0.99))
  (IMAG-DIAL-1 (0) (1.5 0.01 0.99)) (IMAG-DIAL-2 (0) (3.0 0.02 0.99))
  (POT-522-165K (0.00635 895.25 0.002) (17.18 0.006 0.45))
  (BELT-FAM-A1-14 (0.957 0.00318) (7.17 0.013 0.97)))
 (AGENT-EFFICIENT-UPPER-MG-LEAST-USED-DATUM
   AGENT-CHEAP-MIDDLE-MG-MOST-USED-DATUM AGENT-LIGHT-MIDDLE-MG-MOST-USED-DATUM
   AGENT-LIGHT-MIDDLE-MG-MOST-USED-DATUM AGENT-LIGHT-LOWER-MG-LEAST-USED-DATUM
   AGENT-EFFICIENT-MIDDLE-MG-MOST-USED-DATUM
   AGENT-LIGHT-LOWER-MG-MOST-USED-DATUM AGENT-LIGHT-UPPER-MG-LEAST-USED-DATUM
   AGENT-CHEAP-LOWER-MG-LEAST-USED-DATUM
   AGENT-EFFICIENT-LOWER-MG-LEAST-USED-DATUM
   AGENT-EFFICIENT-UPPER-MG-LEAST-USED-DATUM
   AGENT-LIGHT-UPPER-MG-MOST-USED-DATUM)
 NIL (60.870003 0.25092998 1169.8977 0.05579555)) 
((((BOUND) ((0 0 0)) POWER (TRANS) ((0 1 0 0) (-1 0 0 0) (0 0 1 0) (0 0 0 1))
   BOLT SINK ((1 0) GROUND))
  ((BOUND) ((NIL (GOAL-MET BOUND) (GOAL-MET BOUND))) POWER (ROTAT)
   ((0 1 0 0) (-1 0 0 0) (0 0 1 0) (0 0 0 1)) SHAFT SOURCE ((3 1)))
  ((BOUND) ((0 0 0)) POWER (ROTAT) ((0 1 0 0) (-1 0 0 0) (0 0 1 0) (0 0 0 1))
   BOLT SINK ((4 1) GROUND))
  ((BOUND) ((0 0 0)) POWER (ROTAT) ((0 1 0 0) (-1 0 0 0) (0 0 1 0) (0 0 0 1))
   BOLT SINK ((5 1) GROUND))
  ((BOUND) ((NIL BOUND NIL)) POWER (ROTAT)
   ((0 1 0 0) (-1 0 0 0) (0 0 1 0) (0 0 0 1)) BOLT SOURCE ((7 1)))
  ((BOUND) ((NIL BOUND NIL)) POWER (ELECT)
   ((0 1 0 0) (-1 0 0 0) (0 0 1 0) (0 0 0 1)) WIRE SINK ((10 0)))
  ((BOUND) ((NIL BOUND NIL)) POWER (ELECT)
   ((0 1 0 0) (-1 0 0 0) (0 0 1 0) (0 0 0 1)) WIRE SINK ((10 1)))
  ((BOUND) ((NIL BOUND (GOAL-MET BOUND))) POWER (ROTAT)
   ((0 1 0 0) (-1 0 0 0) (0 0 1 0) (0 0 0 1)) SHAFT SINK ((10 2) (9 1)))
  ((BOUND) ((NIL BOUND (GOAL-MET BOUND))) POWER (ROTAT)
   ((0 1 0 0) (-1 0 0 0) (0 0 1 0) (0 0 0 1)) NIL SOURCE ((9 0) (8 0)))
  ((BOUND) ((NIL (GOAL-MET BOUND) (GOAL-MET BOUND))) POWER (ROTAT)
   ((0 1 0 0) (-1 0 0 0) (0 0 1 0) (0 0 0 1)) SHAFT SOURCE
   ((8 1) (7 0) (6 1) (5 0) (4 0) (3 0) (2 1)))
  ((BOUND) ((NIL BOUND (GOAL-MET BOUND))) POWER (TRANS)
   ((0 1 0 0) (-1 0 0 0) (0 0 1 0) (0 0 0 1)) NIL SOURCE ((11 0) (6 0)))
  ((BOUND) ((NIL BOUND (GOAL-MET BOUND))) POWER (TRANS)
   ((0 1 0 0) (-1 0 0 0) (0 0 1 0) (0 0 0 1)) BOLT SOURCE
   ((11 1) (1 1) (0 0)))
  (((0 297)) ((NIL BOUND (GOAL-MET (0 0)))) POWER (TRANS)
   ((0 1 0 0) (-1 0 0 0) (0 0 1 0) (0 0 0 1)) NIL SOURCE ((0 1) GOAL))
  ((BOUND) ((NIL (GOAL-MET BOUND) (GOAL-MET (0 5)))) POWER (ROTAT)
   ((-1 0 0 1) (0 1 0 5) (0 0 -1 0) (0 0 0 1)) NIL SINK ((2 0) GOAL)))
 (((0 5) (/ (+ 0 (/ (0 297) 350.26)) (/ 0.0635 2)))
  ((0 0) (+ 0 (/ (0 297) 350.26))))
 (FOOTPAD SPRING DIAL SHAFT BEARING-ROTAT BEARING-ROTAT PULLEY BEARING-ROTAT
  DIAL DIAL POTENTIOMETER BELT)
 ((AGENT-ELECT-SOURCE-SERIES-CONNECT (0.6 0.1 0.1 0.1 -0.1) ELECT SOURCE
   SERIES CONNECT)
  (AGENT-ELECT-SINK-PARALLEL-CONNECT (0.1 0.1 0.6 0.1 -0.1) ELECT SINK
   PARALLEL CONNECT)
  (AGENT-ELECT-SOURCE-SERIES-CONNECT (0.1 0.1 0.6 0.1 -0.1) ELECT SOURCE
   SERIES CONNECT)
  (AGENT-TRANS-SOURCE-PARALLEL-CONNECT (0.1 0.1 0.6 0.1 -0.1) TRANS SOURCE
   PARALLEL CONNECT)
  (AGENT-TRANS-SINK-PARALLEL-DANGLE (0.1 0.1 0.6 0.1 -0.1) TRANS SINK PARALLEL
   DANGLE)
  (AGENT-ELECT-SINK-PARALLEL-GROUND (0.1 0.1 0.6 0.1 -0.1) ELECT SINK PARALLEL
   GROUND)
  (AGENT-ROTAT-SOURCE-PARALLEL-DANGLE (0.6 0.1 0.1 0.1 -0.1) ROTAT SOURCE
   PARALLEL DANGLE)
  (AGENT-ELECT-SINK-PARALLEL-DANGLE (0.6 0.1 0.1 0.1 -0.1) ELECT SINK PARALLEL
   DANGLE)
  (AGENT-ELECT-SINK-PARALLEL-DANGLE (0.6 0.1 0.1 0.1 -0.1) ELECT SINK PARALLEL
   DANGLE)
  (AGENT-ELECT-SOURCE-SERIES-DANGLE (0.6 0.1 0.1 0.1 -0.1) ELECT SOURCE SERIES
   DANGLE)
  (AGENT-ROTAT-SOURCE-SERIES-DANGLE (0.6 0.1 0.1 0.1 -0.1) ROTAT SOURCE SERIES
   DANGLE)
  (AGENT-TRANS-SINK-PARALLEL-CONNECT (0.2 0.2 0.2 0.2 -0.2) TRANS SINK
   PARALLEL CONNECT))
 ((IMAG-FOOTPAD-1 (0) (1.5 0.1 0.99))
  (SPRING-ERS-A1-2 (350.26 0.00158 0.0127 2.03e-4) (0.89 0.004 0.98))
  (IMAG-DIAL-1 (0) (1.5 0.01 0.99))
  (SHAFT-AAS-A8-1 (0.0254 0.00635) (1.0 0.01393 0.99 5.0e-6 1.27e-4))
  (BEARING-ABS-A2-23 (2.0e-4 0.00635 0.015875) (7.21 0.03 0.99))
  (BEARING-ABS-A2-19 (4.0e-4 0.00635 0.009525) (6.99 0.012 0.99))
  (PULLEY-FBS-A1-16 (0.0635 0.00635 0.00318) (12.28 0.1 0.99 5.08e-5 1.27e-5))
  (BEARING-ABS-A2-19 (4.0e-4 0.00635 0.009525) (6.99 0.012 0.99))
  (IMAG-DIAL-1 (0) (1.5 0.01 0.99)) (IMAG-DIAL-2 (0) (3.0 0.02 0.99))
  (POT-522-161K (0.00635 179.05 0.002) (17.18 0.006 0.45))
  (BELT-FAM-A1-15 (1.037 0.00318) (7.95 0.014 0.97)))
 (AGENT-LIGHT-LOWER-MG-LEAST-USED-DATUM AGENT-LIGHT-LOWER-MG-MOST-USED-DATUM
   AGENT-CHEAP-UPPER-MG-LEAST-USED-DATUM
   AGENT-EFFICIENT-UPPER-MG-LEAST-USED-DATUM
   AGENT-CHEAP-LOWER-MG-MOST-USED-DATUM AGENT-CHEAP-MIDDLE-MG-MOST-USED-DATUM
   AGENT-EFFICIENT-LOWER-MG-LEAST-USED-DATUM
   AGENT-LIGHT-UPPER-MG-MOST-USED-DATUM AGENT-LIGHT-LOWER-MG-MOST-USED-DATUM
   AGENT-LIGHT-MIDDLE-MG-MOST-USED-DATUM AGENT-LIGHT-MIDDLE-MG-MOST-USED-DATUM
   AGENT-CHEAP-UPPER-MG-LEAST-USED-DATUM)
 NIL (67.99 0.33193 169.03798 0.25794297)) 
((((BOUND) ((0 0 0)) POWER (ROTAT) ((-1 0 0 1) (0 1 0 5) (0 0 -1 0) (0 0 0 1))
   BOLT SINK ((2 1) GROUND))
  ((BOUND) ((NIL (GOAL-MET BOUND) (GOAL-MET BOUND))) POWER (ROTAT)
   ((-1 0 0 1) (0 1 0 5) (0 0 -1 0) (0 0 0 1)) SHAFT SOURCE
   ((4 1) (2 0) (1 0)))
  ((BOUND) ((NIL BOUND (GOAL-MET BOUND))) POWER (ROTAT)
   ((-1 0 0 1) (0 1 0 5) (0 0 -1 0) (0 0 0 1)) NIL SOURCE ((4 0) (3 0)))
  ((BOUND) ((0 0 0)) POWER (TRANS) ((-1 0 0 1) (0 1 0 5) (0 0 -1 0) (0 0 0 1))
   BOLT SINK ((6 1) GROUND))
  ((BOUND) ((NIL BOUND BOUND)) POWER (TRANS)
   ((-1 0 0 1) (0 1 0 5) (0 0 -1 0) (0 0 0 1)) GEAR-TEETH SOURCE ((7 1)))
  ((BOUND) ((NIL BOUND (GOAL-MET BOUND))) POWER (TRANS)
   ((-1 0 0 1) (0 1 0 5) (0 0 -1 0) (0 0 0 1)) BOLT SOURCE
   ((9 0) (7 0) (6 0) (5 0)))
  ((BOUND) ((NIL BOUND (GOAL-MET BOUND))) POWER (TRANS)
   ((-1 0 0 1) (0 1 0 5) (0 0 -1 0) (0 0 0 1)) GEAR-TEETH SOURCE
   ((9 1) (8 0)))
  ((BOUND) ((NIL (GOAL-MET BOUND) (GOAL-MET BOUND))) POWER (ROTAT)
   ((-1 0 0 1) (0 1 0 5) (0 0 -1 0) (0 0 0 1)) SHAFT SOURCE
   ((8 1) (3 1) (1 1) (0 1)))
  ((BOUND) ((NIL (GOAL-MET BOUND) (GOAL-MET (0 5)))) POWER (ROTAT)
   ((-1 0 0 1) (0 1 0 5) (0 0 -1 0) (0 0 0 1)) NIL SINK ((0 0) GOAL))
  (((0 297)) ((NIL BOUND (GOAL-MET (0 0)))) POWER (TRANS)
   ((0 1 0 0) (-1 0 0 0) (0 0 1 0) (0 0 0 1)) NIL SOURCE ((5 1) GOAL)))
 (((0 0) (+ 0 (/ (0 297) 350.26)))
  ((0 5) (/ (+ 0 (/ (0 297) 350.26)) (/ 0.0142 2))))
 (DIAL SHAFT BEARING-ROTAT DIAL DIAL FOOTPAD SPRING RACK GEAR RACK)
 ((AGENT-TRANS-SINK-SERIES-DANGLE (0.1 0.1 0.6 0.1 -0.1) TRANS SINK SERIES
   DANGLE)
  (AGENT-ELECT-SINK-SERIES-CONNECT (0.1 0.6 0.1 0.1 -0.1) ELECT SINK SERIES
   CONNECT)
  (AGENT-ROTAT-SOURCE-SERIES-GROUND (0.2 0.2 0.2 0.2 -0.2) ROTAT SOURCE SERIES
   GROUND)
  (AGENT-ROTAT-SINK-SERIES-CONNECT (0.6 0.1 0.1 0.1 -0.1) ROTAT SINK SERIES
   CONNECT)
  (AGENT-HYDRA-SOURCE-SERIES-GROUND (0.2 0.2 0.2 0.2 -0.2) HYDRA SOURCE SERIES
   GROUND)
  (AGENT-ROTAT-SOURCE-SERIES-CONNECT (0.2 0.2 0.2 0.2 -0.2) ROTAT SOURCE
   SERIES CONNECT)
  (AGENT-HYDRA-SOURCE-PARALLEL-CONNECT (0.6 0.1 0.1 0.1 -0.1) HYDRA SOURCE
   PARALLEL CONNECT)
  (AGENT-ELECT-SOURCE-SERIES-CONNECT (0.6 0.1 0.1 0.1 -0.1) ELECT SOURCE
   SERIES CONNECT)
  (AGENT-TRANS-SINK-PARALLEL-DANGLE (0.6 0.1 0.1 0.1 -0.1) TRANS SINK PARALLEL
   DANGLE)
  (AGENT-TRANS-SINK-PARALLEL-CONNECT (0.1 0.6 0.1 0.1 -0.1) TRANS SINK
   PARALLEL CONNECT))
 ((IMAG-DIAL-2 (0) (3.0 0.02 0.99))
  (SHAFT-AAS-A8-10 (0.0538 0.00635) (1.98 0.01393 0.99 5.0e-6 1.27e-4))
  (BEARING-ABS-A2-23 (2.0e-4 0.00635 0.015875) (7.21 0.03 0.99))
  (IMAG-DIAL-1 (0) (1.5 0.01 0.99)) (IMAG-DIAL-2 (0) (3.0 0.02 0.99))
  (IMAG-FOOTPAD-1 (0) (1.5 0.1 0.99))
  (SPRING-ERS-A1-2 (350.26 0.00158 0.0127 2.03e-4) (0.89 0.004 0.98))
  (RACK-KHS-F2-142 (64 0.1778) (26.75 0.032 0.99))
  (GEAR-LAS-F7-36 (0.0142 0.00635 36 64) (6.29 0.01 0.98))
  (RACK-KHS-F2-142 (64 0.1778) (26.75 0.032 0.99)))
 (AGENT-LIGHT-LOWER-MG-MOST-USED-DATUM AGENT-CHEAP-MIDDLE-MG-MOST-USED-DATUM
   AGENT-LIGHT-LOWER-MG-LEAST-USED-DATUM AGENT-LIGHT-UPPER-MG-MOST-USED-DATUM
   AGENT-EFFICIENT-UPPER-MG-MOST-USED-DATUM
   AGENT-EFFICIENT-UPPER-MG-LEAST-USED-DATUM
   AGENT-CHEAP-LOWER-MG-MOST-USED-DATUM AGENT-CHEAP-UPPER-MG-MOST-USED-DATUM
   AGENT-EFFICIENT-MIDDLE-MG-LEAST-USED-DATUM
   AGENT-LIGHT-LOWER-MG-LEAST-USED-DATUM)
 NIL (78.87 0.27193 4697.42 0.25794297)) 