1.0       11.212949 0.03280182          557.62177 0.08225685          
2.0       19.398903 0.026415452         1102.6708 0.075516224         
3.0       25.741776 0.836085  426.9025  0.04218205          
4.0       28.099636 0.17123993          495.27158 0.021952443         
5.0       27.44047  0.16374314          464.13364 0.023602702         
6.0       26.239683 0.051294588         271.83026 0.019593863         
7.0       25.95263  0.056779135         305.91013 0.020618774         
8.0       24.757235 0.048918758         279.7465  0.015565726         
9.0       24.94637  1.5352961 279.72656 0.015594765         
10.0      23.993568 1.5351377 4.322771  0.0022602219        
11.0      24.224197 0.051875275         4.330742  0.0022507869        
12.0      24.389513 0.046348587         4.296623  0.0022092338        
13.0      24.076586 0.04211113          4.234166  0.0025473598        
14.0      24.990932 0.045506038         43.590298 0.005797525         
15.0      24.16857  0.045671068         43.58179  0.0057975245        
16.0      23.435884 0.04700566          203.38065 0.010656879         
17.0      23.325523 0.04620609          203.37798 0.010635578         
18.0      23.24486  0.047449972         203.37799 0.010635578         
19.0      23.115005 0.047312688         203.2165  0.010614934         
20.0      18.179676 0.048313454         203.21652 0.010614934         
21.0      17.798689 0.051131964         43.582443 0.0057155043        
22.0      17.974653 0.04532644          43.579567 0.0057069357        
23.0      18.237604 0.043003455         43.559418 0.0057069357        
24.0      18.156233 0.049724966         43.522476 0.005625822         
25.0      19.630554 0.051457923         43.52149  0.0056377314        
26.0      19.781174 0.051675234         10.610731 0.0019524953        
27.0      20.57199  0.05166877          10.605136 0.002013458         
28.0      20.945898 0.04880889          10.888455 0.0019091245        
29.0      26.368885 0.050485335         10.908811 0.0019474963        
30.0      27.176208 0.050857898         10.926018 0.0023528552        
31.0      28.952143 0.059559695         10.913187 0.0028938446        
32.0      29.240625 0.061827708         10.905382 0.0031639964        
33.0      29.41791  0.06372971          10.941411 0.0031772896        
34.0      30.393764 0.06919635          643.283   0.02824983          
35.0      30.686457 0.07523094          14.938953 0.0030895974        
36.0      35.29408  0.07218621          14.962723 0.002920668         
37.0      39.22533  0.073669665         14.864781 0.0026978888        
38.0      38.889515 0.07204513          14.810607 0.0019166145        
39.0      39.434742 0.07173337          11.01163  0.00179175          
40.0      40.146046 0.06991168          10.851205 0.0018071831        
41.0      42.860397 0.07354736          10.846952 0.0014754701        
42.0      41.364815 0.07217518          10.810677 0.0012932154        
43.0      41.832474 0.07065178          10.862384 0.0012124138        
44.0      41.94354  0.071449734         10.824771 0.0013365011        
45.0      42.868633 0.07431263          10.8255005          0.0015633076        
46.0      42.911438 0.07385218          10.800085 0.0011902363        
47.0      42.665787 0.07487739          10.79344  0.0019166145        
48.0      42.10444  0.07564465          11.158046 0.0022123016        
49.0      43.196663 0.08154364          11.190283 0.0021642304        
50.0      44.544353 0.07964716          11.2238245          0.0022041707        
51.0      45.47506  0.08436306          11.15863  0.0024098398        
52.0      46.04782  0.084454276         11.2293415          0.0024816755        
53.0      46.234055 0.088692345         11.205891 0.0025823608        
54.0      46.64852  0.0900484 14.9763565          0.002884268         
55.0      46.364155 0.08967656          430.66367 0.04392617          
56.0      44.068268 0.084870756         430.8517  0.043918036         
57.0      43.226425 0.08102256          430.8152  0.043896943         
58.0      41.244595 0.08057407          430.7711  0.04392414          
59.0      41.23283  0.0783052 430.7859  0.04389725          
60.0      40.892017 0.077302486         430.77515 0.043915957         
61.0      40.516468 0.07729071          430.7813  0.043915957         
62.0      40.65489  0.07580075          430.7947  0.043913357         
63.0      40.61927  0.079208694         430.78702 0.043936346         
64.0      40.52664  0.07829167          430.77786 0.043917976         
65.0      41.57284  0.080727085         430.7642  0.043967787         
66.0      40.363438 0.074444935         430.97113 0.043988857         
67.0      39.905083 0.07658024          431.02222 0.043978043         
68.0      41.01555  0.06754261          1090.336  0.061116226         
69.0      41.042328 0.0703258 1090.3357 0.061144155         
70.0      40.34124  0.07483446          1090.3352 0.061141524         
71.0      41.254425 0.07794873          1090.2935 0.061141524         
72.0      41.090736 0.07942728          1090.2417 0.061176058         
73.0      41.236477 0.080423616         469.1037  0.04462667          
74.0      44.519695 0.0844843 469.1186  0.044632845         
75.0      44.479343 0.08423762          506.6989  0.04823685          
75.0      44.479343 0.08423762          506.6989  0.04823685          
75.0      44.479343 0.08423762          506.6989  0.04823685          
75.0      44.479343 0.08423762          506.6989  0.04823685          
