0.0       0.0       0.0       
1.0       4697.4033 1.0       
2.0       4243.8677 9.0       
3.0       1232.6407 25.0      
4.0       75.580475 25.0      
5.0       75.366325 25.0      
6.0       256.04602 25.0      
7.0       91.664406 25.0      
8.0       26.637636 25.0      
9.0       27.080496 25.0      
10.0      39.81593  25.0      
11.0      26.522411 25.0      
12.0      28.343191 25.0      
13.0      20.00072  25.0      
14.0      18.56359  25.0      
15.0      21.663382 25.0      
16.0      20.56827  25.0      
17.0      19.541973 25.0      
18.0      18.636082 25.0      
19.0      19.982092 25.0      
20.0      19.049305 25.0      
21.0      27.604628 25.0      
22.0      22.330673 25.0      
23.0      45.78154  25.0      
24.0      44.50218  25.0      
25.0      40.909298 25.0      
26.0      42.987064 25.0      
27.0      45.001377 25.0      
28.0      50.08588  25.0      
29.0      45.742474 25.0      
30.0      29.502237 25.0      
31.0      19.072012 25.0      
32.0      23.629896 25.0      
33.0      40.283607 25.0      
34.0      41.56826  25.0      
35.0      38.23759  25.0      
36.0      38.469814 25.0      
37.0      24.870663 25.0      
38.0      19.739769 25.0      
39.0      59.507862 25.0      
40.0      24.480362 25.0      
41.0      76.84943  25.0      
42.0      35.14097  25.0      
43.0      34.387035 25.0      
44.0      43.303497 25.0      
45.0      44.479828 25.0      
46.0      51.82543  25.0      
47.0      60.71307  25.0      
48.0      55.13544  25.0      
49.0      91.66924  25.0      
50.0      75.97839  25.0      
51.0      53.420773 25.0      
52.0      47.534462 25.0      
53.0      31.925201 25.0      
54.0      42.724472 25.0      
55.0      34.19937  25.0      
56.0      47.89807  25.0      
57.0      29.249924 25.0      
58.0      27.076765 25.0      
59.0      23.61196  25.0      
60.0      47.072147 25.0      
61.0      44.270985 25.0      
62.0      34.306988 25.0      
63.0      48.365185 25.0      
64.0      21.972885 25.0      
65.0      22.990294 25.0      
66.0      44.544647 25.0      
67.0      70.00172  25.0      
68.0      75.110306 25.0      
69.0      51.616978 25.0      
70.0      45.14889  25.0      
71.0      50.42881  25.0      
72.0      39.97517  25.0      
73.0      60.491913 25.0      
74.0      43.93867  25.0      
75.0      54.637447 25.0      
75.0      54.637447 25.0      
75.0      54.637447 25.0      
75.0      54.637447 25.0      
