3.0       29.13     0.21676333          6.396055  0.0016806149        
4.0       31.698572 0.22100143          4.1420293 0.00197857          
5.0       32.333572 0.21621571          90.757126 0.0059717414        
6.0       31.574236 0.21558386          3.3218794 0.0019894268        
7.0       32.958794 0.2190815 3.0028837 0.0021460494        
8.0       33.22455  0.2283109 182.35945 0.011106159         
9.0       34.02867  0.24249896          240.78337 0.019626774         
10.0      34.820305 0.23996471          240.12056 0.018823428         
11.0      32.08394  0.22511622          275.86847 0.020272456         
12.0      31.786669 0.22413136          76.73344  0.0075568957        
13.0      32.639698 0.23049712          56.426403 0.0061206575        
14.0      32.917572 0.2323629 55.969566 0.0060881223        
15.0      32.577873 0.23043653          17.67919  0.003473891         
16.0      32.06788  0.22760107          67.21956  0.006796965         
17.0      32.062424 0.22744955          63.17212  0.006435718         
18.0      31.83485  0.22676773          63.293835 0.0063510896        
19.0      31.17697  0.22499502          65.105385 0.006468518         
20.0      32.05364  0.23091926          65.22981  0.0063838894        
21.0      32.160305 0.23217894          65.10809  0.0064685196        
22.0      32.481823 0.23040853          65.138176 0.0062247007        
23.0      32.429092 0.2318738 53.99929  0.005994533         
24.0      32.62091  0.23385867          54.04656  0.0059945337        
25.0      32.67636  0.23497987          54.04656  0.0059945337        
26.0      33.517273 0.24051018          52.12745  0.0060791625        
27.0      33.576965 0.24066171          52.236732 0.005994533         
28.0      36.039993 0.2500968 52.11561  0.010968397         
29.0      35.98424  0.24775046          52.116096 0.015857628         
30.0      35.124542 0.2402114 344.30133 0.025805358         
31.0      35.874844 0.24239127          70.91515  0.013254145         
32.0      35.685455 0.2410449 70.91652  0.0131001845        
33.0      36.71091  0.24080706          4.408346  0.00799761          
34.0      37.514843 0.23870334          41.70849  0.009213268         
35.0      36.719097 0.23902346          59.60685  0.009245804         
36.0      35.14667  0.23538043          222.46613 0.009160911         
37.0      32.46697  0.21923952          335.01648 0.016736843         
38.0      31.618486 0.2180489 334.83026 0.024406627         
39.0      31.156664 0.21925397          335.75757 0.02449953          
40.0      28.872118 0.21629734          336.9057  0.024710814         
41.0      30.04576  0.21088406          372.32285 0.029328395         
42.0      29.378487 0.21294679          374.41718 0.028934611         
43.0      27.938183 0.21522988          355.07294 0.022842946         
44.0      28.951212 0.22176658          357.00754 0.014759555         
45.0      28.858181 0.21708475          449.86746 0.0159947 
46.0      29.280304 0.2224138 262.55182 0.018858923         
47.0      29.765457 0.22340289          272.02304 0.018741492         
48.0      29.726662 0.21188776          273.75247 0.026316032         
49.0      31.130903 0.22339006          271.61835 0.02436728          
50.0      28.876665 0.20848079          315.10794 0.0300585 
51.0      30.769999 0.21540308          311.45477 0.023455633         
52.0      28.141817 0.20826653          319.16943 0.02445593          
53.0      28.608185 0.21184444          411.5099  0.023247113         
54.0      29.447878 0.21667776          366.7445  0.030804258         
55.0      28.690908 0.20942247          443.76968 0.032090973         
56.0      28.760605 0.21354158          590.1672  0.027939832         
57.0      27.492125 0.20948486          620.70264 0.02801386          
58.0      28.544548 0.21306081          637.33325 0.02210974          
59.0      27.547878 0.20710608          613.5748  0.021569742         
60.0      28.247274 0.20684639          625.1213  0.02292239          
61.0      26.903032 0.20493941          623.0928  0.023476733         
62.0      27.745453 0.20693728          770.99475 0.022389123         
63.0      28.55273  0.20707576          766.4511  0.015595396         
64.0      27.185455 0.20010604          766.9323  0.024791544         
65.0      27.933027 0.21662122          648.0129  0.016614743         
66.0      27.828178 0.2089091 638.46533 0.0063572796        
67.0      28.06879  0.2104697 718.39624 0.0050179046        
68.0      28.98697  0.21453027          731.7061  0.0034976136        
69.0      28.640911 0.2136818 732.96344 0.014305946         
70.0      28.128183 0.20434844          732.567   0.011552498         
71.0      28.027273 0.2053636 732.92926 0.010073462         
72.0      27.906063 0.20345452          758.3773  0.008739146         
73.0      27.639696 0.2026212 758.3524  0.008701852         
74.0      27.082731 0.20287877          754.29205 0.008954182         
