3.0       0.6821055 0.035782523         7.47752   5.0613695e-4        
4.0       3.6537087 0.03233025          5.3745236 0.0012695018        
5.0       5.873868  0.035542082         299.72668 0.013870685         
6.0       8.69353   0.03576251          5.094976  9.149532e-4         
7.0       8.50427   0.037288696         4.598624  0.0014808443        
8.0       9.049541  0.042427465         1015.5139 0.043874815         
9.0       11.606618 0.062661074         1078.6898 0.060782377         
10.0      12.742723 0.06134559          1032.4022 0.058187015         
11.0      12.735161 0.060044188         1043.5032 0.058386743         
12.0      12.6360445          0.061222505         235.82047 0.013602608         
13.0      12.122173 0.059376374         213.77425 0.01293993          
14.0      12.021259 0.058278576         213.87424 0.012951495         
15.0      12.020011 0.05707397          68.84269  0.0041815075        
16.0      12.3238   0.058044203         220.85115 0.013113853         
17.0      12.411161 0.05811267          220.6476  0.013177235         
18.0      11.780319 0.05726904          220.61385 0.013203104         
19.0      11.779529 0.05878468          220.36151 0.013171873         
20.0      11.614413 0.06171628          220.326   0.013197964         
21.0      11.675249 0.065078355         220.36086 0.013171875         
22.0      11.933786 0.064947635         220.35243 0.013197002         
23.0      11.67178  0.065824956         213.24142 0.012938452         
24.0      11.73502  0.06711684          213.22968 0.012938452         
25.0      11.702561 0.0680226 213.22968 0.012938452         
26.0      11.811479 0.06641233          213.42198 0.012914383         
27.0      11.291911 0.06702162          213.39574 0.012938452         
28.0      12.848041 0.077620566         213.4253  0.03015009          
29.0      12.778374 0.07800085          213.42517 0.040043294         
30.0      13.988269 0.07570761          1188.9569 0.053301074         
31.0      15.017423 0.074201666         222.38164 0.030998973         
32.0      15.025026 0.07491964          222.38123 0.031027751         
33.0      15.0595255          0.07274781          11.261149 0.027906956         
34.0      15.491185 0.07875519          200.00546 0.029131964         
35.0      15.397271 0.07780009          225.87921 0.029123334         
36.0      14.35768  0.07995369          935.2961  0.029140133         
37.0      12.830625 0.066726714         1109.7006 0.05164092          
38.0      11.303561 0.05602953          1109.7562 0.06608111          
39.0      11.6605425          0.053871505         1109.4991 0.06605352          
40.0      6.8997345 0.04887887          1109.161  0.06599248          
41.0      7.4730206 0.048764467         1116.5089 0.070199266         
42.0      6.7063293 0.04929557          1115.8473 0.07033965          
43.0      6.424084  0.05600702          1116.3888 0.05781379          
44.0      6.7235246 0.06364435          1115.8049 0.040339805         
45.0      7.0386276 0.06865986          1157.6146 0.040293284         
46.0      6.618131  0.06597291          947.11237 0.041339226         
47.0      6.4965043 0.06329899          945.54913 0.04138435          
48.0      6.612641  0.059185483         945.0809  0.05509346          
49.0      7.810086  0.066365846         945.6306  0.05511714          
50.0      6.66329   0.05620427          956.7289  0.060122456         
51.0      9.424961  0.06165844          957.6682  0.05520733          
52.0      7.326781  0.056860544         956.1634  0.055070832         
53.0      7.9551716 0.059450243         989.0976  0.054494265         
54.0      7.9995513 0.061898336         977.8468  0.06506583          
55.0      8.143037  0.0627841 1025.6554 0.07278359          
56.0      7.4549193 0.0680378 1387.0667 0.065311596         
57.0      6.0721927 0.06129394          1381.738  0.06528954          
58.0      6.732501  0.061988793         1376.7051 0.060824044         
59.0      4.863784  0.052355252         1379.737  0.060973775         
60.0      4.865654  0.05267252          1376.1511 0.061231524         
61.0      5.289105  0.053685356         1377.034  0.061046753         
62.0      4.9768844 0.05371778          1466.5983 0.063542515         
63.0      5.6999106 0.056348365         1471.9786 0.047995124         
64.0      4.6892076 0.05242177          1471.7313 0.06312839          
65.0      5.3015585 0.06361199          1383.5302 0.04782705          
66.0      5.3159866 0.05831634          1386.4187 0.013382851         
67.0      4.5919065 0.05777516          1480.6051 0.012956806         
68.0      5.935117  0.06027047          1475.5945 0.009438153         
69.0      4.6421385 0.058099557         1474.993  0.05139228          
70.0      4.5270696 0.050229404         1475.1882 0.044646014         
71.0      4.811741  0.051889643         1475.0095 0.04395247          
72.0      4.780423  0.049190782         1469.3993 0.029328797         
73.0      4.384496  0.04825548          1469.412  0.028498635         
74.0      4.474317  0.050259043         1471.2449 0.029280514         
