3.0       3.0       
4.0       4.0       
5.0       7.0       
6.0       20.0      
7.0       9.0       
8.0       15.0      
9.0       31.0      
10.0      9.0       
11.0      13.0      
12.0      11.0      
13.0      12.0      
14.0      7.0       
15.0      11.0      
16.0      5.0       
17.0      11.0      
18.0      6.0       
19.0      4.0       
20.0      11.0      
21.0      10.0      
22.0      9.0       
23.0      10.0      
24.0      10.0      
25.0      8.0       
26.0      10.0      
27.0      10.0      
28.0      11.0      
29.0      11.0      
30.0      11.0      
31.0      14.0      
32.0      13.0      
33.0      17.0      
34.0      16.0      
35.0      9.0       
36.0      12.0      
37.0      14.0      
38.0      14.0      
39.0      19.0      
40.0      21.0      
41.0      14.0      
42.0      20.0      
43.0      20.0      
44.0      14.0      
45.0      21.0      
46.0      21.0      
47.0      9.0       
48.0      23.0      
49.0      26.0      
50.0      20.0      
51.0      24.0      
52.0      22.0      
53.0      27.0      
54.0      26.0      
55.0      26.0      
56.0      26.0      
57.0      25.0      
58.0      26.0      
59.0      30.0      
60.0      19.0      
61.0      27.0      
62.0      25.0      
63.0      33.0      
64.0      20.0      
65.0      35.0      
66.0      33.0      
67.0      29.0      
68.0      28.0      
69.0      19.0      
70.0      23.0      
71.0      23.0      
72.0      21.0      
73.0      22.0      
74.0      31.0      
