0.0       0.0       0.0       
1.0       0.0       0.0       
2.0       0.0       0.0       
3.0       1169.5077 7.0       
4.0       3720.1858 6.0       
5.0       1231.8846 6.0       
6.0       37.88219  25.0      
7.0       243.45226 25.0      
8.0       161.03543 25.0      
9.0       21.856178 25.0      
10.0      38.801826 25.0      
11.0      26.664625 25.0      
12.0      24.402697 25.0      
13.0      44.28013  25.0      
14.0      20.069153 25.0      
15.0      22.65441  25.0      
16.0      20.480427 25.0      
17.0      99.38821  25.0      
18.0      36.64954  25.0      
19.0      21.839224 25.0      
20.0      23.44627  25.0      
21.0      27.94138  25.0      
22.0      23.085587 25.0      
23.0      24.462343 25.0      
24.0      23.061863 25.0      
25.0      21.717505 25.0      
26.0      20.041857 25.0      
27.0      31.385256 25.0      
28.0      21.142632 25.0      
29.0      19.11647  25.0      
30.0      20.236717 25.0      
31.0      18.076832 25.0      
32.0      22.6684   25.0      
33.0      15.430194 25.0      
34.0      16.87526  25.0      
35.0      15.917812 25.0      
36.0      21.243004 25.0      
37.0      20.951937 25.0      
38.0      18.636694 25.0      
39.0      17.020786 25.0      
40.0      55.390793 25.0      
41.0      12.176802 25.0      
42.0      10.006089 25.0      
43.0      9.595499  25.0      
44.0      12.139667 25.0      
45.0      17.240232 25.0      
46.0      7.6456213 25.0      
47.0      6.348376  25.0      
48.0      17.121561 25.0      
49.0      44.93438  25.0      
50.0      11.241369 25.0      
51.0      9.680267  25.0      
52.0      18.519806 25.0      
53.0      161.12827 25.0      
54.0      63.840553 25.0      
55.0      13.630163 25.0      
56.0      17.21157  25.0      
57.0      45.621666 25.0      
58.0      40.536476 25.0      
59.0      40.189655 25.0      
60.0      6.327816  25.0      
61.0      15.295184 25.0      
62.0      18.148758 25.0      
63.0      55.739624 25.0      
64.0      27.53776  25.0      
65.0      22.219854 25.0      
66.0      56.337048 25.0      
67.0      13.769838 25.0      
68.0      43.198284 25.0      
69.0      9.495082  25.0      
70.0      7.1697617 25.0      
71.0      9.045431  25.0      
72.0      10.880397 25.0      
73.0      7.42433   25.0      
74.0      20.297985 25.0      
